<?xml version="1.0" encoding="utf-8"?><testsuites name="pytest tests"><testsuite name="pytest" errors="0" failures="0" skipped="0" tests="24" time="2.984" timestamp="2026-04-01T04:48:48.626830+00:00" hostname="agent-env-8aaa18cb-eab8-48f7-a800-0b7fca0b348d"><testcase classname="backend.tests.test_evolution_pep_system.TestEvolutionCollection" name="test_evolution_collection_returns_200" time="0.661" /><testcase classname="backend.tests.test_evolution_pep_system.TestEvolutionCollection" name="test_evolution_collection_has_stage_counts" time="0.087" /><testcase classname="backend.tests.test_evolution_pep_system.TestEvolutionCollection" name="test_evolution_collection_specimens_have_vc_and_stage" time="0.085" /><testcase classname="backend.tests.test_evolution_pep_system.TestEvolutionCollection" name="test_evolution_collection_has_spiritual_metadata" time="0.081" /><testcase classname="backend.tests.test_evolution_pep_system.TestEvolutionCollection" name="test_evolution_collection_includes_season" time="0.089" /><testcase classname="backend.tests.test_evolution_pep_system.TestEvolutionInteract" name="test_evolution_interact_requires_asset_id" time="0.077" /><testcase classname="backend.tests.test_evolution_pep_system.TestEvolutionInteract" name="test_evolution_interact_fails_for_unowned_asset" time="0.079" /><testcase classname="backend.tests.test_evolution_pep_system.TestEvolutionInteract" name="test_evolution_interact_polish_success" time="0.158" /><testcase classname="backend.tests.test_evolution_pep_system.TestEvolutionInteract" name="test_evolution_interact_rate_limited" time="0.188" /><testcase classname="backend.tests.test_evolution_pep_system.TestEvolutionPreserve" name="test_evolution_preserve_requires_asset_id" time="0.075" /><testcase classname="backend.tests.test_evolution_pep_system.TestEvolutionPreserve" name="test_evolution_preserve_requires_salt_in_inventory" time="0.155" /><testcase classname="backend.tests.test_evolution_pep_system.TestEvolutionSeason" name="test_evolution_season_returns_200" time="0.073" /><testcase classname="backend.tests.test_evolution_pep_system.TestEvolutionSeason" name="test_evolution_season_is_eruption" time="0.089" /><testcase classname="backend.tests.test_evolution_pep_system.TestEvolutionMetadata" name="test_evolution_metadata_returns_200" time="0.071" /><testcase classname="backend.tests.test_evolution_pep_system.TestEvolutionMetadata" name="test_evolution_metadata_unknown_specimen" time="0.136" /><testcase classname="backend.tests.test_evolution_pep_system.TestMarketplaceDustConversion" name="test_convert_dust_requires_minimum" time="0.069" /><testcase classname="backend.tests.test_evolution_pep_system.TestMarketplaceDustConversion" name="test_convert_dust_success" time="0.164" /><testcase classname="backend.tests.test_evolution_pep_system.TestMarketplaceDustConversion" name="test_convert_dust_insufficient_balance" time="0.078" /><testcase classname="backend.tests.test_evolution_pep_system.TestMarketplaceStoreConsumables" name="test_store_includes_preservation_salt" time="0.081" /><testcase classname="backend.tests.test_evolution_pep_system.TestMarketplaceStoreConsumables" name="test_store_includes_digital_luster_polish" time="0.068" /><testcase classname="backend.tests.test_evolution_pep_system.TestSubscriptionTiers" name="test_subscription_tiers_returns_200" time="0.077" /><testcase classname="backend.tests.test_evolution_pep_system.TestSubscriptionTiers" name="test_subscription_tiers_have_geological_names" time="0.084" /><testcase classname="backend.tests.test_evolution_pep_system.TestSubscriptionTiers" name="test_subscription_tiers_have_decay_paused_field" time="0.075" /><testcase classname="backend.tests.test_evolution_pep_system.TestNexusSubscriberDecayPaused" name="test_nexus_subscriber_has_decay_paused" time="0.079" /></testsuite></testsuites>