<?xml version="1.0" encoding="utf-8"?><testsuites name="pytest tests"><testsuite name="pytest" errors="0" failures="0" skipped="0" tests="15" time="6.359" timestamp="2026-04-03T04:01:30.577015+00:00" hostname="agent-env-8aaa18cb-eab8-48f7-a800-0b7fca0b348d"><testcase classname="backend.tests.test_iteration229_consciousness_panel.TestConsciousnessEndpoints" name="test_consciousness_status_returns_required_fields" time="0.532" /><testcase classname="backend.tests.test_iteration229_consciousness_panel.TestConsciousnessEndpoints" name="test_consciousness_status_has_level_info" time="0.383" /><testcase classname="backend.tests.test_iteration229_consciousness_panel.TestConsciousnessEndpoints" name="test_consciousness_status_has_progress_info" time="0.351" /><testcase classname="backend.tests.test_iteration229_consciousness_panel.TestConsciousnessEndpoints" name="test_consciousness_status_all_levels_structure" time="0.405" /><testcase classname="backend.tests.test_iteration229_consciousness_panel.TestConsciousnessEndpoints" name="test_consciousness_progress_valid_activity" time="0.375" /><testcase classname="backend.tests.test_iteration229_consciousness_panel.TestConsciousnessEndpoints" name="test_consciousness_progress_invalid_activity" time="0.377" /><testcase classname="backend.tests.test_iteration229_consciousness_panel.TestConsciousnessEndpoints" name="test_consciousness_display_mode_change" time="0.546" /><testcase classname="backend.tests.test_iteration229_consciousness_panel.TestConsciousnessEndpoints" name="test_consciousness_display_mode_invalid" time="0.397" /><testcase classname="backend.tests.test_iteration229_consciousness_panel.TestConsciousnessEndpoints" name="test_consciousness_gate_check_unlocked_feature" time="0.367" /><testcase classname="backend.tests.test_iteration229_consciousness_panel.TestConsciousnessEndpoints" name="test_consciousness_gate_check_locked_feature" time="0.606" /><testcase classname="backend.tests.test_iteration229_consciousness_panel.TestConsciousnessEndpoints" name="test_consciousness_gate_check_ungated_feature" time="0.356" /><testcase classname="backend.tests.test_iteration229_consciousness_panel.TestConsciousnessEndpoints" name="test_consciousness_levels_endpoint" time="0.369" /><testcase classname="backend.tests.test_iteration229_consciousness_panel.TestRegressionEndpoints" name="test_auth_me_endpoint" time="0.394" /><testcase classname="backend.tests.test_iteration229_consciousness_panel.TestRegressionEndpoints" name="test_dashboard_stats_endpoint" time="0.413" /><testcase classname="backend.tests.test_iteration229_consciousness_panel.TestRegressionEndpoints" name="test_mixer_auto_compose_goals" time="0.394" /></testsuite></testsuites>