<?xml version="1.0" encoding="utf-8"?><testsuites name="pytest tests"><testsuite name="pytest" errors="0" failures="0" skipped="0" tests="11" time="21.273" timestamp="2026-03-26T06:18:15.338874+00:00" hostname="agent-env-8aaa18cb-eab8-48f7-a800-0b7fca0b348d"><testcase classname="backend.tests.test_mythology_starchart.TestStarChartMythology" name="test_star_chart_returns_constellations" time="0.423" /><testcase classname="backend.tests.test_mythology_starchart.TestStarChartMythology" name="test_all_constellations_have_mythology" time="0.373" /><testcase classname="backend.tests.test_mythology_starchart.TestStarChartMythology" name="test_mythology_figure_names" time="0.438" /><testcase classname="backend.tests.test_mythology_starchart.TestStarChartMythology" name="test_mythology_story_length" time="0.411" /><testcase classname="backend.tests.test_mythology_starchart.TestStarChartMythology" name="test_mythology_origins_and_deities" time="0.407" /><testcase classname="backend.tests.test_mythology_starchart.TestStarChartMythology" name="test_constellation_stars_data" time="0.372" /><testcase classname="backend.tests.test_mythology_starchart.TestStarChartMythology" name="test_different_locations_return_data" time="0.636" /><testcase classname="backend.tests.test_mythology_starchart.TestPreviousFeatures" name="test_mudras_endpoint" time="0.451" /><testcase classname="backend.tests.test_mythology_starchart.TestPreviousFeatures" name="test_videos_endpoint" time="0.374" /><testcase classname="backend.tests.test_mythology_starchart.TestPreviousFeatures" name="test_exercises_endpoint" time="0.382" /><testcase classname="backend.tests.test_mythology_starchart.TestPreviousFeatures" name="test_meditation_generate_guided" time="16.935" /></testsuite></testsuites>