<?xml version="1.0" encoding="utf-8"?><testsuites name="pytest tests"><testsuite name="pytest" errors="0" failures="0" skipped="0" tests="15" time="1.908" timestamp="2026-03-25T19:30:18.340620+00:00" hostname="agent-env-8aaa18cb-eab8-48f7-a800-0b7fca0b348d"><testcase classname="backend.tests.test_yoga_avatar.TestYogaPublicEndpoints" name="test_get_yoga_styles_returns_7_styles" time="0.261" /><testcase classname="backend.tests.test_yoga_avatar.TestYogaPublicEndpoints" name="test_get_hatha_style_with_sequences" time="0.041" /><testcase classname="backend.tests.test_yoga_avatar.TestYogaPublicEndpoints" name="test_get_vinyasa_style_with_sequences" time="0.041" /><testcase classname="backend.tests.test_yoga_avatar.TestYogaPublicEndpoints" name="test_get_all_yoga_styles_have_sequences" time="0.381" /><testcase classname="backend.tests.test_yoga_avatar.TestYogaPublicEndpoints" name="test_get_nonexistent_yoga_style_returns_404" time="0.089" /><testcase classname="backend.tests.test_yoga_avatar.TestYogaAuthenticatedEndpoints" name="test_complete_yoga_session" time="0.323" /><testcase classname="backend.tests.test_yoga_avatar.TestYogaAuthenticatedEndpoints" name="test_get_yoga_history" time="0.048" /><testcase classname="backend.tests.test_yoga_avatar.TestYogaAuthenticatedEndpoints" name="test_yoga_complete_requires_auth" time="0.080" /><testcase classname="backend.tests.test_yoga_avatar.TestYogaAuthenticatedEndpoints" name="test_yoga_history_requires_auth" time="0.083" /><testcase classname="backend.tests.test_yoga_avatar.TestAvatarEndpoints" name="test_get_avatar_config" time="0.046" /><testcase classname="backend.tests.test_yoga_avatar.TestAvatarEndpoints" name="test_save_avatar_config" time="0.048" /><testcase classname="backend.tests.test_yoga_avatar.TestAvatarEndpoints" name="test_get_avatar_after_save" time="0.082" /><testcase classname="backend.tests.test_yoga_avatar.TestAvatarEndpoints" name="test_avatar_requires_auth" time="0.151" /><testcase classname="backend.tests.test_yoga_avatar.TestYogaSequenceEndpoint" name="test_get_specific_sequence" time="0.044" /><testcase classname="backend.tests.test_yoga_avatar.TestYogaSequenceEndpoint" name="test_get_nonexistent_sequence_returns_404" time="0.100" /></testsuite></testsuites>