<?xml version="1.0" encoding="utf-8"?><testsuites name="pytest tests"><testsuite name="pytest" errors="0" failures="0" skipped="0" tests="12" time="2.605" timestamp="2026-04-11T00:41:03.779123+00:00" hostname="agent-env-62cb525e-fdd8-461b-ba21-e4e416215f38"><testcase classname="tests.test_crystal_mint_main_brain.TestCrystalMintPublicAPIs" name="test_crystal_mint_stats" time="0.275" /><testcase classname="tests.test_crystal_mint_main_brain.TestCrystalMintPublicAPIs" name="test_crystal_mint_languages" time="0.083" /><testcase classname="tests.test_crystal_mint_main_brain.TestMainBrainPublicAPIs" name="test_main_brain_status" time="0.096" /><testcase classname="tests.test_crystal_mint_main_brain.TestMainBrainPublicAPIs" name="test_main_brain_shader_params" time="0.085" /><testcase classname="tests.test_crystal_mint_main_brain.TestMainBrainPublicAPIs" name="test_main_brain_lattice" time="0.076" /><testcase classname="tests.test_crystal_mint_main_brain.TestCrystalMintAuthenticatedAPIs" name="test_crystal_mint_eligibility" time="0.575" /><testcase classname="tests.test_crystal_mint_main_brain.TestCrystalMintAuthenticatedAPIs" name="test_crystal_mint_nfts" time="0.468" /><testcase classname="tests.test_crystal_mint_main_brain.TestMainBrainAdvancedAPIs" name="test_main_brain_pulse" time="0.084" /><testcase classname="tests.test_crystal_mint_main_brain.TestMainBrainAdvancedAPIs" name="test_main_brain_sync" time="0.081" /><testcase classname="tests.test_crystal_mint_main_brain.TestMainBrainAdvancedAPIs" name="test_main_brain_constants" time="0.294" /><testcase classname="tests.test_crystal_mint_main_brain.TestIntegration" name="test_shader_params_match_lattice" time="0.193" /><testcase classname="tests.test_crystal_mint_main_brain.TestIntegration" name="test_crystal_mint_uses_phi_resonance" time="0.196" /></testsuite></testsuites>