<?xml version="1.0" encoding="utf-8"?><testsuites name="pytest tests"><testsuite name="pytest" errors="0" failures="0" skipped="0" tests="17" time="2.500" timestamp="2026-04-17T04:21:30.310346+00:00" hostname="agent-env-62cb525e-fdd8-461b-ba21-e4e416215f38"><testcase classname="backend.tests.test_v57_passport.TestPassportEndpoint" name="test_passport_requires_auth" time="0.342" /><testcase classname="backend.tests.test_v57_passport.TestPassportEndpoint" name="test_passport_returns_data" time="0.620" /><testcase classname="backend.tests.test_v57_passport.TestPassportEndpoint" name="test_passport_has_level" time="0.086" /><testcase classname="backend.tests.test_v57_passport.TestPassportEndpoint" name="test_passport_has_total_xp" time="0.110" /><testcase classname="backend.tests.test_v57_passport.TestPassportEndpoint" name="test_passport_has_total_actions" time="0.108" /><testcase classname="backend.tests.test_v57_passport.TestPassportEndpoint" name="test_passport_has_dive_clearance" time="0.093" /><testcase classname="backend.tests.test_v57_passport.TestPassportEndpoint" name="test_passport_has_7_domains" time="0.089" /><testcase classname="backend.tests.test_v57_passport.TestPassportEndpoint" name="test_domain_structure" time="0.104" /><testcase classname="backend.tests.test_v57_passport.TestPassportEndpoint" name="test_passport_has_unlocked_titles" time="0.090" /><testcase classname="backend.tests.test_v57_passport.TestPassportEndpoint" name="test_passport_has_locked_titles" time="0.120" /><testcase classname="backend.tests.test_v57_passport.TestPassportEndpoint" name="test_8_hybrid_titles_total" time="0.098" /><testcase classname="backend.tests.test_v57_passport.TestPassportEndpoint" name="test_title_structure" time="0.097" /><testcase classname="backend.tests.test_v57_passport.TestPassportEndpoint" name="test_dive_clearance_levels" time="0.100" /><testcase classname="backend.tests.test_v57_passport.TestWorkbenchesStillWork" name="test_masonry_stones_endpoint" time="0.092" /><testcase classname="backend.tests.test_v57_passport.TestWorkbenchesStillWork" name="test_masonry_tools_endpoint" time="0.101" /><testcase classname="backend.tests.test_v57_passport.TestWorkbenchesStillWork" name="test_carpentry_woods_endpoint" time="0.077" /><testcase classname="backend.tests.test_v57_passport.TestWorkbenchesStillWork" name="test_carpentry_tools_endpoint" time="0.079" /></testsuite></testsuites>