<?xml version="1.0" encoding="utf-8"?><testsuites name="pytest tests"><testsuite name="pytest" errors="0" failures="0" skipped="0" tests="15" time="2.033" timestamp="2026-04-17T04:06:46.582444+00:00" hostname="agent-env-62cb525e-fdd8-461b-ba21-e4e416215f38"><testcase classname="backend.tests.test_v57_workshop_trades.TestMasonryWorkshop" name="test_get_masonry_stones_returns_6_stones" time="0.371" /><testcase classname="backend.tests.test_v57_workshop_trades.TestMasonryWorkshop" name="test_get_masonry_tools_returns_9_tools" time="0.102" /><testcase classname="backend.tests.test_v57_workshop_trades.TestMasonryWorkshop" name="test_masonry_tool_action_returns_tutorial_context" time="0.097" /><testcase classname="backend.tests.test_v57_workshop_trades.TestMasonryWorkshop" name="test_masonry_tool_action_invalid_tool" time="0.101" /><testcase classname="backend.tests.test_v57_workshop_trades.TestMasonryWorkshop" name="test_masonry_stone_detail" time="0.096" /><testcase classname="backend.tests.test_v57_workshop_trades.TestCarpentryWorkshop" name="test_get_carpentry_woods_returns_6_woods" time="0.111" /><testcase classname="backend.tests.test_v57_workshop_trades.TestCarpentryWorkshop" name="test_get_carpentry_tools_returns_9_tools" time="0.118" /><testcase classname="backend.tests.test_v57_workshop_trades.TestCarpentryWorkshop" name="test_carpentry_tool_action_returns_tutorial_context" time="0.073" /><testcase classname="backend.tests.test_v57_workshop_trades.TestCarpentryWorkshop" name="test_carpentry_tool_action_invalid_wood" time="0.122" /><testcase classname="backend.tests.test_v57_workshop_trades.TestWorkshopNoAuth" name="test_masonry_stones_no_auth" time="0.201" /><testcase classname="backend.tests.test_v57_workshop_trades.TestWorkshopNoAuth" name="test_masonry_tools_no_auth" time="0.126" /><testcase classname="backend.tests.test_v57_workshop_trades.TestWorkshopNoAuth" name="test_masonry_tool_action_no_auth" time="0.094" /><testcase classname="backend.tests.test_v57_workshop_trades.TestWorkshopNoAuth" name="test_carpentry_woods_no_auth" time="0.139" /><testcase classname="backend.tests.test_v57_workshop_trades.TestWorkshopNoAuth" name="test_carpentry_tools_no_auth" time="0.092" /><testcase classname="backend.tests.test_v57_workshop_trades.TestWorkshopNoAuth" name="test_carpentry_tool_action_no_auth" time="0.091" /></testsuite></testsuites>