<?xml version="1.0" encoding="utf-8"?><testsuites name="pytest tests"><testsuite name="pytest" errors="0" failures="0" skipped="0" tests="14" time="3.770" timestamp="2026-04-02T03:45:06.415812+00:00" hostname="agent-env-8aaa18cb-eab8-48f7-a800-0b7fca0b348d"><testcase classname="backend.tests.test_iteration192_group_forge.TestCovenCRUD" name="test_create_coven" time="0.596" /><testcase classname="backend.tests.test_iteration192_group_forge.TestCovenCRUD" name="test_create_coven_already_in_coven" time="0.337" /><testcase classname="backend.tests.test_iteration192_group_forge.TestCovenCRUD" name="test_join_coven_invalid_code" time="0.233" /><testcase classname="backend.tests.test_iteration192_group_forge.TestCovenCRUD" name="test_leave_coven_not_in_coven" time="0.240" /><testcase classname="backend.tests.test_iteration192_group_forge.TestCovenCRUD" name="test_get_my_coven_not_in_coven" time="0.242" /><testcase classname="backend.tests.test_iteration192_group_forge.TestCovenCRUD" name="test_get_my_coven_in_coven" time="0.330" /><testcase classname="backend.tests.test_iteration192_group_forge.TestCovenCRUD" name="test_leave_coven_success" time="0.407" /><testcase classname="backend.tests.test_iteration192_group_forge.TestGroupForge" name="test_group_forge_not_in_coven" time="0.230" /><testcase classname="backend.tests.test_iteration192_group_forge.TestGroupForge" name="test_group_forge_less_than_2_online" time="0.339" /><testcase classname="backend.tests.test_iteration192_group_forge.TestGroupForge" name="test_group_forge_invalid_build_id" time="0.332" /><testcase classname="backend.tests.test_iteration192_group_forge.TestRegressionEndpoints" name="test_power_spots" time="0.091" /><testcase classname="backend.tests.test_iteration192_group_forge.TestRegressionEndpoints" name="test_celestial_nodes" time="0.080" /><testcase classname="backend.tests.test_iteration192_group_forge.TestRegressionEndpoints" name="test_live_tracking" time="0.151" /><testcase classname="backend.tests.test_iteration192_group_forge.TestOnlineCount" name="test_online_count" time="0.078" /></testsuite></testsuites>