<?xml version="1.0" encoding="utf-8"?><testsuites name="pytest tests"><testsuite name="pytest" errors="0" failures="0" skipped="0" tests="12" time="5.073" timestamp="2026-04-16T22:26:27.797559+00:00" hostname="agent-env-62cb525e-fdd8-461b-ba21-e4e416215f38"><testcase classname="tests.test_v56_vitality_overlay.TestV56VitalityOverlay" name="test_get_milestones_returns_list" time="0.576" /><testcase classname="tests.test_v56_vitality_overlay.TestV56VitalityOverlay" name="test_milestones_have_expected_definitions" time="0.464" /><testcase classname="tests.test_v56_vitality_overlay.TestV56VitalityOverlay" name="test_claim_milestone_requires_milestone_id" time="0.405" /><testcase classname="tests.test_v56_vitality_overlay.TestV56VitalityOverlay" name="test_claim_milestone_invalid_id" time="0.405" /><testcase classname="tests.test_v56_vitality_overlay.TestV56VitalityOverlay" name="test_gain_xp_returns_correct_structure" time="0.460" /><testcase classname="tests.test_v56_vitality_overlay.TestV56VitalityOverlay" name="test_gain_xp_with_source" time="0.419" /><testcase classname="tests.test_v56_vitality_overlay.TestV56VitalityOverlay" name="test_gain_xp_level_up_structure" time="0.453" /><testcase classname="tests.test_v56_vitality_overlay.TestV56VitalityOverlay" name="test_work_submit_returns_dust" time="0.404" /><testcase classname="tests.test_v56_vitality_overlay.TestV56VitalityOverlay" name="test_work_submit_with_different_modules" time="0.609" /><testcase classname="tests.test_v56_vitality_overlay.TestV56VitalityOverlay" name="test_get_character_returns_full_data" time="0.372" /><testcase classname="tests.test_v56_vitality_overlay.TestV56HealthCheck" name="test_health_endpoint" time="0.125" /><testcase classname="tests.test_v56_vitality_overlay.TestV56HealthCheck" name="test_auth_login" time="0.303" /></testsuite></testsuites>