<?xml version="1.0" encoding="utf-8"?><testsuites name="pytest tests"><testsuite name="pytest" errors="0" failures="0" skipped="0" tests="16" time="2.148" timestamp="2026-04-18T03:12:21.010900+00:00" hostname="agent-env-62cb525e-fdd8-461b-ba21-e4e416215f38"><testcase classname="backend.tests.test_v68_4_sovereign_universe.TestQuestsAvailable" name="test_quests_available_returns_quests" time="0.647" /><testcase classname="backend.tests.test_v68_4_sovereign_universe.TestQuestsAvailable" name="test_resonant_frequency_quest_has_3_steps" time="0.094" /><testcase classname="backend.tests.test_v68_4_sovereign_universe.TestQuestAutoDetect" name="test_auto_detect_missing_signal_returns_400" time="0.080" /><testcase classname="backend.tests.test_v68_4_sovereign_universe.TestQuestAutoDetect" name="test_auto_detect_invalid_signal_returns_empty" time="0.088" /><testcase classname="backend.tests.test_v68_4_sovereign_universe.TestQuestAutoDetect" name="test_auto_detect_fire_triangle_step1" time="0.084" /><testcase classname="backend.tests.test_v68_4_sovereign_universe.TestQuestAutoDetect" name="test_auto_detect_idempotent_same_signal" time="0.086" /><testcase classname="backend.tests.test_v68_4_sovereign_universe.TestQuestAutoDetect" name="test_auto_detect_out_of_order_rejected" time="0.139" /><testcase classname="backend.tests.test_v68_4_sovereign_universe.TestQuestAutoDetect" name="test_auto_detect_fire_triangle_step2" time="0.090" /><testcase classname="backend.tests.test_v68_4_sovereign_universe.TestQuestAutoDetect" name="test_auto_detect_fire_triangle_step3_completion" time="0.084" /><testcase classname="backend.tests.test_v68_4_sovereign_universe.TestUniverseState" name="test_universe_state_returns_aggregate" time="0.083" /><testcase classname="backend.tests.test_v68_4_sovereign_universe.TestUniverseSignal" name="test_universe_signal_with_valid_signal" time="0.089" /><testcase classname="backend.tests.test_v68_4_sovereign_universe.TestUniverseSignal" name="test_universe_signal_without_signal" time="0.119" /><testcase classname="backend.tests.test_v68_4_sovereign_universe.TestLegacyQuestAdvance" name="test_legacy_advance_harmonic_convergence" time="0.100" /><testcase classname="backend.tests.test_v68_4_sovereign_universe.TestLegacyQuestAdvance" name="test_legacy_advance_invalid_quest" time="0.100" /><testcase classname="backend.tests.test_v68_4_sovereign_universe.TestSparkWalletIntegration" name="test_spark_wallet_endpoint" time="0.086" /><testcase classname="backend.tests.test_v68_4_sovereign_universe.TestResonantFrequencyAlreadyComplete" name="test_resonant_frequency_no_advance" time="0.087" /></testsuite></testsuites>