<?xml version="1.0" encoding="utf-8"?><testsuites name="pytest tests"><testsuite name="pytest" errors="0" failures="0" skipped="0" tests="26" time="5.317" timestamp="2026-04-03T19:26:08.610996+00:00" hostname="agent-env-8aaa18cb-eab8-48f7-a800-0b7fca0b348d"><testcase classname="backend.tests.test_iteration259_economy.TestEconomyTiers" name="test_get_tiers_returns_3_tiers" time="0.700" /><testcase classname="backend.tests.test_iteration259_economy.TestEconomyTiers" name="test_tiers_have_correct_pricing" time="0.110" /><testcase classname="backend.tests.test_iteration259_economy.TestEconomyTiers" name="test_tiers_have_features" time="0.114" /><testcase classname="backend.tests.test_iteration259_economy.TestEconomyTiers" name="test_tiers_response_includes_current_tier" time="0.092" /><testcase classname="backend.tests.test_iteration259_economy.TestEconomyPacks" name="test_get_packs_returns_7_packs" time="0.119" /><testcase classname="backend.tests.test_iteration259_economy.TestEconomyPacks" name="test_packs_have_categories" time="0.099" /><testcase classname="backend.tests.test_iteration259_economy.TestEconomyPacks" name="test_packs_have_purchase_status" time="0.116" /><testcase classname="backend.tests.test_iteration259_economy.TestEconomyPacks" name="test_packs_response_includes_polymath" time="0.088" /><testcase classname="backend.tests.test_iteration259_economy.TestEconomyPacks" name="test_packs_have_category_data" time="0.114" /><testcase classname="backend.tests.test_iteration259_economy.TestEconomyCommissions" name="test_get_commissions_returns_4_tiers" time="0.096" /><testcase classname="backend.tests.test_iteration259_economy.TestEconomyCommissions" name="test_commission_rates_correct" time="0.100" /><testcase classname="backend.tests.test_iteration259_economy.TestEconomyCommissions" name="test_commissions_include_max_allowed_level" time="0.098" /><testcase classname="backend.tests.test_iteration259_economy.TestEconomyCommissions" name="test_commissions_include_earnings" time="0.083" /><testcase classname="backend.tests.test_iteration259_economy.TestEconomyProfile" name="test_get_profile_returns_unified_data" time="0.118" /><testcase classname="backend.tests.test_iteration259_economy.TestEconomyProfile" name="test_profile_subscription_data" time="0.089" /><testcase classname="backend.tests.test_iteration259_economy.TestEconomySubscribe" name="test_subscribe_discovery_activates_directly" time="0.100" /><testcase classname="backend.tests.test_iteration259_economy.TestEconomySubscribe" name="test_subscribe_paid_tier_returns_stripe_url" time="0.800" /><testcase classname="backend.tests.test_iteration259_economy.TestEconomySubscribe" name="test_subscribe_invalid_tier_returns_400" time="0.080" /><testcase classname="backend.tests.test_iteration259_economy.TestEconomySubscribe" name="test_subscribe_paid_tier_requires_origin_url" time="0.070" /><testcase classname="backend.tests.test_iteration259_economy.TestEconomyPurchasePack" name="test_purchase_pack_returns_stripe_url" time="0.581" /><testcase classname="backend.tests.test_iteration259_economy.TestEconomyPurchasePack" name="test_purchase_invalid_pack_returns_400" time="0.087" /><testcase classname="backend.tests.test_iteration259_economy.TestEconomyPurchasePolymath" name="test_purchase_polymath_returns_stripe_url" time="0.552" /><testcase classname="backend.tests.test_iteration259_economy.TestEconomyPurchasePolymath" name="test_purchase_polymath_requires_origin_url" time="0.125" /><testcase classname="backend.tests.test_iteration259_economy.TestEconomyDowngrade" name="test_downgrade_to_discovery" time="0.085" /><testcase classname="backend.tests.test_iteration259_economy.TestEconomyDowngrade" name="test_downgrade_persists" time="0.173" /><testcase classname="backend.tests.test_iteration259_economy.TestEconomyCheckoutStatus" name="test_checkout_status_invalid_session" time="0.424" /></testsuite></testsuites>