<?xml version="1.0" encoding="utf-8"?><testsuites name="pytest tests"><testsuite name="pytest" errors="0" failures="0" skipped="0" tests="18" time="9.508" timestamp="2026-03-31T21:43:55.883440+00:00" hostname="agent-env-8aaa18cb-eab8-48f7-a800-0b7fca0b348d"><testcase classname="backend.tests.test_dual_currency_shop.TestDualCurrencyShop" name="test_shop_returns_currencies" time="0.477" /><testcase classname="backend.tests.test_dual_currency_shop.TestDualCurrencyShop" name="test_shop_returns_gem_packs" time="0.377" /><testcase classname="backend.tests.test_dual_currency_shop.TestDualCurrencyShop" name="test_shop_returns_dust_shop_items" time="0.440" /><testcase classname="backend.tests.test_dual_currency_shop.TestDualCurrencyShop" name="test_shop_returns_gem_shop_items" time="0.369" /><testcase classname="backend.tests.test_dual_currency_shop.TestDualCurrencyShop" name="test_shop_returns_slot_unlocks" time="0.431" /><testcase classname="backend.tests.test_dual_currency_shop.TestDualCurrencyShop" name="test_shop_returns_conversion_rate" time="0.445" /><testcase classname="backend.tests.test_dual_currency_shop.TestDualCurrencyShop" name="test_buy_dust_item_deducts_dust" time="0.703" /><testcase classname="backend.tests.test_dual_currency_shop.TestDualCurrencyShop" name="test_buy_gem_item_deducts_gems" time="0.593" /><testcase classname="backend.tests.test_dual_currency_shop.TestDualCurrencyShop" name="test_buy_prevents_duplicate_non_consumable" time="0.563" /><testcase classname="backend.tests.test_dual_currency_shop.TestDualCurrencyShop" name="test_buy_returns_402_insufficient_currency" time="0.439" /><testcase classname="backend.tests.test_dual_currency_shop.TestDualCurrencyShop" name="test_convert_gems_to_dust" time="0.650" /><testcase classname="backend.tests.test_dual_currency_shop.TestDualCurrencyShop" name="test_convert_returns_402_insufficient_gems" time="0.451" /><testcase classname="backend.tests.test_dual_currency_shop.TestDualCurrencyShop" name="test_unlock_slot_deducts_gems" time="0.519" /><testcase classname="backend.tests.test_dual_currency_shop.TestDualCurrencyShop" name="test_unlock_slot_returns_400_already_unlocked" time="0.619" /><testcase classname="backend.tests.test_dual_currency_shop.TestDualCurrencyShop" name="test_unlock_slot_returns_402_insufficient_gems" time="0.415" /><testcase classname="backend.tests.test_dual_currency_shop.TestDualCurrencyShop" name="test_equip_returns_403_for_locked_extra_slot" time="0.531" /><testcase classname="backend.tests.test_dual_currency_shop.TestDualCurrencyShop" name="test_purchase_gems_creates_stripe_session" time="1.078" /><testcase classname="backend.tests.test_dual_currency_shop.TestExistingUserShop" name="test_existing_user_shop_access" time="0.343" /></testsuite></testsuites>