<?xml version="1.0" encoding="utf-8"?><testsuites name="pytest tests"><testsuite name="pytest" errors="0" failures="0" skipped="0" tests="13" time="2.148" timestamp="2026-03-31T06:19:21.450176+00:00" hostname="agent-env-8aaa18cb-eab8-48f7-a800-0b7fca0b348d"><testcase classname="backend.tests.test_mixer_sessions.TestMixerSessionsEndpoints" name="test_01_save_session_private" time="0.589" /><testcase classname="backend.tests.test_mixer_sessions.TestMixerSessionsEndpoints" name="test_02_save_session_public" time="0.095" /><testcase classname="backend.tests.test_mixer_sessions.TestMixerSessionsEndpoints" name="test_03_get_my_sessions" time="0.123" /><testcase classname="backend.tests.test_mixer_sessions.TestMixerSessionsEndpoints" name="test_04_get_community_sessions" time="0.096" /><testcase classname="backend.tests.test_mixer_sessions.TestMixerSessionsEndpoints" name="test_05_get_single_session" time="0.098" /><testcase classname="backend.tests.test_mixer_sessions.TestMixerSessionsEndpoints" name="test_06_like_session" time="0.083" /><testcase classname="backend.tests.test_mixer_sessions.TestMixerSessionsEndpoints" name="test_07_delete_session" time="0.077" /><testcase classname="backend.tests.test_mixer_sessions.TestMixerSessionsEndpoints" name="test_08_verify_deletion" time="0.225" /><testcase classname="backend.tests.test_mixer_sessions.TestMixerSessionsEndpoints" name="test_09_delete_nonexistent_session" time="0.076" /><testcase classname="backend.tests.test_mixer_sessions.TestMixerSessionsAuth" name="test_save_session_requires_auth" time="0.083" /><testcase classname="backend.tests.test_mixer_sessions.TestMixerSessionsAuth" name="test_get_my_sessions_requires_auth" time="0.089" /><testcase classname="backend.tests.test_mixer_sessions.TestMixerSessionsAuth" name="test_community_sessions_no_auth_required" time="0.125" /><testcase classname="backend.tests.test_mixer_sessions.TestMixerSessionsAuth" name="test_delete_session_requires_auth" time="0.319" /></testsuite></testsuites>