<?xml version="1.0" encoding="utf-8"?><testsuites name="pytest tests"><testsuite name="pytest" errors="0" failures="0" skipped="0" tests="16" time="5.742" timestamp="2026-04-02T07:11:31.965107+00:00" hostname="agent-env-8aaa18cb-eab8-48f7-a800-0b7fca0b348d"><testcase classname="backend.tests.test_iteration197_tesla_culinary_recipe.TestFrequencyRecipeEndpoint" name="test_frequency_recipe_returns_200" time="0.465" /><testcase classname="backend.tests.test_iteration197_tesla_culinary_recipe.TestFrequencyRecipeEndpoint" name="test_frequency_recipe_has_recipe_field" time="0.094" /><testcase classname="backend.tests.test_iteration197_tesla_culinary_recipe.TestFrequencyRecipeEndpoint" name="test_frequency_recipe_structure_when_has_recipe" time="0.073" /><testcase classname="backend.tests.test_iteration197_tesla_culinary_recipe.TestFrequencyRecipeEndpoint" name="test_frequency_recipe_ingredient_structure" time="0.107" /><testcase classname="backend.tests.test_iteration197_tesla_culinary_recipe.TestMoodPostWithMultiSelect" name="test_post_single_mood_backward_compat" time="0.401" /><testcase classname="backend.tests.test_iteration197_tesla_culinary_recipe.TestMoodPostWithMultiSelect" name="test_post_three_moods_chorded_resonance" time="0.096" /><testcase classname="backend.tests.test_iteration197_tesla_culinary_recipe.TestMoodPostWithMultiSelect" name="test_post_three_moods_returns_three_geometries" time="0.070" /><testcase classname="backend.tests.test_iteration197_tesla_culinary_recipe.TestTeslaHarmonyRecipe" name="test_recipe_after_three_mood_post_is_tesla_harmony" time="0.494" /><testcase classname="backend.tests.test_iteration197_tesla_culinary_recipe.TestRecipeTypeVariations" name="test_single_mood_pure_essence" time="0.466" /><testcase classname="backend.tests.test_iteration197_tesla_culinary_recipe.TestRecipeTypeVariations" name="test_two_moods_simple_infusion" time="0.188" /><testcase classname="backend.tests.test_iteration197_tesla_culinary_recipe.TestRecipeTypeVariations" name="test_four_moods_complex_reduction" time="0.161" /><testcase classname="backend.tests.test_iteration197_tesla_culinary_recipe.TestFrequencyCulinaryMapping" name="test_frequency_to_ingredient_mapping" time="0.510" /><testcase classname="backend.tests.test_iteration197_tesla_culinary_recipe.TestRegressionEndpoints" name="test_get_moods_returns_history" time="0.427" /><testcase classname="backend.tests.test_iteration197_tesla_culinary_recipe.TestRegressionEndpoints" name="test_get_moods_insights_works" time="1.902" /><testcase classname="backend.tests.test_iteration197_tesla_culinary_recipe.TestRegressionEndpoints" name="test_get_power_spots_works" time="0.118" /><testcase classname="backend.tests.test_iteration197_tesla_culinary_recipe.TestRegressionEndpoints" name="test_get_leaderboard_works" time="0.085" /></testsuite></testsuites>