<?xml version="1.0" encoding="utf-8"?><testsuites name="pytest tests"><testsuite name="pytest" errors="0" failures="0" skipped="0" tests="14" time="10.384" timestamp="2026-04-02T03:35:04.917202+00:00" hostname="agent-env-8aaa18cb-eab8-48f7-a800-0b7fca0b348d"><testcase classname="backend.tests.test_iteration191_coven_system.TestCovenSystem" name="test_create_coven_success" time="0.545" /><testcase classname="backend.tests.test_iteration191_coven_system.TestCovenSystem" name="test_create_coven_already_in_one" time="0.716" /><testcase classname="backend.tests.test_iteration191_coven_system.TestCovenSystem" name="test_join_coven_invalid_code" time="0.434" /><testcase classname="backend.tests.test_iteration191_coven_system.TestCovenSystem" name="test_join_coven_already_in_one" time="0.694" /><testcase classname="backend.tests.test_iteration191_coven_system.TestCovenSystem" name="test_leave_coven_success" time="0.699" /><testcase classname="backend.tests.test_iteration191_coven_system.TestCovenSystem" name="test_leave_coven_not_in_one" time="0.530" /><testcase classname="backend.tests.test_iteration191_coven_system.TestCovenSystem" name="test_get_my_coven_not_in_one" time="0.522" /><testcase classname="backend.tests.test_iteration191_coven_system.TestCovenSystem" name="test_get_my_coven_with_details" time="0.556" /><testcase classname="backend.tests.test_iteration191_coven_system.TestCovenSystem" name="test_get_online_count" time="0.528" /><testcase classname="backend.tests.test_iteration191_coven_system.TestCovenRegressionEndpoints" name="test_regression_power_spots" time="0.407" /><testcase classname="backend.tests.test_iteration191_coven_system.TestCovenRegressionEndpoints" name="test_regression_celestial_nodes" time="0.346" /><testcase classname="backend.tests.test_iteration191_coven_system.TestWebSocketSync" name="test_websocket_connection_valid_token" time="0.451" /><testcase classname="backend.tests.test_iteration191_coven_system.TestWebSocketSync" name="test_websocket_position_update" time="3.440" /><testcase classname="backend.tests.test_iteration191_coven_system.TestWebSocketSync" name="test_websocket_invalid_token" time="0.423" /></testsuite></testsuites>