<?xml version="1.0" encoding="utf-8"?><testsuites name="pytest tests"><testsuite name="pytest" errors="0" failures="0" skipped="0" tests="23" time="8.630" timestamp="2026-04-01T00:10:16.921059+00:00" hostname="agent-env-8aaa18cb-eab8-48f7-a800-0b7fca0b348d"><testcase classname="backend.tests.test_dream_realms.TestDreamRealmsAuth" name="test_active_realm_requires_auth" time="0.253" /><testcase classname="backend.tests.test_dream_realms.TestDreamRealmsAuth" name="test_complete_challenge_requires_auth" time="0.181" /><testcase classname="backend.tests.test_dream_realms.TestDreamRealmsAuth" name="test_abandon_requires_auth" time="0.079" /><testcase classname="backend.tests.test_dream_realms.TestDreamRealmsAuth" name="test_history_requires_auth" time="0.086" /><testcase classname="backend.tests.test_dream_realms.TestDreamRealmsAuth" name="test_legendary_frequencies_requires_auth" time="0.085" /><testcase classname="backend.tests.test_dream_realms.TestDreamRealmsActiveRealm" name="test_get_active_realm_returns_realm_data" time="0.428" /><testcase classname="backend.tests.test_dream_realms.TestDreamRealmsActiveRealm" name="test_active_realm_has_biome_structure" time="0.095" /><testcase classname="backend.tests.test_dream_realms.TestDreamRealmsActiveRealm" name="test_active_realm_has_difficulty_structure" time="0.076" /><testcase classname="backend.tests.test_dream_realms.TestDreamRealmsActiveRealm" name="test_active_realm_has_cosmic_context" time="0.079" /><testcase classname="backend.tests.test_dream_realms.TestDreamRealmsActiveRealm" name="test_active_realm_has_elements_snapshot" time="0.111" /><testcase classname="backend.tests.test_dream_realms.TestDreamRealmsActiveRealm" name="test_active_realm_has_challenges" time="0.081" /><testcase classname="backend.tests.test_dream_realms.TestDreamRealmsActiveRealm" name="test_active_realm_has_narrative" time="0.103" /><testcase classname="backend.tests.test_dream_realms.TestDreamRealmsCompleteChallenge" name="test_complete_challenge_awards_xp_and_dust" time="0.178" /><testcase classname="backend.tests.test_dream_realms.TestDreamRealmsCompleteChallenge" name="test_complete_already_completed_challenge_returns_400" time="0.207" /><testcase classname="backend.tests.test_dream_realms.TestDreamRealmsCompleteChallenge" name="test_complete_invalid_challenge_index_returns_400" time="0.088" /><testcase classname="backend.tests.test_dream_realms.TestDreamRealmsAbandon" name="test_abandon_realm_marks_abandoned" time="0.177" /><testcase classname="backend.tests.test_dream_realms.TestDreamRealmsAbandon" name="test_get_active_after_abandon_generates_new_realm" time="2.207" /><testcase classname="backend.tests.test_dream_realms.TestDreamRealmsAbandon" name="test_abandon_no_active_realm_returns_404" time="3.625" /><testcase classname="backend.tests.test_dream_realms.TestDreamRealmsHistory" name="test_get_history_returns_past_realms" time="0.075" /><testcase classname="backend.tests.test_dream_realms.TestDreamRealmsLegendaryFrequencies" name="test_get_legendary_frequencies_returns_list" time="0.078" /><testcase classname="backend.tests.test_dream_realms.TestNexusRegression" name="test_nexus_state_still_works" time="0.085" /><testcase classname="backend.tests.test_dream_realms.TestNexusRegression" name="test_nexus_birth_resonance_still_works" time="0.066" /><testcase classname="backend.tests.test_dream_realms.TestDashboardRegression" name="test_cosmic_weather_still_works" time="0.095" /></testsuite></testsuites>