<?xml version="1.0" encoding="utf-8"?><testsuites name="pytest tests"><testsuite name="pytest" errors="0" failures="0" skipped="0" tests="16" time="2.206" timestamp="2026-04-01T02:56:36.990251+00:00" hostname="agent-env-8aaa18cb-eab8-48f7-a800-0b7fca0b348d"><testcase classname="tests.test_brain_skin_bridge.TestScenarioState" name="test_scenario_state_returns_200" time="0.424" /><testcase classname="tests.test_brain_skin_bridge.TestScenarioState" name="test_scenario_state_has_layer_data" time="0.090" /><testcase classname="tests.test_brain_skin_bridge.TestScenarioState" name="test_scenario_state_has_difficulty" time="0.134" /><testcase classname="tests.test_brain_skin_bridge.TestScenarioState" name="test_scenario_state_has_visual_directives" time="0.080" /><testcase classname="tests.test_brain_skin_bridge.TestScenarioState" name="test_scenario_state_has_harmony_and_elements" time="0.077" /><testcase classname="tests.test_brain_skin_bridge.TestRockHoundingLayerIntegration" name="test_mine_includes_layer_data" time="0.186" /><testcase classname="tests.test_brain_skin_bridge.TestRockHoundingLayerIntegration" name="test_mine_action_returns_layer_metadata_in_specimen" time="0.196" /><testcase classname="tests.test_brain_skin_bridge.TestRockHoundingLayerIntegration" name="test_mine_action_returns_layer_info_in_response" time="0.166" /><testcase classname="tests.test_brain_skin_bridge.TestRockHoundingLayerIntegration" name="test_mine_action_rewards_are_multiplied" time="0.153" /><testcase classname="tests.test_brain_skin_bridge.TestGameCoreLayerEndpoints" name="test_stats_includes_layer_with_all_layers" time="0.087" /><testcase classname="tests.test_brain_skin_bridge.TestGameCoreLayerEndpoints" name="test_layer_endpoint_returns_layer_state" time="0.081" /><testcase classname="tests.test_brain_skin_bridge.TestForgottenLanguagesRegression" name="test_journal_endpoint_works" time="0.081" /><testcase classname="tests.test_brain_skin_bridge.TestForgottenLanguagesRegression" name="test_daily_includes_streak_data" time="0.091" /><testcase classname="tests.test_brain_skin_bridge.TestForgottenLanguagesRegression" name="test_mastery_endpoint_works" time="0.084" /><testcase classname="tests.test_brain_skin_bridge.TestDashboardRegression" name="test_dashboard_stats_works" time="0.093" /><testcase classname="tests.test_brain_skin_bridge.TestDashboardRegression" name="test_nexus_state_works" time="0.085" /></testsuite></testsuites>