<?xml version="1.0" encoding="utf-8"?><testsuites name="pytest tests"><testsuite name="pytest" errors="0" failures="0" skipped="0" tests="19" time="2.534" timestamp="2026-04-02T21:53:02.452545+00:00" hostname="agent-env-8aaa18cb-eab8-48f7-a800-0b7fca0b348d"><testcase classname="backend.tests.test_iteration222_generators.TestGeneratorCatalog" name="test_catalog_returns_200" time="0.748" /><testcase classname="backend.tests.test_iteration222_generators.TestGeneratorCatalog" name="test_catalog_structure" time="0.087" /><testcase classname="backend.tests.test_iteration222_generators.TestGeneratorCatalog" name="test_catalog_generator_fields" time="0.088" /><testcase classname="backend.tests.test_iteration222_generators.TestGeneratorCatalog" name="test_catalog_tier_locking" time="0.070" /><testcase classname="backend.tests.test_iteration222_generators.TestGeneratorCatalog" name="test_catalog_ownership_status" time="0.097" /><testcase classname="backend.tests.test_iteration222_generators.TestGeneratorCatalog" name="test_catalog_requires_auth" time="0.100" /><testcase classname="backend.tests.test_iteration222_generators.TestGeneratorPurchase" name="test_duplicate_purchase_rejected" time="0.087" /><testcase classname="backend.tests.test_iteration222_generators.TestGeneratorPurchase" name="test_tier_gating_enforced" time="0.085" /><testcase classname="backend.tests.test_iteration222_generators.TestGeneratorPurchase" name="test_invalid_generator_rejected" time="0.080" /><testcase classname="backend.tests.test_iteration222_generators.TestGeneratorPurchase" name="test_purchase_requires_auth" time="0.081" /><testcase classname="backend.tests.test_iteration222_generators.TestVaultGenerators" name="test_vault_returns_200" time="0.078" /><testcase classname="backend.tests.test_iteration222_generators.TestVaultGenerators" name="test_vault_structure" time="0.092" /><testcase classname="backend.tests.test_iteration222_generators.TestVaultGenerators" name="test_vault_generator_fields" time="0.078" /><testcase classname="backend.tests.test_iteration222_generators.TestVaultGenerators" name="test_vault_requires_auth" time="0.080" /><testcase classname="backend.tests.test_iteration222_generators.TestGeneratorToggle" name="test_toggle_owned_generator" time="0.252" /><testcase classname="backend.tests.test_iteration222_generators.TestGeneratorToggle" name="test_toggle_non_owned_generator" time="0.092" /><testcase classname="backend.tests.test_iteration222_generators.TestGeneratorToggle" name="test_toggle_requires_auth" time="0.075" /><testcase classname="backend.tests.test_iteration222_generators.TestGeneratorTypes" name="test_all_generator_types_present" time="0.096" /><testcase classname="backend.tests.test_iteration222_generators.TestGeneratorTypes" name="test_generator_type_counts" time="0.079" /></testsuite></testsuites>