<?xml version="1.0" encoding="utf-8"?><testsuites name="pytest tests"><testsuite name="pytest" errors="0" failures="2" skipped="0" tests="9" time="1.104" timestamp="2026-04-15T07:21:47.470885+00:00" hostname="agent-env-62cb525e-fdd8-461b-ba21-e4e416215f38"><testcase classname="backend.tests.test_sovereign_live.TestSovereignLiveRooms" name="test_create_room_with_name" time="0.169" /><testcase classname="backend.tests.test_sovereign_live.TestSovereignLiveRooms" name="test_create_room_with_custom_node" time="0.131" /><testcase classname="backend.tests.test_sovereign_live.TestSovereignLiveRooms" name="test_create_room_default_name" time="0.100" /><testcase classname="backend.tests.test_sovereign_live.TestSovereignLiveRooms" name="test_list_rooms_returns_default_node" time="0.119" /><testcase classname="backend.tests.test_sovereign_live.TestSovereignLiveRooms" name="test_list_rooms_contains_peer_count" time="0.206" /><testcase classname="backend.tests.test_sovereign_live.TestSovereignLiveRooms" name="test_get_room_details" time="0.198" /><testcase classname="backend.tests.test_sovereign_live.TestSovereignLiveRooms" name="test_get_nonexistent_room" time="0.105" /><testcase classname="backend.tests.test_sovereign_live.TestSovereignLiveWebSocket" name="test_websocket_connect_and_ping" time="0.000"><failure message="Failed: async def functions are not natively supported.&#10;You need to install a suitable plugin for your async framework, for example:&#10;  - anyio&#10;  - pytest-asyncio&#10;  - pytest-tornasync&#10;  - pytest-trio&#10;  - pytest-twisted">async def functions are not natively supported.
You need to install a suitable plugin for your async framework, for example:
  - anyio
  - pytest-asyncio
  - pytest-tornasync
  - pytest-trio
  - pytest-twisted</failure></testcase><testcase classname="backend.tests.test_sovereign_live.TestSovereignLiveWebSocket" name="test_websocket_invalid_room" time="0.000"><failure message="Failed: async def functions are not natively supported.&#10;You need to install a suitable plugin for your async framework, for example:&#10;  - anyio&#10;  - pytest-asyncio&#10;  - pytest-tornasync&#10;  - pytest-trio&#10;  - pytest-twisted">async def functions are not natively supported.
You need to install a suitable plugin for your async framework, for example:
  - anyio
  - pytest-asyncio
  - pytest-tornasync
  - pytest-trio
  - pytest-twisted</failure></testcase></testsuite></testsuites>