<?xml version="1.0" encoding="utf-8"?><testsuites name="pytest tests"><testsuite name="pytest" errors="0" failures="0" skipped="0" tests="21" time="5.938" timestamp="2026-03-26T00:58:30.724190+00:00" hostname="agent-env-8aaa18cb-eab8-48f7-a800-0b7fca0b348d"><testcase classname="backend.tests.test_animal_dreams_green.TestAnimalTotems" name="test_get_all_totems" time="0.250" /><testcase classname="backend.tests.test_animal_dreams_green.TestAnimalTotems" name="test_birth_totem_wolf_march" time="0.073" /><testcase classname="backend.tests.test_animal_dreams_green.TestAnimalTotems" name="test_birth_totem_woodpecker_july" time="0.072" /><testcase classname="backend.tests.test_animal_dreams_green.TestAnimalTotems" name="test_birth_totem_goose_december" time="0.072" /><testcase classname="backend.tests.test_animal_dreams_green.TestAnimalTotems" name="test_birth_totem_otter_january" time="0.074" /><testcase classname="backend.tests.test_animal_dreams_green.TestAnimalTotems" name="test_birth_totem_invalid_date" time="0.067" /><testcase classname="backend.tests.test_animal_dreams_green.TestAnimalTotems" name="test_spirit_animal_eagle" time="0.069" /><testcase classname="backend.tests.test_animal_dreams_green.TestAnimalTotems" name="test_spirit_animal_not_found" time="0.069" /><testcase classname="backend.tests.test_animal_dreams_green.TestDreamSymbols" name="test_get_dream_symbols" time="0.073" /><testcase classname="backend.tests.test_animal_dreams_green.TestMoonPhase" name="test_get_moon_phase" time="0.331" /><testcase classname="backend.tests.test_animal_dreams_green.TestDreamsAuth" name="test_save_dream" time="0.557" /><testcase classname="backend.tests.test_animal_dreams_green.TestDreamsAuth" name="test_get_dreams" time="0.367" /><testcase classname="backend.tests.test_animal_dreams_green.TestDreamsAuth" name="test_delete_dream" time="0.543" /><testcase classname="backend.tests.test_animal_dreams_green.TestDreamsAuth" name="test_interpret_dream" time="0.389" /><testcase classname="backend.tests.test_animal_dreams_green.TestDreamsAuth" name="test_interpret_dream_empty_content" time="0.367" /><testcase classname="backend.tests.test_animal_dreams_green.TestGreenJournalAuth" name="test_save_green_entry" time="0.454" /><testcase classname="backend.tests.test_animal_dreams_green.TestGreenJournalAuth" name="test_get_green_entries" time="0.351" /><testcase classname="backend.tests.test_animal_dreams_green.TestGreenJournalAuth" name="test_delete_green_entry" time="0.529" /><testcase classname="backend.tests.test_animal_dreams_green.TestGreenJournalAuth" name="test_green_entry_types" time="0.622" /><testcase classname="backend.tests.test_animal_dreams_green.TestDreamsUnauthenticated" name="test_dreams_requires_auth" time="0.305" /><testcase classname="backend.tests.test_animal_dreams_green.TestGreenJournalUnauthenticated" name="test_green_journal_requires_auth" time="0.218" /></testsuite></testsuites>