<?xml version="1.0" encoding="utf-8"?><testsuites name="pytest tests"><testsuite name="pytest" errors="0" failures="0" skipped="0" tests="20" time="10.461" timestamp="2026-04-03T16:35:15.952719+00:00" hostname="agent-env-8aaa18cb-eab8-48f7-a800-0b7fca0b348d"><testcase classname="backend.tests.test_iteration250_sentinel_guilds.TestSentinelContentModeration" name="test_sentinel_scan_clean_content" time="0.528" /><testcase classname="backend.tests.test_iteration250_sentinel_guilds.TestSentinelContentModeration" name="test_sentinel_scan_prohibited_content" time="0.492" /><testcase classname="backend.tests.test_iteration250_sentinel_guilds.TestSentinelContentModeration" name="test_sentinel_scan_empty_content" time="0.355" /><testcase classname="backend.tests.test_iteration250_sentinel_guilds.TestSentinelContentModeration" name="test_sentinel_stats" time="0.396" /><testcase classname="backend.tests.test_iteration250_sentinel_guilds.TestSentinelContentModeration" name="test_sentinel_log" time="0.375" /><testcase classname="backend.tests.test_iteration250_sentinel_guilds.TestSentinelContentModeration" name="test_sentinel_mutes_list" time="0.391" /><testcase classname="backend.tests.test_iteration250_sentinel_guilds.TestSentinelContentModeration" name="test_sentinel_mute_and_unmute_user" time="0.408" /><testcase classname="backend.tests.test_iteration250_sentinel_guilds.TestGuildsIdentitySystem" name="test_get_identity_settings" time="0.368" /><testcase classname="backend.tests.test_iteration250_sentinel_guilds.TestGuildsIdentitySystem" name="test_update_identity_mode_full" time="0.390" /><testcase classname="backend.tests.test_iteration250_sentinel_guilds.TestGuildsIdentitySystem" name="test_update_identity_mode_avatar" time="0.389" /><testcase classname="backend.tests.test_iteration250_sentinel_guilds.TestGuildsIdentitySystem" name="test_update_identity_mode_ghost" time="0.367" /><testcase classname="backend.tests.test_iteration250_sentinel_guilds.TestGuildsIdentitySystem" name="test_update_identity_invalid_mode" time="0.642" /><testcase classname="backend.tests.test_iteration250_sentinel_guilds.TestGuildsIdentitySystem" name="test_update_identity_mic_video_toggles" time="0.511" /><testcase classname="backend.tests.test_iteration250_sentinel_guilds.TestGuildsChannelsAndFeeds" name="test_get_channels" time="0.391" /><testcase classname="backend.tests.test_iteration250_sentinel_guilds.TestGuildsChannelsAndFeeds" name="test_join_feed" time="0.409" /><testcase classname="backend.tests.test_iteration250_sentinel_guilds.TestGuildsChannelsAndFeeds" name="test_post_to_feed_clean_content" time="0.534" /><testcase classname="backend.tests.test_iteration250_sentinel_guilds.TestGuildsChannelsAndFeeds" name="test_post_to_feed_ghost_mode_blocked" time="0.518" /><testcase classname="backend.tests.test_iteration250_sentinel_guilds.TestGuildsChannelsAndFeeds" name="test_get_feed_posts" time="1.860" /><testcase classname="backend.tests.test_iteration250_sentinel_guilds.TestGuildsChannelsAndFeeds" name="test_feed_posts_ghost_user_anonymized" time="0.572" /><testcase classname="backend.tests.test_iteration250_sentinel_guilds.TestSentinelIntegrationWithFeeds" name="test_sentinel_scan_before_feed_post" time="0.463" /></testsuite></testsuites>