<?xml version="1.0" encoding="utf-8"?><testsuites name="pytest tests"><testsuite name="pytest" errors="0" failures="0" skipped="0" tests="20" time="9.025" timestamp="2026-04-02T02:53:14.881246+00:00" hostname="agent-env-8aaa18cb-eab8-48f7-a800-0b7fca0b348d"><testcase classname="backend.tests.test_iteration189_power_spots_celestial.TestPowerSpotsCRUD" name="test_get_power_spots" time="0.548" /><testcase classname="backend.tests.test_iteration189_power_spots_celestial.TestPowerSpotsCRUD" name="test_create_power_spot" time="0.477" /><testcase classname="backend.tests.test_iteration189_power_spots_celestial.TestPowerSpotsCRUD" name="test_update_power_spot" time="0.661" /><testcase classname="backend.tests.test_iteration189_power_spots_celestial.TestPowerSpotsCRUD" name="test_delete_power_spot" time="0.448" /><testcase classname="backend.tests.test_iteration189_power_spots_celestial.TestPowerSpotsCRUD" name="test_update_nonexistent_spot_returns_404" time="0.334" /><testcase classname="backend.tests.test_iteration189_power_spots_celestial.TestPowerSpotsCRUD" name="test_delete_nonexistent_spot_returns_404" time="0.369" /><testcase classname="backend.tests.test_iteration189_power_spots_celestial.TestGoLiveAndBroadcasts" name="test_go_live_toggle" time="0.599" /><testcase classname="backend.tests.test_iteration189_power_spots_celestial.TestGoLiveAndBroadcasts" name="test_get_active_broadcasts" time="0.374" /><testcase classname="backend.tests.test_iteration189_power_spots_celestial.TestGoLiveAndBroadcasts" name="test_go_live_creates_broadcast" time="0.525" /><testcase classname="backend.tests.test_iteration189_power_spots_celestial.TestCelestialNodes" name="test_get_celestial_nodes" time="0.347" /><testcase classname="backend.tests.test_iteration189_power_spots_celestial.TestCelestialNodes" name="test_celestial_align_success" time="0.366" /><testcase classname="backend.tests.test_iteration189_power_spots_celestial.TestCelestialNodes" name="test_celestial_align_low_accuracy_fails" time="0.388" /><testcase classname="backend.tests.test_iteration189_power_spots_celestial.TestCelestialNodes" name="test_celestial_align_invalid_node_returns_404" time="0.383" /><testcase classname="backend.tests.test_iteration189_power_spots_celestial.TestCelestialDecay" name="test_get_celestial_decay_status" time="0.383" /><testcase classname="backend.tests.test_iteration189_power_spots_celestial.TestPowerSpotHarvest" name="test_harvest_power_spot_too_far" time="0.549" /><testcase classname="backend.tests.test_iteration189_power_spots_celestial.TestPowerSpotHarvest" name="test_harvest_power_spot_within_range" time="0.526" /><testcase classname="backend.tests.test_iteration189_power_spots_celestial.TestPowerSpotHarvest" name="test_harvest_inactive_spot_returns_404" time="0.540" /><testcase classname="backend.tests.test_iteration189_power_spots_celestial.TestRegressionCosmicMap" name="test_get_decay_status" time="0.375" /><testcase classname="backend.tests.test_iteration189_power_spots_celestial.TestRegressionCosmicMap" name="test_get_nodes" time="0.358" /><testcase classname="backend.tests.test_iteration189_power_spots_celestial.TestRegressionCosmicMap" name="test_get_harvest_history" time="0.365" /></testsuite></testsuites>