<?xml version="1.0" encoding="utf-8"?><testsuites name="pytest tests"><testsuite name="pytest" errors="0" failures="0" skipped="0" tests="15" time="6.902" timestamp="2026-04-12T18:35:52.095619+00:00" hostname="agent-env-62cb525e-fdd8-461b-ba21-e4e416215f38"><testcase classname="backend.tests.test_transmuter.TestTransmuterAPI" name="test_transmuter_status_returns_200" time="0.587" /><testcase classname="backend.tests.test_transmuter.TestTransmuterAPI" name="test_accrue_dust_module_interaction" time="0.472" /><testcase classname="backend.tests.test_transmuter.TestTransmuterAPI" name="test_accrue_dust_with_complexity_multiplier" time="0.435" /><testcase classname="backend.tests.test_transmuter.TestTransmuterAPI" name="test_accrue_dust_different_actions" time="0.755" /><testcase classname="backend.tests.test_transmuter.TestTransmuterAPI" name="test_exchange_preview" time="0.359" /><testcase classname="backend.tests.test_transmuter.TestTransmuterAPI" name="test_trade_dust_to_fans_success" time="0.450" /><testcase classname="backend.tests.test_transmuter.TestTransmuterAPI" name="test_trade_dust_insufficient_balance" time="0.388" /><testcase classname="backend.tests.test_transmuter.TestTransmuterAPI" name="test_trade_dust_below_minimum" time="0.353" /><testcase classname="backend.tests.test_transmuter.TestTransmuterAPI" name="test_trade_dust_invalid_amount" time="0.392" /><testcase classname="backend.tests.test_transmuter.TestTransmuterAPI" name="test_generate_blueprint_seed_tier" time="0.387" /><testcase classname="backend.tests.test_transmuter.TestTransmuterAPI" name="test_generate_blueprint_different_trade_types" time="0.712" /><testcase classname="backend.tests.test_transmuter.TestTransmuterAPI" name="test_generate_blueprint_invalid_dimensions" time="0.411" /><testcase classname="backend.tests.test_transmuter.TestTransmuterAPI" name="test_get_user_blueprints" time="0.366" /><testcase classname="backend.tests.test_transmuter.TestTransmuterAPI" name="test_get_transmuter_history" time="0.352" /><testcase classname="backend.tests.test_transmuter.TestTransmuterAPI" name="test_get_transmuter_history_pagination" time="0.385" /></testsuite></testsuites>