<?xml version="1.0" encoding="utf-8"?><testsuites name="pytest tests"><testsuite name="pytest" errors="0" failures="0" skipped="0" tests="21" time="2.021" timestamp="2026-03-27T13:40:28.629174+00:00" hostname="agent-env-8aaa18cb-eab8-48f7-a800-0b7fca0b348d"><testcase classname="backend.tests.test_iteration67_multicultural_starchart.TestStarChartCultures" name="test_get_all_cultures_returns_8" time="0.106" /><testcase classname="backend.tests.test_iteration67_multicultural_starchart.TestStarChartCultures" name="test_each_culture_has_required_fields" time="0.082" /><testcase classname="backend.tests.test_iteration67_multicultural_starchart.TestVedicCulture" name="test_vedic_culture_endpoint" time="0.083" /><testcase classname="backend.tests.test_iteration67_multicultural_starchart.TestVedicCulture" name="test_vedic_constellation_names" time="0.091" /><testcase classname="backend.tests.test_iteration67_multicultural_starchart.TestVedicCulture" name="test_vedic_constellation_structure" time="0.079" /><testcase classname="backend.tests.test_iteration67_multicultural_starchart.TestNorseCulture" name="test_norse_culture_endpoint" time="0.109" /><testcase classname="backend.tests.test_iteration67_multicultural_starchart.TestNorseCulture" name="test_norse_constellation_names" time="0.079" /><testcase classname="backend.tests.test_iteration67_multicultural_starchart.TestNorseCulture" name="test_norse_constellation_structure" time="0.098" /><testcase classname="backend.tests.test_iteration67_multicultural_starchart.TestPolynesianCulture" name="test_polynesian_culture_endpoint" time="0.074" /><testcase classname="backend.tests.test_iteration67_multicultural_starchart.TestPolynesianCulture" name="test_polynesian_constellation_names" time="0.089" /><testcase classname="backend.tests.test_iteration67_multicultural_starchart.TestPolynesianCulture" name="test_polynesian_constellation_structure" time="0.077" /><testcase classname="backend.tests.test_iteration67_multicultural_starchart.TestExistingCultures" name="test_chinese_culture_still_works" time="0.100" /><testcase classname="backend.tests.test_iteration67_multicultural_starchart.TestExistingCultures" name="test_mayan_culture_still_works" time="0.149" /><testcase classname="backend.tests.test_iteration67_multicultural_starchart.TestExistingCultures" name="test_egyptian_culture_still_works" time="0.076" /><testcase classname="backend.tests.test_iteration67_multicultural_starchart.TestExistingCultures" name="test_australian_culture_still_works" time="0.091" /><testcase classname="backend.tests.test_iteration67_multicultural_starchart.TestExistingCultures" name="test_lakota_culture_still_works" time="0.110" /><testcase classname="backend.tests.test_iteration67_multicultural_starchart.TestErrorHandling" name="test_nonexistent_culture_returns_404" time="0.092" /><testcase classname="backend.tests.test_iteration67_multicultural_starchart.TestErrorHandling" name="test_invalid_culture_id_returns_404" time="0.080" /><testcase classname="backend.tests.test_iteration67_multicultural_starchart.TestTradeCircleAuth" name="test_trade_circle_listings_requires_auth" time="0.078" /><testcase classname="backend.tests.test_iteration67_multicultural_starchart.TestTradeCircleAuth" name="test_trade_circle_stats_requires_auth" time="0.095" /><testcase classname="backend.tests.test_iteration67_multicultural_starchart.TestAchievementsAuth" name="test_achievements_requires_auth" time="0.079" /></testsuite></testsuites>