<?xml version="1.0" encoding="utf-8"?><testsuites name="pytest tests"><testsuite name="pytest" errors="0" failures="0" skipped="0" tests="18" time="3.252" timestamp="2026-04-02T08:00:20.796946+00:00" hostname="agent-env-8aaa18cb-eab8-48f7-a800-0b7fca0b348d"><testcase classname="backend.tests.test_iteration200_mastery_phonics.TestMasteryVowelReference" name="test_vowel_reference_returns_vowels" time="0.448" /><testcase classname="backend.tests.test_iteration200_mastery_phonics.TestMasteryVowelReference" name="test_vowel_reference_returns_tiers" time="0.092" /><testcase classname="backend.tests.test_iteration200_mastery_phonics.TestMasteryTier" name="test_get_mastery_tier" time="0.097" /><testcase classname="backend.tests.test_iteration200_mastery_phonics.TestMasteryProgress" name="test_record_vowel_mastery" time="0.081" /><testcase classname="backend.tests.test_iteration200_mastery_phonics.TestMasteryProgress" name="test_record_all_vowels_for_tier1" time="0.481" /><testcase classname="backend.tests.test_iteration200_mastery_phonics.TestMasteryProgress" name="test_record_frequency_mastery" time="0.081" /><testcase classname="backend.tests.test_iteration200_mastery_phonics.TestMasteryProgress" name="test_record_practice_time" time="0.079" /><testcase classname="backend.tests.test_iteration200_mastery_phonics.TestMasteryProgress" name="test_invalid_progress_type_rejected" time="0.080" /><testcase classname="backend.tests.test_iteration200_mastery_phonics.TestMasteryProgress" name="test_invalid_vowel_rejected" time="0.089" /><testcase classname="backend.tests.test_iteration200_mastery_phonics.TestMasteryLessons" name="test_get_lessons" time="0.076" /><testcase classname="backend.tests.test_iteration200_mastery_phonics.TestLinguisticEscrow" name="test_escrow_create_requires_tier1" time="0.336" /><testcase classname="backend.tests.test_iteration200_mastery_phonics.TestLinguisticEscrow" name="test_escrow_verify_with_high_accuracy" time="0.358" /><testcase classname="backend.tests.test_iteration200_mastery_phonics.TestLinguisticEscrow" name="test_escrow_verify_with_low_accuracy_fails" time="0.348" /><testcase classname="backend.tests.test_iteration200_mastery_phonics.TestUserEscrows" name="test_get_user_escrows" time="0.079" /><testcase classname="backend.tests.test_iteration200_mastery_phonics.TestLinguisticListings" name="test_linguistic_listing_requires_tier1" time="0.181" /><testcase classname="backend.tests.test_iteration200_mastery_phonics.TestLinguisticListings" name="test_invalid_asset_type_rejected" time="0.075" /><testcase classname="backend.tests.test_iteration200_mastery_phonics.TestRegressionMasteryEndpoints" name="test_trade_circle_listings_still_works" time="0.087" /><testcase classname="backend.tests.test_iteration200_mastery_phonics.TestRegressionMasteryEndpoints" name="test_trade_circle_stats_still_works" time="0.094" /></testsuite></testsuites>