<?xml version="1.0" encoding="utf-8"?><testsuites name="pytest tests"><testsuite name="pytest" errors="0" failures="0" skipped="0" tests="11" time="1.318" timestamp="2026-03-25T09:45:30.879524+00:00" hostname="agent-env-8aaa18cb-eab8-48f7-a800-0b7fca0b348d"><testcase classname="backend.tests.test_mudras_api.TestMudrasAPI" name="test_mudras_endpoint_returns_200" time="0.264" /><testcase classname="backend.tests.test_mudras_api.TestMudrasAPI" name="test_mudras_returns_25_items" time="0.089" /><testcase classname="backend.tests.test_mudras_api.TestMudrasAPI" name="test_each_mudra_has_required_fields" time="0.084" /><testcase classname="backend.tests.test_mudras_api.TestMudrasAPI" name="test_mudra_image_urls_are_valid" time="0.084" /><testcase classname="backend.tests.test_mudras_api.TestMudrasAPI" name="test_mudra_video_urls_are_youtube_embeds" time="0.196" /><testcase classname="backend.tests.test_mudras_api.TestMudrasAPI" name="test_mudra_video_titles_not_empty" time="0.082" /><testcase classname="backend.tests.test_mudras_api.TestMudrasAPI" name="test_mudra_hand_positions_not_empty" time="0.081" /><testcase classname="backend.tests.test_mudras_api.TestMudrasAPI" name="test_mudra_categories_are_valid" time="0.102" /><testcase classname="backend.tests.test_mudras_api.TestMudrasAPI" name="test_mudra_category_distribution" time="0.098" /><testcase classname="backend.tests.test_mudras_api.TestMudrasAPI" name="test_specific_mudras_exist" time="0.102" /><testcase classname="backend.tests.test_mudras_api.TestMudrasAPI" name="test_mudra_benefits_are_lists" time="0.086" /></testsuite></testsuites>