<?xml version="1.0" encoding="utf-8"?><testsuites name="pytest tests"><testsuite name="pytest" errors="0" failures="0" skipped="0" tests="17" time="1.563" timestamp="2026-03-25T21:27:54.480831+00:00" hostname="agent-env-8aaa18cb-eab8-48f7-a800-0b7fca0b348d"><testcase classname="backend.tests.test_yearly_spread.TestYearlySpreadAPI" name="test_yearly_spread_july_4_1990_returns_jack_of_diamonds" time="0.126" /><testcase classname="backend.tests.test_yearly_spread.TestYearlySpreadAPI" name="test_yearly_spread_jan_1_1985_returns_king_of_spades" time="0.079" /><testcase classname="backend.tests.test_yearly_spread.TestYearlySpreadAPI" name="test_yearly_spread_response_structure" time="0.089" /><testcase classname="backend.tests.test_yearly_spread.TestYearlySpreadAPI" name="test_yearly_spread_has_7_periods" time="0.071" /><testcase classname="backend.tests.test_yearly_spread.TestYearlySpreadAPI" name="test_yearly_spread_period_structure" time="0.098" /><testcase classname="backend.tests.test_yearly_spread.TestYearlySpreadAPI" name="test_yearly_spread_planets_order" time="0.082" /><testcase classname="backend.tests.test_yearly_spread.TestYearlySpreadAPI" name="test_yearly_spread_exactly_one_current_period" time="0.106" /><testcase classname="backend.tests.test_yearly_spread.TestYearlySpreadAPI" name="test_yearly_spread_current_period_matches_current_period_field" time="0.071" /><testcase classname="backend.tests.test_yearly_spread.TestYearlySpreadAPI" name="test_yearly_spread_period_card_has_details" time="0.071" /><testcase classname="backend.tests.test_yearly_spread.TestYearlySpreadAPI" name="test_yearly_spread_invalid_month_returns_400" time="0.088" /><testcase classname="backend.tests.test_yearly_spread.TestYearlySpreadAPI" name="test_yearly_spread_invalid_day_returns_400" time="0.102" /><testcase classname="backend.tests.test_yearly_spread.TestYearlySpreadAPI" name="test_yearly_spread_invalid_year_returns_400" time="0.072" /><testcase classname="backend.tests.test_yearly_spread.TestYearlySpreadAPI" name="test_yearly_spread_period_dates_are_52_days_apart" time="0.100" /><testcase classname="backend.tests.test_yearly_spread.TestYearlySpreadAPI" name="test_yearly_spread_birth_card_has_magi_formula" time="0.088" /><testcase classname="backend.tests.test_yearly_spread.TestYearlySpreadEdgeCases" name="test_yearly_spread_dec_31_birth" time="0.081" /><testcase classname="backend.tests.test_yearly_spread.TestYearlySpreadEdgeCases" name="test_yearly_spread_jan_1_birth" time="0.077" /><testcase classname="backend.tests.test_yearly_spread.TestYearlySpreadEdgeCases" name="test_yearly_spread_leap_year_feb_29" time="0.095" /></testsuite></testsuites>