<?xml version="1.0" encoding="utf-8"?><testsuites name="pytest tests"><testsuite name="pytest" errors="0" failures="0" skipped="0" tests="7" time="3.286" timestamp="2026-03-30T20:55:15.034823+00:00" hostname="agent-env-8aaa18cb-eab8-48f7-a800-0b7fca0b348d"><testcase classname="backend.tests.test_notifications_pwa.TestNotificationEndpoints" name="test_login_returns_token" time="0.782" /><testcase classname="backend.tests.test_notifications_pwa.TestNotificationEndpoints" name="test_vapid_public_key" time="0.577" /><testcase classname="backend.tests.test_notifications_pwa.TestNotificationEndpoints" name="test_notification_status" time="0.365" /><testcase classname="backend.tests.test_notifications_pwa.TestNotificationEndpoints" name="test_update_preferences" time="0.390" /><testcase classname="backend.tests.test_notifications_pwa.TestNotificationEndpoints" name="test_quantum_coherence" time="0.334" /><testcase classname="backend.tests.test_notifications_pwa.TestNotificationEndpoints" name="test_inbox" time="0.364" /><testcase classname="backend.tests.test_notifications_pwa.TestNotificationEndpoints" name="test_read_all" time="0.410" /></testsuite></testsuites>