<?xml version="1.0" encoding="utf-8"?><testsuites name="pytest tests"><testsuite name="pytest" errors="0" failures="0" skipped="0" tests="31" time="2.360" timestamp="2026-04-10T12:06:13.194803+00:00" hostname="agent-env-62cb525e-fdd8-461b-ba21-e4e416215f38"><testcase classname="tests.test_omnis_nodule_v55.TestOmnisSyncEndpoint" name="test_omnis_sync_returns_200" time="0.276" /><testcase classname="tests.test_omnis_nodule_v55.TestOmnisSyncEndpoint" name="test_omnis_sync_has_version" time="0.154" /><testcase classname="tests.test_omnis_nodule_v55.TestOmnisSyncEndpoint" name="test_omnis_sync_has_all_groups" time="0.048" /><testcase classname="tests.test_omnis_nodule_v55.TestOmnisSyncEndpoint" name="test_omnis_sync_cosmos_has_lakota_default" time="0.044" /><testcase classname="tests.test_omnis_nodule_v55.TestOmnisSyncEndpoint" name="test_omnis_sync_exchange_has_rate" time="0.085" /><testcase classname="tests.test_omnis_nodule_v55.TestOmnisSyncEndpoint" name="test_omnis_sync_has_resonance" time="0.043" /><testcase classname="tests.test_omnis_nodule_v55.TestOmnisSyncEndpoint" name="test_omnis_sync_with_culture_param" time="0.087" /><testcase classname="tests.test_omnis_nodule_v55.TestOmnisCulturesEndpoint" name="test_cultures_returns_200" time="0.043" /><testcase classname="tests.test_omnis_nodule_v55.TestOmnisCulturesEndpoint" name="test_cultures_has_21_cultures" time="0.041" /><testcase classname="tests.test_omnis_nodule_v55.TestOmnisCulturesEndpoint" name="test_cultures_has_103_constellations" time="0.044" /><testcase classname="tests.test_omnis_nodule_v55.TestOmnisCulturesEndpoint" name="test_lakota_is_foundational" time="0.042" /><testcase classname="tests.test_omnis_nodule_v55.TestOmnisCulturesEndpoint" name="test_lakota_is_first_in_list" time="0.040" /><testcase classname="tests.test_omnis_nodule_v55.TestOmnisCulturesEndpoint" name="test_each_culture_has_required_fields" time="0.039" /><testcase classname="tests.test_omnis_nodule_v55.TestDeepLoreEndpoint" name="test_deep_lore_returns_200" time="0.050" /><testcase classname="tests.test_omnis_nodule_v55.TestDeepLoreEndpoint" name="test_deep_lore_returns_404_for_invalid" time="0.048" /><testcase classname="tests.test_omnis_nodule_v55.TestDeepLoreEndpoint" name="test_deep_lore_has_four_layers" time="0.085" /><testcase classname="tests.test_omnis_nodule_v55.TestDeepLoreEndpoint" name="test_deep_lore_layers_have_names" time="0.045" /><testcase classname="tests.test_omnis_nodule_v55.TestDeepLoreEndpoint" name="test_deep_lore_has_cross_nodule_connections" time="0.045" /><testcase classname="tests.test_omnis_nodule_v55.TestDeepLoreEndpoint" name="test_deep_lore_has_mythology" time="0.041" /><testcase classname="tests.test_omnis_nodule_v55.TestDeepLoreEndpoint" name="test_deep_lore_has_constellation_info" time="0.077" /><testcase classname="tests.test_omnis_nodule_v55.TestDeepLoreEndpoint" name="test_deep_lore_works_for_multiple_cultures" time="0.132" /><testcase classname="tests.test_omnis_nodule_v55.TestAwardLearningEndpoint" name="test_award_learning_requires_auth" time="0.040" /><testcase classname="tests.test_omnis_nodule_v55.TestAwardLearningEndpoint" name="test_award_learning_with_auth" time="0.302" /><testcase classname="tests.test_omnis_nodule_v55.TestAwardLearningEndpoint" name="test_award_learning_returns_credit_info" time="0.086" /><testcase classname="tests.test_omnis_nodule_v55.TestFoundationalCultureEndpoint" name="test_foundational_culture_returns_200" time="0.044" /><testcase classname="tests.test_omnis_nodule_v55.TestFoundationalCultureEndpoint" name="test_foundational_culture_is_lakota" time="0.045" /><testcase classname="tests.test_omnis_nodule_v55.TestFoundationalCultureEndpoint" name="test_foundational_has_local_resonance" time="0.043" /><testcase classname="tests.test_omnis_nodule_v55.TestFoundationalCultureEndpoint" name="test_has_orbital_cultures" time="0.042" /><testcase classname="tests.test_omnis_nodule_v55.TestCommonalityGroupsEndpoint" name="test_commonality_groups_returns_200" time="0.042" /><testcase classname="tests.test_omnis_nodule_v55.TestCommonalityGroupsEndpoint" name="test_has_all_four_groups" time="0.047" /><testcase classname="tests.test_omnis_nodule_v55.TestCommonalityGroupsEndpoint" name="test_has_cross_talk_map" time="0.054" /></testsuite></testsuites>