<?xml version="1.0" encoding="utf-8"?><testsuites name="pytest tests"><testsuite name="pytest" errors="0" failures="0" skipped="0" tests="15" time="1.776" timestamp="2026-04-02T01:14:15.296955+00:00" hostname="agent-env-8aaa18cb-eab8-48f7-a800-0b7fca0b348d"><testcase classname="backend.tests.test_iteration186_science_history_economy.TestAvenuesOverview" name="test_avenues_overview_returns_6_avenues" time="0.419" /><testcase classname="backend.tests.test_iteration186_science_history_economy.TestBotanicalLab" name="test_get_botanical_simulations" time="0.075" /><testcase classname="backend.tests.test_iteration186_science_history_economy.TestBotanicalLab" name="test_run_botanical_simulation" time="0.074" /><testcase classname="backend.tests.test_iteration186_science_history_economy.TestEBikeSimulator" name="test_get_ebike_simulations" time="0.107" /><testcase classname="backend.tests.test_iteration186_science_history_economy.TestEBikeSimulator" name="test_run_ebike_simulation" time="0.078" /><testcase classname="backend.tests.test_iteration186_science_history_economy.TestHistoryModules" name="test_get_history_modules" time="0.082" /><testcase classname="backend.tests.test_iteration186_science_history_economy.TestHistoryModules" name="test_get_history_question" time="0.073" /><testcase classname="backend.tests.test_iteration186_science_history_economy.TestHistoryModules" name="test_answer_history_question" time="0.078" /><testcase classname="backend.tests.test_iteration186_science_history_economy.TestGeologyModules" name="test_get_geology_modules" time="0.087" /><testcase classname="backend.tests.test_iteration186_science_history_economy.TestGeologyModules" name="test_get_geology_question" time="0.080" /><testcase classname="backend.tests.test_iteration186_science_history_economy.TestGeologyModules" name="test_answer_geology_question" time="0.081" /><testcase classname="backend.tests.test_iteration186_science_history_economy.TestCircularEconomy" name="test_get_shop_items" time="0.081" /><testcase classname="backend.tests.test_iteration186_science_history_economy.TestCircularEconomy" name="test_purchase_item" time="0.234" /><testcase classname="backend.tests.test_iteration186_science_history_economy.TestResonanceCheck" name="test_resonance_check_includes_all_avenues" time="0.088" /><testcase classname="backend.tests.test_iteration186_science_history_economy.TestHeartSync" name="test_heart_sync_challenge" time="0.077" /></testsuite></testsuites>