<?xml version="1.0" encoding="utf-8"?><testsuites name="pytest tests"><testsuite name="pytest" errors="0" failures="0" skipped="0" tests="12" time="4.918" timestamp="2026-03-31T10:39:15.165125+00:00" hostname="agent-env-8aaa18cb-eab8-48f7-a800-0b7fca0b348d"><testcase classname="backend.tests.test_iteration141_instant_frequency_play.TestInstantFrequencyPlayBackend" name="test_recommendations_endpoint_returns_200" time="0.413" /><testcase classname="backend.tests.test_iteration141_instant_frequency_play.TestInstantFrequencyPlayBackend" name="test_recommendations_has_required_fields" time="0.370" /><testcase classname="backend.tests.test_iteration141_instant_frequency_play.TestInstantFrequencyPlayBackend" name="test_recommendations_frequency_has_play_action" time="0.376" /><testcase classname="backend.tests.test_iteration141_instant_frequency_play.TestInstantFrequencyPlayBackend" name="test_recommendations_mood_frequency_mapping" time="0.403" /><testcase classname="backend.tests.test_iteration141_instant_frequency_play.TestInstantFrequencyPlayBackend" name="test_dashboard_suggestions_endpoint_returns_200" time="0.394" /><testcase classname="backend.tests.test_iteration141_instant_frequency_play.TestInstantFrequencyPlayBackend" name="test_dashboard_suggestions_has_suggestions_array" time="0.390" /><testcase classname="backend.tests.test_iteration141_instant_frequency_play.TestInstantFrequencyPlayBackend" name="test_dashboard_suggestions_mood_frequency" time="0.502" /><testcase classname="backend.tests.test_iteration141_instant_frequency_play.TestInstantFrequencyPlayBackend" name="test_dashboard_suggestions_frequency_hz_values" time="0.454" /><testcase classname="backend.tests.test_iteration141_instant_frequency_play.TestInstantFrequencyPlayBackend" name="test_dashboard_stats_endpoint_returns_200" time="0.540" /><testcase classname="backend.tests.test_iteration141_instant_frequency_play.TestInstantFrequencyPlayBackend" name="test_dashboard_stats_has_mood_data" time="0.357" /><testcase classname="backend.tests.test_iteration141_instant_frequency_play.TestInstantFrequencyPlayBackend" name="test_frequencies_endpoint_returns_200" time="0.325" /><testcase classname="backend.tests.test_iteration141_instant_frequency_play.TestInstantFrequencyPlayBackend" name="test_frequencies_has_required_fields" time="0.339" /></testsuite></testsuites>