<?xml version="1.0" encoding="utf-8"?><testsuites name="pytest tests"><testsuite name="pytest" errors="0" failures="0" skipped="0" tests="31" time="2.153" timestamp="2026-03-25T05:29:30.161003+00:00" hostname="agent-env-8aaa18cb-eab8-48f7-a800-0b7fca0b348d"><testcase classname="backend.tests.test_new_features.TestMudrasAPI" name="test_get_mudras_returns_list" time="0.133" /><testcase classname="backend.tests.test_new_features.TestMudrasAPI" name="test_get_mudras_returns_9_items" time="0.036" /><testcase classname="backend.tests.test_new_features.TestMudrasAPI" name="test_mudra_has_required_fields" time="0.041" /><testcase classname="backend.tests.test_new_features.TestYantrasAPI" name="test_get_yantras_returns_list" time="0.036" /><testcase classname="backend.tests.test_new_features.TestYantrasAPI" name="test_get_yantras_returns_7_items" time="0.037" /><testcase classname="backend.tests.test_new_features.TestYantrasAPI" name="test_yantra_has_required_fields" time="0.037" /><testcase classname="backend.tests.test_new_features.TestTantraAPI" name="test_get_tantra_returns_list" time="0.039" /><testcase classname="backend.tests.test_new_features.TestTantraAPI" name="test_get_tantra_returns_6_items" time="0.039" /><testcase classname="backend.tests.test_new_features.TestTantraAPI" name="test_tantra_has_required_fields" time="0.038" /><testcase classname="backend.tests.test_new_features.TestTantraAPI" name="test_tantra_categories" time="0.038" /><testcase classname="backend.tests.test_new_features.TestVideosAPI" name="test_get_videos_returns_list" time="0.039" /><testcase classname="backend.tests.test_new_features.TestVideosAPI" name="test_get_videos_returns_10_items" time="0.036" /><testcase classname="backend.tests.test_new_features.TestVideosAPI" name="test_video_has_required_fields" time="0.031" /><testcase classname="backend.tests.test_new_features.TestVideosAPI" name="test_video_categories" time="0.035" /><testcase classname="backend.tests.test_new_features.TestClassesAPI" name="test_get_classes_returns_list" time="0.037" /><testcase classname="backend.tests.test_new_features.TestClassesAPI" name="test_get_classes_returns_5_items" time="0.038" /><testcase classname="backend.tests.test_new_features.TestClassesAPI" name="test_class_has_required_fields" time="0.036" /><testcase classname="backend.tests.test_new_features.TestClassesAPI" name="test_get_class_detail" time="0.112" /><testcase classname="backend.tests.test_new_features.TestClassEnrollmentAPI" name="test_enroll_in_class" time="0.419" /><testcase classname="backend.tests.test_new_features.TestClassEnrollmentAPI" name="test_get_my_enrollments" time="0.078" /><testcase classname="backend.tests.test_new_features.TestClassEnrollmentAPI" name="test_complete_lesson" time="0.231" /><testcase classname="backend.tests.test_new_features.TestCertificationsAPI" name="test_get_my_certifications" time="0.042" /><testcase classname="backend.tests.test_new_features.TestFrequenciesAPI" name="test_get_frequencies_returns_list" time="0.042" /><testcase classname="backend.tests.test_new_features.TestFrequenciesAPI" name="test_get_frequencies_returns_12_items" time="0.031" /><testcase classname="backend.tests.test_new_features.TestFrequenciesAPI" name="test_frequency_has_required_fields" time="0.058" /><testcase classname="backend.tests.test_new_features.TestOracleAPI" name="test_get_zodiac" time="0.033" /><testcase classname="backend.tests.test_new_features.TestOracleAPI" name="test_get_chinese_zodiac" time="0.041" /><testcase classname="backend.tests.test_new_features.TestOracleAPI" name="test_get_sacred_geometry" time="0.041" /><testcase classname="backend.tests.test_new_features.TestDashboardAPI" name="test_get_dashboard_stats" time="0.059" /><testcase classname="backend.tests.test_new_features.TestProfileAPI" name="test_get_profile_covers" time="0.079" /><testcase classname="backend.tests.test_new_features.TestProfileAPI" name="test_get_my_profile" time="0.078" /></testsuite></testsuites>