<?xml version="1.0" encoding="utf-8"?><testsuites name="pytest tests"><testsuite name="pytest" errors="0" failures="0" skipped="0" tests="6" time="2.522" timestamp="2026-03-30T14:03:30.188858+00:00" hostname="agent-env-8aaa18cb-eab8-48f7-a800-0b7fca0b348d"><testcase classname="backend.tests.test_voice_tempo.TestVoiceCommand" name="test_voice_command_endpoint_exists" time="0.613" /><testcase classname="backend.tests.test_voice_tempo.TestVoiceCommand" name="test_voice_command_with_minimal_audio" time="0.510" /><testcase classname="backend.tests.test_voice_tempo.TestVoiceCommand" name="test_voice_command_request_validation" time="0.498" /><testcase classname="backend.tests.test_voice_tempo.TestVoiceCommand" name="test_voice_command_context_parameter" time="0.377" /><testcase classname="backend.tests.test_voice_tempo.TestCosmicLedgerStillAccessible" name="test_cosmic_ledger_endpoint" time="0.362" /><testcase classname="backend.tests.test_voice_tempo.TestHealthCheck" name="test_api_accessible" time="0.105" /></testsuite></testsuites>