<?xml version="1.0" encoding="utf-8"?><testsuites name="pytest tests"><testsuite name="pytest" errors="0" failures="0" skipped="0" tests="12" time="4.894" timestamp="2026-04-20T02:41:34.615415+00:00" hostname="agent-env-62cb525e-fdd8-461b-ba21-e4e416215f38"><testcase classname="backend.tests.test_v68_24_comprehensive.TestAuth" name="test_login_returns_valid_token" time="0.470" /><testcase classname="backend.tests.test_v68_24_comprehensive.TestProfile" name="test_get_my_profile_returns_avatar_b64" time="0.511" /><testcase classname="backend.tests.test_v68_24_comprehensive.TestProfile" name="test_get_public_profile_returns_avatar_b64" time="0.507" /><testcase classname="backend.tests.test_v68_24_comprehensive.TestAIVisuals" name="test_get_my_avatar_returns_status" time="0.645" /><testcase classname="backend.tests.test_v68_24_comprehensive.TestAIVisuals" name="test_chamber_meditation_returns_image" time="0.265" /><testcase classname="backend.tests.test_v68_24_comprehensive.TestRPG" name="test_get_character_returns_equipped_with_rarity_color" time="0.383" /><testcase classname="backend.tests.test_v68_24_comprehensive.TestSparks" name="test_sparks_wallet_returns_rank_xp" time="0.400" /><testcase classname="backend.tests.test_v68_24_comprehensive.TestSparks" name="test_sparks_immersion_credits_sparks" time="0.202" /><testcase classname="backend.tests.test_v68_24_comprehensive.TestCosmeticBundles" name="test_list_bundles_returns_dust_balance" time="0.418" /><testcase classname="backend.tests.test_v68_24_comprehensive.TestCosmeticBundles" name="test_purchase_debits_dust_not_sparks" time="0.337" /><testcase classname="backend.tests.test_v68_24_comprehensive.TestCosmeticBundles" name="test_repurchase_returns_already_owned" time="0.169" /><testcase classname="backend.tests.test_v68_24_comprehensive.TestSparksNeverDecreaseOnPurchase" name="test_sparks_invariant_on_purchase" time="0.497" /></testsuite></testsuites>