<?xml version="1.0" encoding="utf-8"?><testsuites name="pytest tests"><testsuite name="pytest" errors="0" failures="0" skipped="0" tests="37" time="7.760" timestamp="2026-04-01T05:51:36.854970+00:00" hostname="agent-env-8aaa18cb-eab8-48f7-a800-0b7fca0b348d"><testcase classname="backend.tests.test_economy_encounters_journal.TestEconomyExchangeRate" name="test_get_exchange_rate" time="0.562" /><testcase classname="backend.tests.test_economy_encounters_journal.TestEconomyExchangeRate" name="test_set_exchange_rate" time="0.225" /><testcase classname="backend.tests.test_economy_encounters_journal.TestEconomyExchangeRate" name="test_set_exchange_rate_validation_min" time="0.100" /><testcase classname="backend.tests.test_economy_encounters_journal.TestEconomyExchangeRate" name="test_set_exchange_rate_validation_max" time="0.093" /><testcase classname="backend.tests.test_economy_encounters_journal.TestEconomyDustConversion" name="test_convert_dust_insufficient" time="0.099" /><testcase classname="backend.tests.test_economy_encounters_journal.TestEconomyDustConversion" name="test_convert_dust_below_minimum" time="0.168" /><testcase classname="backend.tests.test_economy_encounters_journal.TestEconomyModules" name="test_get_modules" time="0.079" /><testcase classname="backend.tests.test_economy_encounters_journal.TestEconomyModules" name="test_check_access_known_module" time="0.088" /><testcase classname="backend.tests.test_economy_encounters_journal.TestEconomyModules" name="test_check_access_unknown_module" time="0.083" /><testcase classname="backend.tests.test_economy_encounters_journal.TestEconomyModules" name="test_unlock_module_unknown" time="0.076" /><testcase classname="backend.tests.test_economy_encounters_journal.TestEconomyCommunalGoals" name="test_get_communal_goals" time="0.076" /><testcase classname="backend.tests.test_economy_encounters_journal.TestEconomyCommunalGoals" name="test_contribute_communal_goal" time="0.090" /><testcase classname="backend.tests.test_economy_encounters_journal.TestEconomyCommunalGoals" name="test_contribute_unknown_goal" time="0.078" /><testcase classname="backend.tests.test_economy_encounters_journal.TestEncountersBoss" name="test_get_daily_boss" time="0.075" /><testcase classname="backend.tests.test_economy_encounters_journal.TestEncountersBoss" name="test_attempt_boss_success" time="0.166" /><testcase classname="backend.tests.test_economy_encounters_journal.TestEncountersBoss" name="test_attempt_boss_failure_time" time="0.173" /><testcase classname="backend.tests.test_economy_encounters_journal.TestEncountersBoss" name="test_attempt_boss_unknown" time="0.090" /><testcase classname="backend.tests.test_economy_encounters_journal.TestEncountersRival" name="test_get_rival" time="0.082" /><testcase classname="backend.tests.test_economy_encounters_journal.TestEncountersRival" name="test_rival_action_mine" time="0.089" /><testcase classname="backend.tests.test_economy_encounters_journal.TestEncountersRival" name="test_rival_action_stealth" time="0.082" /><testcase classname="backend.tests.test_economy_encounters_journal.TestEncountersRival" name="test_rival_action_speed_burst" time="0.096" /><testcase classname="backend.tests.test_economy_encounters_journal.TestEncountersRival" name="test_rival_action_unknown_rival" time="0.071" /><testcase classname="backend.tests.test_economy_encounters_journal.TestEncountersWorldVeins" name="test_get_world_veins" time="0.080" /><testcase classname="backend.tests.test_economy_encounters_journal.TestEncountersWorldVeins" name="test_contribute_vein_success" time="0.085" /><testcase classname="backend.tests.test_economy_encounters_journal.TestEncountersWorldVeins" name="test_contribute_vein_frequency_tolerance" time="0.087" /><testcase classname="backend.tests.test_economy_encounters_journal.TestEncountersWorldVeins" name="test_contribute_vein_frequency_mismatch" time="0.089" /><testcase classname="backend.tests.test_economy_encounters_journal.TestEncountersWorldVeins" name="test_contribute_vein_insufficient_duration" time="0.085" /><testcase classname="backend.tests.test_economy_encounters_journal.TestEncountersWorldVeins" name="test_contribute_vein_unknown" time="0.091" /><testcase classname="backend.tests.test_economy_encounters_journal.TestLivingJournal" name="test_get_journal_entries" time="0.090" /><testcase classname="backend.tests.test_economy_encounters_journal.TestLivingJournal" name="test_get_specimen_journal" time="0.078" /><testcase classname="backend.tests.test_economy_encounters_journal.TestLivingJournal" name="test_generate_journal_entry" time="1.950" /><testcase classname="backend.tests.test_economy_encounters_journal.TestLivingJournal" name="test_generate_journal_missing_specimen" time="0.109" /><testcase classname="backend.tests.test_economy_encounters_journal.TestLivingJournal" name="test_generate_journal_unowned_specimen" time="0.073" /><testcase classname="backend.tests.test_economy_encounters_journal.TestLivingJournal" name="test_add_reflection" time="1.845" /><testcase classname="backend.tests.test_economy_encounters_journal.TestLivingJournal" name="test_add_reflection_missing_fields" time="0.068" /><testcase classname="backend.tests.test_economy_encounters_journal.TestLivingJournal" name="test_add_reflection_too_long" time="0.089" /><testcase classname="backend.tests.test_economy_encounters_journal.TestMarketplaceDelegation" name="test_marketplace_convert_dust_delegates" time="0.086" /></testsuite></testsuites>