<?xml version="1.0" encoding="utf-8"?><testsuites name="pytest tests"><testsuite name="pytest" errors="0" failures="1" skipped="0" tests="30" time="3.904" timestamp="2026-04-01T17:08:27.867158+00:00" hostname="agent-env-8aaa18cb-eab8-48f7-a800-0b7fca0b348d"><testcase classname="backend.tests.test_mantras_avatar_tiered.TestMantrasAPI" name="test_get_random_mantras_default" time="0.292" /><testcase classname="backend.tests.test_mantras_avatar_tiered.TestMantrasAPI" name="test_get_mantras_with_count" time="0.104" /><testcase classname="backend.tests.test_mantras_avatar_tiered.TestMantrasAPI" name="test_get_mantras_by_category_trade" time="0.087" /><testcase classname="backend.tests.test_mantras_avatar_tiered.TestMantrasAPI" name="test_get_mantras_by_category_mixer" time="0.091" /><testcase classname="backend.tests.test_mantras_avatar_tiered.TestMantrasAPI" name="test_get_mantras_by_category_sacred" time="0.209" /><testcase classname="backend.tests.test_mantras_avatar_tiered.TestMantrasAPI" name="test_get_all_mantras" time="0.097" /><testcase classname="backend.tests.test_mantras_avatar_tiered.TestAvatarCatalog" name="test_avatar_catalog_returns_10_avatars" time="0.383" /><testcase classname="backend.tests.test_mantras_avatar_tiered.TestAvatarCatalog" name="test_avatar_catalog_tier_distribution" time="0.076" /><testcase classname="backend.tests.test_mantras_avatar_tiered.TestAvatarCatalog" name="test_avatar_catalog_structure" time="0.089" /><testcase classname="backend.tests.test_mantras_avatar_tiered.TestAvatarCatalog" name="test_free_avatars_unlocked_by_default" time="0.100" /><testcase classname="backend.tests.test_mantras_avatar_tiered.TestAvatarCatalog" name="test_premium_avatars_have_prices" time="0.091" /><testcase classname="backend.tests.test_mantras_avatar_tiered.TestAvatarProfile" name="test_avatar_profile_returns_active_avatar" time="0.092" /><testcase classname="backend.tests.test_mantras_avatar_tiered.TestAvatarProfile" name="test_avatar_profile_stats_structure" time="0.079" /><testcase classname="backend.tests.test_mantras_avatar_tiered.TestAvatarProfile" name="test_avatar_profile_mood_states" time="0.090" /><testcase classname="backend.tests.test_mantras_avatar_tiered.TestAvatarProfile" name="test_avatar_profile_resonance_range" time="0.114" /><testcase classname="backend.tests.test_mantras_avatar_tiered.TestAvatarSelect" name="test_select_free_avatar" time="0.076" /><testcase classname="backend.tests.test_mantras_avatar_tiered.TestAvatarSelect" name="test_select_locked_avatar_fails" time="0.109" /><testcase classname="backend.tests.test_mantras_avatar_tiered.TestAvatarSelect" name="test_select_invalid_avatar_fails" time="0.093" /><testcase classname="backend.tests.test_mantras_avatar_tiered.TestAvatarSelect" name="test_select_avatar_updates_profile" time="0.240" /><testcase classname="backend.tests.test_mantras_avatar_tiered.TestAvatarPurchase" name="test_purchase_premium_avatar_insufficient_credits" time="0.210" /><testcase classname="backend.tests.test_mantras_avatar_tiered.TestAvatarPurchase" name="test_purchase_non_premium_avatar_fails" time="0.088" /><testcase classname="backend.tests.test_mantras_avatar_tiered.TestTieredDustSales" name="test_ai_merchant_catalog_has_tiers" time="0.076" /><testcase classname="backend.tests.test_mantras_avatar_tiered.TestTieredDustSales" name="test_dust_base_tier_no_discount" time="0.078" /><testcase classname="backend.tests.test_mantras_avatar_tiered.TestTieredDustSales" name="test_dust_medium_tier_15_discount" time="0.107" /><testcase classname="backend.tests.test_mantras_avatar_tiered.TestTieredDustSales" name="test_dust_premium_tier_30_discount" time="0.096" /><testcase classname="backend.tests.test_mantras_avatar_tiered.TestReturnPenalty" name="test_sell_dust_applies_30_percent_fee" time="0.165"><failure message="assert 1 == (1 - 1)">backend/tests/test_mantras_avatar_tiered.py:356: in test_sell_dust_applies_30_percent_fee
    assert data["credits_earned"] == data["raw_credits"] - data["processing_fee"]
E   assert 1 == (1 - 1)</failure></testcase><testcase classname="backend.tests.test_mantras_avatar_tiered.TestReturnPenalty" name="test_sell_response_structure" time="0.185" /><testcase classname="backend.tests.test_mantras_avatar_tiered.TestReturnPenalty" name="test_sell_invalid_resource_fails" time="0.083" /><testcase classname="backend.tests.test_mantras_avatar_tiered.TestReturnPenalty" name="test_sell_zero_amount_fails" time="0.098" /><testcase classname="backend.tests.test_mantras_avatar_tiered.TestWalletEndpoint" name="test_wallet_returns_balances" time="0.081" /></testsuite></testsuites>