<?xml version="1.0" encoding="utf-8"?><testsuites name="pytest tests"><testsuite name="pytest" errors="0" failures="0" skipped="0" tests="21" time="8.562" timestamp="2026-03-25T12:28:11.772007+00:00" hostname="agent-env-8aaa18cb-eab8-48f7-a800-0b7fca0b348d"><testcase classname="tests.test_recommendations_learning.TestRecommendationEngine" name="test_recommendations_endpoint_returns_200" time="0.534" /><testcase classname="tests.test_recommendations_learning.TestRecommendationEngine" name="test_recommendations_response_structure" time="0.482" /><testcase classname="tests.test_recommendations_learning.TestRecommendationEngine" name="test_recommendations_list_structure" time="0.335" /><testcase classname="tests.test_recommendations_learning.TestRecommendationEngine" name="test_recommendations_max_count" time="0.351" /><testcase classname="tests.test_recommendations_learning.TestRecommendationEngine" name="test_recommendations_mood_based" time="0.359" /><testcase classname="tests.test_recommendations_learning.TestRecommendationEngine" name="test_recommendations_time_based" time="0.347" /><testcase classname="tests.test_recommendations_learning.TestRecommendationEngine" name="test_engagement_score_calculation" time="0.323" /><testcase classname="tests.test_recommendations_learning.TestRecommendationEngine" name="test_recommendations_without_auth" time="0.374" /><testcase classname="tests.test_recommendations_learning.TestLearningModules" name="test_learning_modules_endpoint_returns_200" time="0.349" /><testcase classname="tests.test_recommendations_learning.TestLearningModules" name="test_learning_modules_returns_4_modules" time="0.347" /><testcase classname="tests.test_recommendations_learning.TestLearningModules" name="test_learning_modules_structure" time="0.339" /><testcase classname="tests.test_recommendations_learning.TestLearningModules" name="test_learning_modules_unlock_logic" time="0.439" /><testcase classname="tests.test_recommendations_learning.TestLearningModules" name="test_learning_modules_total_counts" time="0.530" /><testcase classname="tests.test_recommendations_learning.TestLearningModules" name="test_learning_modules_without_auth" time="0.442" /><testcase classname="tests.test_recommendations_learning.TestCompleteLessonAPI" name="test_complete_lesson_success" time="0.386" /><testcase classname="tests.test_recommendations_learning.TestCompleteLessonAPI" name="test_complete_lesson_idempotent" time="0.423" /><testcase classname="tests.test_recommendations_learning.TestCompleteLessonAPI" name="test_complete_lesson_missing_lesson_id" time="0.404" /><testcase classname="tests.test_recommendations_learning.TestCompleteLessonAPI" name="test_complete_lesson_invalid_lesson_id" time="0.366" /><testcase classname="tests.test_recommendations_learning.TestCompleteLessonAPI" name="test_complete_lesson_without_auth" time="0.398" /><testcase classname="tests.test_recommendations_learning.TestCompleteLessonAPI" name="test_complete_lesson_updates_progress" time="0.448" /><testcase classname="tests.test_recommendations_learning.TestMoodRecommendationIntegration" name="test_recommendations_change_with_mood" time="0.501" /></testsuite></testsuites>