<?xml version="1.0" encoding="utf-8"?><testsuites name="pytest tests"><testsuite name="pytest" errors="0" failures="0" skipped="0" tests="11" time="13.733" timestamp="2026-04-16T20:51:25.622920+00:00" hostname="agent-env-62cb525e-fdd8-461b-ba21-e4e416215f38"><testcase classname="backend.tests.test_v55_omni_bridge_lakota.TestHealthAndBasics" name="test_health_endpoint" time="0.249" /><testcase classname="backend.tests.test_v55_omni_bridge_lakota.TestOmniBridgeLakotaSky" name="test_lakota_sky_returns_7_constellations" time="0.105" /><testcase classname="backend.tests.test_v55_omni_bridge_lakota.TestOmniBridgeCulturalMap" name="test_cultural_map_returns_17_bridges_across_10_modules" time="0.121" /><testcase classname="backend.tests.test_v55_omni_bridge_lakota.TestOmniBridgeNodeMythology" name="test_node_0_center_returns_correct_data" time="0.210" /><testcase classname="backend.tests.test_v55_omni_bridge_lakota.TestOmniBridgeNodeMythology" name="test_node_6_returns_heart_chakra_meditation" time="0.077" /><testcase classname="backend.tests.test_v55_omni_bridge_lakota.TestOmniBridgeNodeMythology" name="test_invalid_node_returns_400" time="0.100" /><testcase classname="backend.tests.test_v55_omni_bridge_lakota.TestOmniBridgeInsight" name="test_insight_requires_topic" time="0.099" /><testcase classname="backend.tests.test_v55_omni_bridge_lakota.TestOmniBridgeInsight" name="test_insight_returns_cross_cultural_data" time="10.864" /><testcase classname="backend.tests.test_v55_omni_bridge_lakota.TestVolunteerSystem" name="test_locked_user_gets_purchase_required_gate" time="0.120" /><testcase classname="backend.tests.test_v55_omni_bridge_lakota.TestVolunteerSystem" name="test_volunteer_rate_is_10_credits_per_hour" time="0.421" /><testcase classname="backend.tests.test_v55_omni_bridge_lakota.TestAllNodeMythology" name="test_all_13_nodes_return_valid_data" time="1.283" /></testsuite></testsuites>