<?xml version="1.0" encoding="utf-8"?><testsuites name="pytest tests"><testsuite name="pytest" errors="0" failures="2" skipped="0" tests="16" time="43.308" timestamp="2026-03-30T11:30:59.361643+00:00" hostname="agent-env-8aaa18cb-eab8-48f7-a800-0b7fca0b348d"><testcase classname="backend.tests.test_starseed_inventory_avatar_loot.TestInventoryEndpoints" name="test_get_inventory_pleiadian" time="0.617"><failure message="AssertionError: Expected 200, got 404: {&quot;detail&quot;:&quot;Character not found&quot;}&#10;assert 404 == 200&#10; +  where 404 = &lt;Response [404]&gt;.status_code">backend/tests/test_starseed_inventory_avatar_loot.py:48: in test_get_inventory_pleiadian
    assert response.status_code == 200, f"Expected 200, got {response.status_code}: {response.text}"
E   AssertionError: Expected 200, got 404: {"detail":"Character not found"}
E   assert 404 == 200
E    +  where 404 = &lt;Response [404]&gt;.status_code</failure></testcase><testcase classname="backend.tests.test_starseed_inventory_avatar_loot.TestInventoryEndpoints" name="test_get_inventory_invalid_origin" time="0.081" /><testcase classname="backend.tests.test_starseed_inventory_avatar_loot.TestInventoryEndpoints" name="test_get_inventory_no_auth" time="0.179" /><testcase classname="backend.tests.test_starseed_inventory_avatar_loot.TestInventoryEndpoints" name="test_equip_item_no_item" time="0.086" /><testcase classname="backend.tests.test_starseed_inventory_avatar_loot.TestInventoryEndpoints" name="test_equip_item_invalid_origin" time="0.100" /><testcase classname="backend.tests.test_starseed_inventory_avatar_loot.TestLootTableEndpoints" name="test_get_loot_table_void_tyrant" time="0.108" /><testcase classname="backend.tests.test_starseed_inventory_avatar_loot.TestLootTableEndpoints" name="test_get_loot_table_all_bosses" time="0.498" /><testcase classname="backend.tests.test_starseed_inventory_avatar_loot.TestLootTableEndpoints" name="test_get_loot_table_invalid_boss" time="0.109" /><testcase classname="backend.tests.test_starseed_inventory_avatar_loot.TestAvatarEndpoints" name="test_get_avatar_pleiadian" time="0.096"><failure message="AssertionError: Expected 200, got 404: {&quot;detail&quot;:&quot;Character not found&quot;}&#10;assert 404 == 200&#10; +  where 404 = &lt;Response [404]&gt;.status_code">backend/tests/test_starseed_inventory_avatar_loot.py:142: in test_get_avatar_pleiadian
    assert response.status_code == 200, f"Expected 200, got {response.status_code}: {response.text}"
E   AssertionError: Expected 200, got 404: {"detail":"Character not found"}
E   assert 404 == 200
E    +  where 404 = &lt;Response [404]&gt;.status_code</failure></testcase><testcase classname="backend.tests.test_starseed_inventory_avatar_loot.TestAvatarEndpoints" name="test_get_avatar_invalid_origin" time="0.101" /><testcase classname="backend.tests.test_starseed_inventory_avatar_loot.TestAvatarEndpoints" name="test_get_avatar_no_auth" time="0.088" /><testcase classname="backend.tests.test_starseed_inventory_avatar_loot.TestAvatarEndpoints" name="test_generate_avatar_invalid_origin" time="0.101" /><testcase classname="backend.tests.test_starseed_inventory_avatar_loot.TestBossFightEndpoints" name="test_initiate_boss_fight" time="6.486" /><testcase classname="backend.tests.test_starseed_inventory_avatar_loot.TestBossFightEndpoints" name="test_boss_action" time="15.638" /><testcase classname="backend.tests.test_starseed_inventory_avatar_loot.TestBossFightEndpoints" name="test_boss_action_invalid_battle" time="0.149" /><testcase classname="backend.tests.test_starseed_inventory_avatar_loot.TestBossLootDropIntegration" name="test_boss_defeat_loot_drop" time="18.773" /></testsuite></testsuites>