<?xml version="1.0" encoding="utf-8"?><testsuites name="pytest tests"><testsuite name="pytest" errors="0" failures="0" skipped="0" tests="9" time="0.887" timestamp="2026-04-17T00:25:49.465431+00:00" hostname="agent-env-62cb525e-fdd8-461b-ba21-e4e416215f38"><testcase classname="tests.test_v56_2_mobile_performance.TestCoreAPIs" name="test_health_endpoint" time="0.121" /><testcase classname="tests.test_v56_2_mobile_performance.TestCoreAPIs" name="test_crystals_api" time="0.091" /><testcase classname="tests.test_v56_2_mobile_performance.TestCoreAPIs" name="test_herbology_herbs_api" time="0.079" /><testcase classname="tests.test_v56_2_mobile_performance.TestCoreAPIs" name="test_yoga_styles_api" time="0.105" /><testcase classname="tests.test_v56_2_mobile_performance.TestCoreAPIs" name="test_oracle_zodiac_api" time="0.080" /><testcase classname="tests.test_v56_2_mobile_performance.TestCoreAPIs" name="test_rpg_status_api" time="0.089" /><testcase classname="tests.test_v56_2_mobile_performance.TestCoreAPIs" name="test_teachings_teachers_api" time="0.086" /><testcase classname="tests.test_v56_2_mobile_performance.TestCoreAPIs" name="test_frequencies_api" time="0.090" /><testcase classname="tests.test_v56_2_mobile_performance.TestCoreAPIs" name="test_sovereign_status_api" time="0.078" /></testsuite></testsuites>