<?xml version="1.0" encoding="utf-8"?><testsuites name="pytest tests"><testsuite name="pytest" errors="0" failures="0" skipped="0" tests="6" time="2.656" timestamp="2026-04-02T09:27:44.882370+00:00" hostname="agent-env-8aaa18cb-eab8-48f7-a800-0b7fca0b348d"><testcase classname="backend.tests.test_iteration204_glassmorphism_audio.TestIteration204BackendRegression" name="test_auth_login" time="0.512" /><testcase classname="backend.tests.test_iteration204_glassmorphism_audio.TestIteration204BackendRegression" name="test_observatory_planets" time="0.629" /><testcase classname="backend.tests.test_iteration204_glassmorphism_audio.TestIteration204BackendRegression" name="test_mastery_tier" time="0.364" /><testcase classname="backend.tests.test_iteration204_glassmorphism_audio.TestIteration204BackendRegression" name="test_workshop_platonic_solids" time="0.374" /><testcase classname="backend.tests.test_iteration204_glassmorphism_audio.TestIteration204BackendRegression" name="test_observatory_stars" time="0.359" /><testcase classname="backend.tests.test_iteration204_glassmorphism_audio.TestIteration204BackendRegression" name="test_observatory_events" time="0.355" /></testsuite></testsuites>