<?xml version="1.0" encoding="utf-8"?><testsuites name="pytest tests"><testsuite name="pytest" errors="0" failures="0" skipped="0" tests="13" time="6.761" timestamp="2026-03-30T04:02:28.961556+00:00" hostname="agent-env-8aaa18cb-eab8-48f7-a800-0b7fca0b348d"><testcase classname="backend.tests.test_iteration110_media_library.TestMediaLibraryAPI" name="test_get_my_library" time="0.411" /><testcase classname="backend.tests.test_iteration110_media_library.TestMediaLibraryAPI" name="test_get_community_library" time="0.369" /><testcase classname="backend.tests.test_iteration110_media_library.TestMediaLibraryAPI" name="test_get_community_with_type_filter" time="0.392" /><testcase classname="backend.tests.test_iteration110_media_library.TestMediaLibraryAPI" name="test_create_library_item" time="0.572" /><testcase classname="backend.tests.test_iteration110_media_library.TestMediaLibraryAPI" name="test_update_library_item" time="0.634" /><testcase classname="backend.tests.test_iteration110_media_library.TestMediaLibraryAPI" name="test_toggle_like" time="0.609" /><testcase classname="backend.tests.test_iteration110_media_library.TestMediaLibraryAPI" name="test_delete_library_item" time="0.533" /><testcase classname="backend.tests.test_iteration110_media_library.TestMediaLibraryAPI" name="test_get_single_item_increments_view_count" time="0.611" /><testcase classname="backend.tests.test_iteration110_media_library.TestMediaLibraryAPI" name="test_media_types" time="0.945" /><testcase classname="backend.tests.test_iteration110_media_library.TestMediaLibraryEdgeCases" name="test_delete_nonexistent_item" time="0.411" /><testcase classname="backend.tests.test_iteration110_media_library.TestMediaLibraryEdgeCases" name="test_update_nonexistent_item" time="0.366" /><testcase classname="backend.tests.test_iteration110_media_library.TestMediaLibraryEdgeCases" name="test_like_nonexistent_item" time="0.377" /><testcase classname="backend.tests.test_iteration110_media_library.TestMediaLibraryEdgeCases" name="test_unauthenticated_access" time="0.453" /></testsuite></testsuites>