<?xml version="1.0" encoding="utf-8"?><testsuites name="pytest tests"><testsuite name="pytest" errors="0" failures="0" skipped="0" tests="20" time="3.685" timestamp="2026-03-27T17:51:31.577014+00:00" hostname="agent-env-8aaa18cb-eab8-48f7-a800-0b7fca0b348d"><testcase classname="backend.tests.test_iteration71_launch_readiness.TestAuthAndAdminRole" name="test_login_returns_role_field" time="0.358" /><testcase classname="backend.tests.test_iteration71_launch_readiness.TestAuthAndAdminRole" name="test_login_returns_user_data" time="0.000" /><testcase classname="backend.tests.test_iteration71_launch_readiness.TestAuthAndAdminRole" name="test_auth_me_returns_user_data" time="0.094" /><testcase classname="backend.tests.test_iteration71_launch_readiness.TestSubscriptionAdminAccess" name="test_my_plan_shows_admin_status" time="0.451" /><testcase classname="backend.tests.test_iteration71_launch_readiness.TestSubscriptionAdminAccess" name="test_check_access_sora_video_allowed" time="0.102" /><testcase classname="backend.tests.test_iteration71_launch_readiness.TestSubscriptionAdminAccess" name="test_check_access_white_label_allowed" time="0.082" /><testcase classname="backend.tests.test_iteration71_launch_readiness.TestSubscriptionAdminAccess" name="test_use_credits_admin_bypass" time="0.096" /><testcase classname="backend.tests.test_iteration71_launch_readiness.TestSubscriptionAdminAccess" name="test_tiers_returns_all_five" time="0.085" /><testcase classname="backend.tests.test_iteration71_launch_readiness.TestSubscriptionAdminAccess" name="test_gated_features_all_allowed_for_admin" time="0.097" /><testcase classname="backend.tests.test_iteration71_launch_readiness.TestStarChartEndpoints" name="test_cultures_returns_all_eight" time="0.408" /><testcase classname="backend.tests.test_iteration71_launch_readiness.TestStarChartEndpoints" name="test_vedic_culture_returns_data" time="0.097" /><testcase classname="backend.tests.test_iteration71_launch_readiness.TestTradeCircleEndpoints" name="test_trade_circle_stats" time="0.382" /><testcase classname="backend.tests.test_iteration71_launch_readiness.TestTradeCircleEndpoints" name="test_karma_leaderboard" time="0.095" /><testcase classname="backend.tests.test_iteration71_launch_readiness.TestAchievementsAndDashboard" name="test_achievements_endpoint" time="0.405" /><testcase classname="backend.tests.test_iteration71_launch_readiness.TestAchievementsAndDashboard" name="test_dashboard_stats" time="0.105" /><testcase classname="backend.tests.test_iteration71_launch_readiness.TestCoreEndpointsHealth" name="test_health_endpoint" time="0.076" /><testcase classname="backend.tests.test_iteration71_launch_readiness.TestCoreEndpointsHealth" name="test_oracle_endpoint" time="0.387" /><testcase classname="backend.tests.test_iteration71_launch_readiness.TestCoreEndpointsHealth" name="test_mood_endpoint" time="0.082" /><testcase classname="backend.tests.test_iteration71_launch_readiness.TestCoreEndpointsHealth" name="test_meditation_sessions" time="0.074" /><testcase classname="backend.tests.test_iteration71_launch_readiness.TestCoreEndpointsHealth" name="test_breathing_exercises" time="0.118" /></testsuite></testsuites>