<?xml version="1.0" encoding="utf-8"?><testsuites name="pytest tests"><testsuite name="pytest" errors="0" failures="0" skipped="0" tests="12" time="1.706" timestamp="2026-04-03T11:25:45.317961+00:00" hostname="agent-env-8aaa18cb-eab8-48f7-a800-0b7fca0b348d"><testcase classname="tests.test_iteration239_phonic_api.TestPhonicRecordMovement" name="test_record_movement_success" time="0.471" /><testcase classname="tests.test_iteration239_phonic_api.TestPhonicRecordMovement" name="test_record_movement_suanpan_route" time="0.103" /><testcase classname="tests.test_iteration239_phonic_api.TestPhonicRecordMovement" name="test_record_movement_star_chart_route" time="0.209" /><testcase classname="tests.test_iteration239_phonic_api.TestPhonicRecordMovement" name="test_record_movement_unauthorized" time="0.094" /><testcase classname="tests.test_iteration239_phonic_api.TestPhonicGenerateFlourish" name="test_generate_flourish_success" time="0.083" /><testcase classname="tests.test_iteration239_phonic_api.TestPhonicGenerateFlourish" name="test_generate_flourish_with_small_limit" time="0.091" /><testcase classname="tests.test_iteration239_phonic_api.TestPhonicGenerateFlourish" name="test_generate_flourish_unauthorized" time="0.098" /><testcase classname="tests.test_iteration239_phonic_api.TestPhonicHarmonicPairs" name="test_harmonic_pairs_success" time="0.083" /><testcase classname="tests.test_iteration239_phonic_api.TestPhonicHarmonicPairs" name="test_harmonic_pairs_unauthorized" time="0.092" /><testcase classname="tests.test_iteration239_phonic_api.TestPhonicMovementSummary" name="test_movement_summary_success" time="0.108" /><testcase classname="tests.test_iteration239_phonic_api.TestPhonicMovementSummary" name="test_movement_summary_unauthorized" time="0.088" /><testcase classname="tests.test_iteration239_phonic_api.TestHealthCheck" name="test_health_endpoint" time="0.100" /></testsuite></testsuites>