<?xml version="1.0" encoding="utf-8"?><testsuites name="pytest tests"><testsuite name="pytest" errors="0" failures="0" skipped="0" tests="29" time="5.143" timestamp="2026-03-27T13:21:17.923475+00:00" hostname="agent-env-8aaa18cb-eab8-48f7-a800-0b7fca0b348d"><testcase classname="backend.tests.test_iteration66_trade_circle.TestTradeCircleListings" name="test_create_listing_success" time="0.730" /><testcase classname="backend.tests.test_iteration66_trade_circle.TestTradeCircleListings" name="test_create_listing_missing_title" time="0.103" /><testcase classname="backend.tests.test_iteration66_trade_circle.TestTradeCircleListings" name="test_create_listing_missing_offering" time="0.106" /><testcase classname="backend.tests.test_iteration66_trade_circle.TestTradeCircleListings" name="test_create_listing_invalid_category" time="0.124" /><testcase classname="backend.tests.test_iteration66_trade_circle.TestTradeCircleListings" name="test_create_listing_services_category" time="0.114" /><testcase classname="backend.tests.test_iteration66_trade_circle.TestTradeCircleListings" name="test_create_listing_both_category" time="0.131" /><testcase classname="backend.tests.test_iteration66_trade_circle.TestTradeCircleListings" name="test_get_listings" time="0.130" /><testcase classname="backend.tests.test_iteration66_trade_circle.TestTradeCircleListings" name="test_get_listings_with_category_filter" time="0.087" /><testcase classname="backend.tests.test_iteration66_trade_circle.TestTradeCircleListings" name="test_get_listings_with_search" time="0.091" /><testcase classname="backend.tests.test_iteration66_trade_circle.TestTradeCircleListings" name="test_get_my_listings" time="0.124" /><testcase classname="backend.tests.test_iteration66_trade_circle.TestTradeCircleListings" name="test_get_listing_detail" time="0.115" /><testcase classname="backend.tests.test_iteration66_trade_circle.TestTradeCircleListings" name="test_get_listing_not_found" time="0.102" /><testcase classname="backend.tests.test_iteration66_trade_circle.TestTradeCircleListings" name="test_update_listing" time="0.213" /><testcase classname="backend.tests.test_iteration66_trade_circle.TestTradeCircleListings" name="test_update_listing_not_owner" time="0.725" /><testcase classname="backend.tests.test_iteration66_trade_circle.TestTradeCircleOffers" name="test_create_listing_for_offers" time="0.091" /><testcase classname="backend.tests.test_iteration66_trade_circle.TestTradeCircleOffers" name="test_make_offer_success" time="0.131" /><testcase classname="backend.tests.test_iteration66_trade_circle.TestTradeCircleOffers" name="test_cannot_offer_on_own_listing" time="0.106" /><testcase classname="backend.tests.test_iteration66_trade_circle.TestTradeCircleOffers" name="test_cannot_duplicate_pending_offer" time="0.089" /><testcase classname="backend.tests.test_iteration66_trade_circle.TestTradeCircleOffers" name="test_get_my_offers" time="0.116" /><testcase classname="backend.tests.test_iteration66_trade_circle.TestTradeCircleOffers" name="test_decline_offer" time="0.106" /><testcase classname="backend.tests.test_iteration66_trade_circle.TestTradeCircleOffers" name="test_create_new_offer_for_accept_test" time="0.106" /><testcase classname="backend.tests.test_iteration66_trade_circle.TestTradeCircleOffers" name="test_accept_offer" time="0.205" /><testcase classname="backend.tests.test_iteration66_trade_circle.TestTradeCircleOffers" name="test_respond_invalid_action" time="0.114" /><testcase classname="backend.tests.test_iteration66_trade_circle.TestTradeCircleStats" name="test_get_stats" time="0.093" /><testcase classname="backend.tests.test_iteration66_trade_circle.TestTradeCircleCleanup" name="test_delete_listing" time="0.177" /><testcase classname="backend.tests.test_iteration66_trade_circle.TestTradeCircleCleanup" name="test_cleanup_test_listings" time="0.500" /><testcase classname="backend.tests.test_iteration66_trade_circle.TestTradeCircleUnauthorized" name="test_listings_without_auth" time="0.098" /><testcase classname="backend.tests.test_iteration66_trade_circle.TestTradeCircleUnauthorized" name="test_create_listing_without_auth" time="0.083" /><testcase classname="backend.tests.test_iteration66_trade_circle.TestTradeCircleUnauthorized" name="test_stats_without_auth" time="0.100" /></testsuite></testsuites>