<?xml version="1.0" encoding="utf-8"?><testsuites name="pytest tests"><testsuite name="pytest" errors="0" failures="0" skipped="1" tests="19" time="2.709" timestamp="2026-04-01T17:37:15.643910+00:00" hostname="agent-env-8aaa18cb-eab8-48f7-a800-0b7fca0b348d"><testcase classname="backend.tests.test_revenue_fidelity_content_broker.TestFidelityStatus" name="test_fidelity_status_returns_tier_info" time="0.707" /><testcase classname="backend.tests.test_revenue_fidelity_content_broker.TestFidelityStatus" name="test_fidelity_status_returns_boost_status" time="0.094" /><testcase classname="backend.tests.test_revenue_fidelity_content_broker.TestFidelityStatus" name="test_fidelity_status_returns_boost_packs" time="0.086" /><testcase classname="backend.tests.test_revenue_fidelity_content_broker.TestFidelityStatus" name="test_fidelity_status_returns_free_trial_eligible" time="0.075" /><testcase classname="backend.tests.test_revenue_fidelity_content_broker.TestFidelityBoost" name="test_boost_with_dust_deducts_and_activates" time="0.269" /><testcase classname="backend.tests.test_revenue_fidelity_content_broker.TestFidelityBoost" name="test_boost_with_credits_deducts_and_activates" time="0.107" /><testcase classname="backend.tests.test_revenue_fidelity_content_broker.TestFidelityBoost" name="test_boost_invalid_pack_returns_400" time="0.091" /><testcase classname="backend.tests.test_revenue_fidelity_content_broker.TestFidelityTrial" name="test_activate_trial_for_eligible_user" time="0.084" /><testcase classname="backend.tests.test_revenue_fidelity_content_broker.TestContentBrokerGenerate" name="test_generate_victory_mantra" time="0.125" /><testcase classname="backend.tests.test_revenue_fidelity_content_broker.TestContentBrokerGenerate" name="test_generate_recovery_frequency" time="0.086" /><testcase classname="backend.tests.test_revenue_fidelity_content_broker.TestContentBrokerGenerate" name="test_generate_cosmic_blend" time="0.102" /><testcase classname="backend.tests.test_revenue_fidelity_content_broker.TestContentBrokerGenerate" name="test_generate_invalid_type_returns_400" time="0.076" /><testcase classname="backend.tests.test_revenue_fidelity_content_broker.TestContentBrokerCatalog" name="test_catalog_returns_assets_with_tier_pricing" time="0.097" /><testcase classname="backend.tests.test_revenue_fidelity_content_broker.TestContentBrokerCatalog" name="test_catalog_filter_by_type" time="0.098" /><testcase classname="backend.tests.test_revenue_fidelity_content_broker.TestContentBrokerPurchase" name="test_purchase_content_deducts_credits" time="0.095"><skipped type="pytest.skip" message="No purchasable assets available (all owned by test user)">/app/backend/tests/test_revenue_fidelity_content_broker.py:336: No purchasable assets available (all owned by test user)</skipped></testcase><testcase classname="backend.tests.test_revenue_fidelity_content_broker.TestContentBrokerPurchase" name="test_purchase_own_content_returns_400" time="0.165" /><testcase classname="backend.tests.test_revenue_fidelity_content_broker.TestContentBrokerPurchase" name="test_purchase_invalid_asset_returns_404" time="0.088" /><testcase classname="backend.tests.test_revenue_fidelity_content_broker.TestContentBrokerMyContent" name="test_my_content_returns_created_and_purchased" time="0.079" /><testcase classname="backend.tests.test_revenue_fidelity_content_broker.TestTradeCircleTabs" name="test_trade_circle_stats_endpoint" time="0.083" /></testsuite></testsuites>