<?xml version="1.0" encoding="utf-8"?><testsuites name="pytest tests"><testsuite name="pytest" errors="0" failures="0" skipped="0" tests="40" time="4.112" timestamp="2026-03-29T16:43:38.207000+00:00" hostname="agent-env-8aaa18cb-eab8-48f7-a800-0b7fca0b348d"><testcase classname="backend.tests.test_quick_reset_expanded.TestQuickResetEndpoints" name="test_quick_reset_feeling[happy]" time="0.250" /><testcase classname="backend.tests.test_quick_reset_expanded.TestQuickResetEndpoints" name="test_quick_reset_feeling[peaceful]" time="0.083" /><testcase classname="backend.tests.test_quick_reset_expanded.TestQuickResetEndpoints" name="test_quick_reset_feeling[energized]" time="0.198" /><testcase classname="backend.tests.test_quick_reset_expanded.TestQuickResetEndpoints" name="test_quick_reset_feeling[grateful]" time="0.091" /><testcase classname="backend.tests.test_quick_reset_expanded.TestQuickResetEndpoints" name="test_quick_reset_feeling[curious]" time="0.098" /><testcase classname="backend.tests.test_quick_reset_expanded.TestQuickResetEndpoints" name="test_quick_reset_feeling[inspired]" time="0.083" /><testcase classname="backend.tests.test_quick_reset_expanded.TestQuickResetEndpoints" name="test_quick_reset_feeling[hopeful]" time="0.085" /><testcase classname="backend.tests.test_quick_reset_expanded.TestQuickResetEndpoints" name="test_quick_reset_feeling[creative]" time="0.120" /><testcase classname="backend.tests.test_quick_reset_expanded.TestQuickResetEndpoints" name="test_quick_reset_feeling[connected]" time="0.169" /><testcase classname="backend.tests.test_quick_reset_expanded.TestQuickResetEndpoints" name="test_quick_reset_feeling[brave]" time="0.098" /><testcase classname="backend.tests.test_quick_reset_expanded.TestQuickResetEndpoints" name="test_quick_reset_feeling[stressed]" time="0.083" /><testcase classname="backend.tests.test_quick_reset_expanded.TestQuickResetEndpoints" name="test_quick_reset_feeling[anxious]" time="0.094" /><testcase classname="backend.tests.test_quick_reset_expanded.TestQuickResetEndpoints" name="test_quick_reset_feeling[tired]" time="0.075" /><testcase classname="backend.tests.test_quick_reset_expanded.TestQuickResetEndpoints" name="test_quick_reset_feeling[sad]" time="0.103" /><testcase classname="backend.tests.test_quick_reset_expanded.TestQuickResetEndpoints" name="test_quick_reset_feeling[unfocused]" time="0.105" /><testcase classname="backend.tests.test_quick_reset_expanded.TestQuickResetEndpoints" name="test_quick_reset_feeling[restless]" time="0.073" /><testcase classname="backend.tests.test_quick_reset_expanded.TestQuickResetEndpoints" name="test_quick_reset_feeling[angry]" time="0.100" /><testcase classname="backend.tests.test_quick_reset_expanded.TestQuickResetEndpoints" name="test_quick_reset_feeling[lonely]" time="0.088" /><testcase classname="backend.tests.test_quick_reset_expanded.TestQuickResetEndpoints" name="test_quick_reset_feeling[overwhelmed]" time="0.089" /><testcase classname="backend.tests.test_quick_reset_expanded.TestQuickResetEndpoints" name="test_quick_reset_feeling[grief]" time="0.074" /><testcase classname="backend.tests.test_quick_reset_expanded.TestQuickResetEndpoints" name="test_quick_reset_feeling[numb]" time="0.101" /><testcase classname="backend.tests.test_quick_reset_expanded.TestQuickResetEndpoints" name="test_quick_reset_feeling[fearful]" time="0.084" /><testcase classname="backend.tests.test_quick_reset_expanded.TestQuickResetEndpoints" name="test_quick_reset_feeling[frustrated]" time="0.094" /><testcase classname="backend.tests.test_quick_reset_expanded.TestQuickResetEndpoints" name="test_quick_reset_feeling[burnout]" time="0.083" /><testcase classname="backend.tests.test_quick_reset_expanded.TestQuickResetEndpoints" name="test_quick_reset_feeling[disconnected]" time="0.080" /><testcase classname="backend.tests.test_quick_reset_expanded.TestQuickResetEndpoints" name="test_quick_reset_feeling[jealous]" time="0.107" /><testcase classname="backend.tests.test_quick_reset_expanded.TestQuickResetEndpoints" name="test_quick_reset_feeling[impatient]" time="0.115" /><testcase classname="backend.tests.test_quick_reset_expanded.TestQuickResetEndpoints" name="test_quick_reset_feeling[bored]" time="0.088" /><testcase classname="backend.tests.test_quick_reset_expanded.TestQuickResetEndpoints" name="test_quick_reset_feeling[nostalgic]" time="0.093" /><testcase classname="backend.tests.test_quick_reset_expanded.TestQuickResetEndpoints" name="test_quick_reset_feeling[awakening]" time="0.082" /><testcase classname="backend.tests.test_quick_reset_expanded.TestQuickResetEndpoints" name="test_quick_reset_feeling[seeking]" time="0.094" /><testcase classname="backend.tests.test_quick_reset_expanded.TestQuickResetEndpoints" name="test_quick_reset_feeling[grounding]" time="0.079" /><testcase classname="backend.tests.test_quick_reset_expanded.TestQuickResetEndpoints" name="test_quick_reset_feeling[expansive]" time="0.080" /><testcase classname="backend.tests.test_quick_reset_expanded.TestQuickResetEndpoints" name="test_quick_reset_invalid_feeling" time="0.088" /><testcase classname="backend.tests.test_quick_reset_expanded.TestQuickResetEndpoints" name="test_quick_reset_angry" time="0.108" /><testcase classname="backend.tests.test_quick_reset_expanded.TestQuickResetEndpoints" name="test_quick_reset_grief" time="0.118" /><testcase classname="backend.tests.test_quick_reset_expanded.TestQuickResetEndpoints" name="test_quick_reset_overwhelmed" time="0.099" /><testcase classname="backend.tests.test_quick_reset_expanded.TestQuickResetEndpoints" name="test_quick_reset_awakening" time="0.101" /><testcase classname="backend.tests.test_quick_reset_expanded.TestQuickResetEndpoints" name="test_quick_reset_creative" time="0.086" /><testcase classname="backend.tests.test_quick_reset_expanded.TestQuickResetEndpoints" name="test_quick_reset_burnout" time="0.085" /></testsuite></testsuites>