<?xml version="1.0" encoding="utf-8"?><testsuites name="pytest tests"><testsuite name="pytest" errors="0" failures="0" skipped="0" tests="24" time="2.338" timestamp="2026-03-25T06:44:49.610353+00:00" hostname="agent-env-8aaa18cb-eab8-48f7-a800-0b7fca0b348d"><testcase classname="backend.tests.test_comprehensive_api.TestHealthAPI" name="test_health_check" time="0.233" /><testcase classname="backend.tests.test_comprehensive_api.TestAuthAPI" name="test_login_success" time="0.262" /><testcase classname="backend.tests.test_comprehensive_api.TestAuthAPI" name="test_register_or_login" time="0.306" /><testcase classname="backend.tests.test_comprehensive_api.TestStaticDataEndpoints" name="test_mudras_endpoint" time="0.042" /><testcase classname="backend.tests.test_comprehensive_api.TestStaticDataEndpoints" name="test_yantras_endpoint" time="0.047" /><testcase classname="backend.tests.test_comprehensive_api.TestStaticDataEndpoints" name="test_tantra_endpoint" time="0.040" /><testcase classname="backend.tests.test_comprehensive_api.TestStaticDataEndpoints" name="test_exercises_endpoint" time="0.038" /><testcase classname="backend.tests.test_comprehensive_api.TestStaticDataEndpoints" name="test_frequencies_endpoint" time="0.044" /><testcase classname="backend.tests.test_comprehensive_api.TestStaticDataEndpoints" name="test_nourishment_endpoint" time="0.041" /><testcase classname="backend.tests.test_comprehensive_api.TestStaticDataEndpoints" name="test_challenges_endpoint" time="0.046" /><testcase classname="backend.tests.test_comprehensive_api.TestStaticDataEndpoints" name="test_videos_endpoint" time="0.043" /><testcase classname="backend.tests.test_comprehensive_api.TestStaticDataEndpoints" name="test_classes_endpoint" time="0.039" /><testcase classname="backend.tests.test_comprehensive_api.TestOracleEndpoints" name="test_zodiac_endpoint" time="0.041" /><testcase classname="backend.tests.test_comprehensive_api.TestOracleEndpoints" name="test_chinese_zodiac_endpoint" time="0.041" /><testcase classname="backend.tests.test_comprehensive_api.TestOracleEndpoints" name="test_sacred_geometry_endpoint" time="0.039" /><testcase classname="backend.tests.test_comprehensive_api.TestOracleEndpoints" name="test_tarot_deck_endpoint" time="0.037" /><testcase classname="backend.tests.test_comprehensive_api.TestDashboardAPI" name="test_dashboard_stats" time="0.385" /><testcase classname="backend.tests.test_comprehensive_api.TestCreationsAPI" name="test_get_shared_creations" time="0.044" /><testcase classname="backend.tests.test_comprehensive_api.TestCreationsAPI" name="test_get_my_creations" time="0.080" /><testcase classname="backend.tests.test_comprehensive_api.TestCreationsAPI" name="test_create_and_delete_creation" time="0.237" /><testcase classname="backend.tests.test_comprehensive_api.TestCommunityAPI" name="test_get_community_feed" time="0.042" /><testcase classname="backend.tests.test_comprehensive_api.TestProfileAPI" name="test_get_profile_covers" time="0.043" /><testcase classname="backend.tests.test_comprehensive_api.TestProfileAPI" name="test_get_my_profile" time="0.046" /><testcase classname="backend.tests.test_comprehensive_api.TestAffirmationsAPI" name="test_get_daily_affirmation" time="0.040" /></testsuite></testsuites>