<?xml version="1.0" encoding="utf-8"?><testsuites name="pytest tests"><testsuite name="pytest" errors="0" failures="0" skipped="0" tests="23" time="4.392" timestamp="2026-04-03T17:46:49.820876+00:00" hostname="agent-env-8aaa18cb-eab8-48f7-a800-0b7fca0b348d"><testcase classname="backend.tests.test_iteration252_collective_resonance.TestResonanceGlobal" name="test_global_resonance_public_access" time="0.135" /><testcase classname="backend.tests.test_iteration252_collective_resonance.TestResonanceGlobal" name="test_global_density_value" time="0.077" /><testcase classname="backend.tests.test_iteration252_collective_resonance.TestResonanceGlobal" name="test_cluster_heatmap_structure" time="0.095" /><testcase classname="backend.tests.test_iteration252_collective_resonance.TestResonanceGlobal" name="test_cross_cluster_resonance_structure" time="0.094" /><testcase classname="backend.tests.test_iteration252_collective_resonance.TestResonanceGlobal" name="test_surge_status_structure" time="0.085" /><testcase classname="backend.tests.test_iteration252_collective_resonance.TestResonanceHeatmap" name="test_heatmap_public_access" time="0.143" /><testcase classname="backend.tests.test_iteration252_collective_resonance.TestResonanceHeatmap" name="test_heatmap_4x4_structure" time="0.100" /><testcase classname="backend.tests.test_iteration252_collective_resonance.TestResonanceMatrix" name="test_matrix_requires_auth" time="0.088" /><testcase classname="backend.tests.test_iteration252_collective_resonance.TestResonanceMatrix" name="test_matrix_with_auth" time="0.423" /><testcase classname="backend.tests.test_iteration252_collective_resonance.TestResonanceSurge" name="test_surge_status_public" time="0.086" /><testcase classname="backend.tests.test_iteration252_collective_resonance.TestResonanceSurge" name="test_surge_effects_when_active" time="0.387" /><testcase classname="backend.tests.test_iteration252_collective_resonance.TestResonanceTriggerAggregation" name="test_trigger_requires_auth" time="0.097" /><testcase classname="backend.tests.test_iteration252_collective_resonance.TestResonanceTriggerAggregation" name="test_trigger_with_auth" time="0.096" /><testcase classname="backend.tests.test_iteration252_collective_resonance.TestBrokerTradeSurgeAware" name="test_trade_commerce_fee_during_surge" time="0.806" /><testcase classname="backend.tests.test_iteration252_collective_resonance.TestBrokerTransmuteSurgeAware" name="test_transmute_ratio_during_surge" time="0.481" /><testcase classname="backend.tests.test_iteration252_collective_resonance.TestQuadHexResolveH2" name="test_resolve_h2_requires_auth" time="0.090" /><testcase classname="backend.tests.test_iteration252_collective_resonance.TestQuadHexResolveH2" name="test_resolve_h2_returns_24x24_matrix" time="0.105" /><testcase classname="backend.tests.test_iteration252_collective_resonance.TestBankWallet" name="test_wallet_requires_auth" time="0.301" /><testcase classname="backend.tests.test_iteration252_collective_resonance.TestBankWallet" name="test_wallet_returns_dual_currency" time="0.090" /><testcase classname="backend.tests.test_iteration252_collective_resonance.TestSentinelScan" name="test_sentinel_scan_requires_auth" time="0.077" /><testcase classname="backend.tests.test_iteration252_collective_resonance.TestSentinelScan" name="test_sentinel_scan_with_auth" time="0.190" /><testcase classname="backend.tests.test_iteration252_collective_resonance.TestSurgeEffectsIntegration" name="test_surge_status_consistency" time="0.164" /><testcase classname="backend.tests.test_iteration252_collective_resonance.TestSurgeEffectsIntegration" name="test_surge_triggers_documented" time="0.085" /></testsuite></testsuites>