<?xml version="1.0" encoding="utf-8"?><testsuites name="pytest tests"><testsuite name="pytest" errors="0" failures="0" skipped="0" tests="12" time="11.382" timestamp="2026-03-29T19:37:10.531525+00:00" hostname="agent-env-8aaa18cb-eab8-48f7-a800-0b7fca0b348d"><testcase classname="backend.tests.test_iteration92_mood_insights_notifications.TestMoodInsights" name="test_mood_insights_returns_data_for_user_with_moods" time="2.509" /><testcase classname="backend.tests.test_iteration92_mood_insights_notifications.TestMoodInsights" name="test_mood_insights_includes_ai_insight_when_3_plus_moods" time="2.222" /><testcase classname="backend.tests.test_iteration92_mood_insights_notifications.TestMoodInsights" name="test_mood_insights_returns_no_data_for_new_user" time="0.638" /><testcase classname="backend.tests.test_iteration92_mood_insights_notifications.TestCrystalPairingShare" name="test_create_pairing_and_get_share_data" time="3.139" /><testcase classname="backend.tests.test_iteration92_mood_insights_notifications.TestCrystalPairingShare" name="test_share_endpoint_returns_404_for_invalid_id" time="0.092" /><testcase classname="backend.tests.test_iteration92_mood_insights_notifications.TestBlessingNotifications" name="test_send_blessing_creates_notification_for_recipient" time="1.154" /><testcase classname="backend.tests.test_iteration92_mood_insights_notifications.TestNotificationInbox" name="test_get_inbox_returns_notifications_and_unread_count" time="0.421" /><testcase classname="backend.tests.test_iteration92_mood_insights_notifications.TestNotificationInbox" name="test_mark_notification_as_read" time="0.290" /><testcase classname="backend.tests.test_iteration92_mood_insights_notifications.TestNotificationInbox" name="test_mark_all_notifications_as_read" time="0.243" /><testcase classname="backend.tests.test_iteration92_mood_insights_notifications.TestMoodEndpoints" name="test_get_moods_list" time="0.417" /><testcase classname="backend.tests.test_iteration92_mood_insights_notifications.TestMoodEndpoints" name="test_create_mood" time="0.082" /><testcase classname="backend.tests.test_iteration92_mood_insights_notifications.TestBlessingTemplates" name="test_get_blessing_templates" time="0.086" /></testsuite></testsuites>