<?xml version="1.0" encoding="utf-8"?><testsuites name="pytest tests"><testsuite name="pytest" errors="0" failures="0" skipped="0" tests="18" time="6.462" timestamp="2026-04-03T05:58:42.004585+00:00" hostname="agent-env-8aaa18cb-eab8-48f7-a800-0b7fca0b348d"><testcase classname="backend.tests.test_iteration233_command_mode_pubsub.TestSovereignMiddlewareHeaders" name="test_headers_on_sovereign_status" time="0.563" /><testcase classname="backend.tests.test_iteration233_command_mode_pubsub.TestSovereignMiddlewareHeaders" name="test_headers_on_sovereign_tiers" time="0.209" /><testcase classname="backend.tests.test_iteration233_command_mode_pubsub.TestSovereignMiddlewareHeaders" name="test_headers_on_mixer_endpoint" time="0.362" /><testcase classname="backend.tests.test_iteration233_command_mode_pubsub.TestSovereignMiddlewareHeaders" name="test_headers_on_dashboard_stats" time="0.413" /><testcase classname="backend.tests.test_iteration233_command_mode_pubsub.TestCommandMode" name="test_command_mode_mixer_context" time="0.396" /><testcase classname="backend.tests.test_iteration233_command_mode_pubsub.TestCommandMode" name="test_command_mode_wellness_context" time="0.402" /><testcase classname="backend.tests.test_iteration233_command_mode_pubsub.TestCommandMode" name="test_command_mode_meditation_context" time="0.393" /><testcase classname="backend.tests.test_iteration233_command_mode_pubsub.TestCommandMode" name="test_command_mode_trade_context" time="0.394" /><testcase classname="backend.tests.test_iteration233_command_mode_pubsub.TestCommandMode" name="test_command_mode_general_context" time="0.389" /><testcase classname="backend.tests.test_iteration233_command_mode_pubsub.TestCommandMode" name="test_command_mode_without_thinking_feed_403" time="0.091" /><testcase classname="backend.tests.test_iteration233_command_mode_pubsub.TestPubSubEvents" name="test_publish_event" time="0.358" /><testcase classname="backend.tests.test_iteration233_command_mode_pubsub.TestPubSubEvents" name="test_get_recent_events" time="0.408" /><testcase classname="backend.tests.test_iteration233_command_mode_pubsub.TestRegressionSovereignEndpoints" name="test_sovereign_status_still_works" time="0.333" /><testcase classname="backend.tests.test_iteration233_command_mode_pubsub.TestRegressionSovereignEndpoints" name="test_sovereign_tiers_still_works" time="0.084" /><testcase classname="backend.tests.test_iteration233_command_mode_pubsub.TestRegressionSovereignEndpoints" name="test_sovereign_units_still_works" time="0.385" /><testcase classname="backend.tests.test_iteration233_command_mode_pubsub.TestMixerRegression" name="test_mixer_subscription" time="0.406" /><testcase classname="backend.tests.test_iteration233_command_mode_pubsub.TestMixerRegression" name="test_mixer_templates" time="0.395" /><testcase classname="backend.tests.test_iteration233_command_mode_pubsub.TestMixerRegression" name="test_mixer_recording_config" time="0.397" /></testsuite></testsuites>