<?xml version="1.0" encoding="utf-8"?><testsuites name="pytest tests"><testsuite name="pytest" errors="0" failures="0" skipped="0" tests="14" time="2.216" timestamp="2026-04-02T06:22:18.862465+00:00" hostname="agent-env-8aaa18cb-eab8-48f7-a800-0b7fca0b348d"><testcase classname="backend.tests.test_iteration194_avatar_system.TestAvatarGetEndpoint" name="test_get_avatar_returns_200" time="0.753" /><testcase classname="backend.tests.test_iteration194_avatar_system.TestAvatarGetEndpoint" name="test_get_avatar_has_avatar_object" time="0.118" /><testcase classname="backend.tests.test_iteration194_avatar_system.TestAvatarGetEndpoint" name="test_get_avatar_has_available_symbols" time="0.092" /><testcase classname="backend.tests.test_iteration194_avatar_system.TestAvatarGetEndpoint" name="test_get_avatar_has_available_colors" time="0.082" /><testcase classname="backend.tests.test_iteration194_avatar_system.TestAvatarGetEndpoint" name="test_get_avatar_object_has_required_fields" time="0.090" /><testcase classname="backend.tests.test_iteration194_avatar_system.TestAvatarPutEndpoint" name="test_put_avatar_updates_successfully" time="0.086" /><testcase classname="backend.tests.test_iteration194_avatar_system.TestAvatarPutEndpoint" name="test_put_avatar_returns_updated_values" time="0.067" /><testcase classname="backend.tests.test_iteration194_avatar_system.TestAvatarPutEndpoint" name="test_put_avatar_validates_invalid_color" time="0.079" /><testcase classname="backend.tests.test_iteration194_avatar_system.TestAvatarPutEndpoint" name="test_put_avatar_validates_invalid_symbol" time="0.084" /><testcase classname="backend.tests.test_iteration194_avatar_system.TestAvatarPutEndpoint" name="test_put_avatar_caps_display_name_at_20_chars" time="0.089" /><testcase classname="backend.tests.test_iteration194_avatar_system.TestAvatarPersistence" name="test_avatar_persists_after_update" time="0.162" /><testcase classname="backend.tests.test_iteration194_avatar_system.TestRegressionEndpoints" name="test_leaderboard_returns_200" time="0.086" /><testcase classname="backend.tests.test_iteration194_avatar_system.TestRegressionEndpoints" name="test_power_spots_returns_200" time="0.084" /><testcase classname="backend.tests.test_iteration194_avatar_system.TestRegressionEndpoints" name="test_create_coven_returns_success" time="0.269" /></testsuite></testsuites>