<?xml version="1.0" encoding="utf-8"?><testsuites name="pytest tests"><testsuite name="pytest" errors="0" failures="0" skipped="0" tests="29" time="2.280" timestamp="2026-03-27T06:55:05.688323+00:00" hostname="agent-env-8aaa18cb-eab8-48f7-a800-0b7fca0b348d"><testcase classname="backend.tests.test_notifications_quantum.TestVapidPublicKey" name="test_vapid_key_endpoint_accessible" time="0.253" /><testcase classname="backend.tests.test_notifications_quantum.TestVapidPublicKey" name="test_vapid_key_returns_public_key" time="0.079" /><testcase classname="backend.tests.test_notifications_quantum.TestVapidPublicKey" name="test_vapid_key_is_valid_format" time="0.071" /><testcase classname="backend.tests.test_notifications_quantum.TestNotificationSubscribe" name="test_subscribe_requires_auth" time="0.073" /><testcase classname="backend.tests.test_notifications_quantum.TestNotificationSubscribe" name="test_subscribe_requires_valid_subscription" time="0.341" /><testcase classname="backend.tests.test_notifications_quantum.TestNotificationSubscribe" name="test_subscribe_success" time="0.098" /><testcase classname="backend.tests.test_notifications_quantum.TestNotificationStatus" name="test_status_requires_auth" time="0.073" /><testcase classname="backend.tests.test_notifications_quantum.TestNotificationStatus" name="test_status_returns_subscription_info" time="0.078" /><testcase classname="backend.tests.test_notifications_quantum.TestNotificationStatus" name="test_status_preferences_structure" time="0.083" /><testcase classname="backend.tests.test_notifications_quantum.TestNotificationPreferences" name="test_preferences_requires_auth" time="0.076" /><testcase classname="backend.tests.test_notifications_quantum.TestNotificationPreferences" name="test_preferences_update_success" time="0.085" /><testcase classname="backend.tests.test_notifications_quantum.TestNotificationPreferences" name="test_preferences_returns_updated_values" time="0.081" /><testcase classname="backend.tests.test_notifications_quantum.TestNotificationSendTest" name="test_send_test_requires_auth" time="0.074" /><testcase classname="backend.tests.test_notifications_quantum.TestNotificationSendTest" name="test_send_test_returns_sent_count" time="0.078" /><testcase classname="backend.tests.test_notifications_quantum.TestNotificationUnsubscribe" name="test_unsubscribe_requires_auth" time="0.071" /><testcase classname="backend.tests.test_notifications_quantum.TestNotificationUnsubscribe" name="test_unsubscribe_success" time="0.108" /><testcase classname="backend.tests.test_notifications_quantum.TestQuantumPrinciplesAPI" name="test_quantum_principles_accessible" time="0.036" /><testcase classname="backend.tests.test_notifications_quantum.TestQuantumPrinciplesAPI" name="test_quantum_principles_returns_principles" time="0.036" /><testcase classname="backend.tests.test_notifications_quantum.TestQuantumPrinciplesAPI" name="test_quantum_principles_structure" time="0.034" /><testcase classname="backend.tests.test_notifications_quantum.TestQuantumPrinciplesAPI" name="test_quantum_principles_returns_meditations" time="0.030" /><testcase classname="backend.tests.test_notifications_quantum.TestQuantumPrinciplesAPI" name="test_quantum_meditations_structure" time="0.036" /><testcase classname="backend.tests.test_notifications_quantum.TestQuantumPrinciplesAPI" name="test_quantum_principles_returns_future_tech" time="0.053" /><testcase classname="backend.tests.test_notifications_quantum.TestCoachModesQuantum" name="test_coach_modes_accessible" time="0.034" /><testcase classname="backend.tests.test_notifications_quantum.TestCoachModesQuantum" name="test_coach_modes_returns_modes" time="0.035" /><testcase classname="backend.tests.test_notifications_quantum.TestCoachModesQuantum" name="test_coach_modes_structure" time="0.034" /><testcase classname="backend.tests.test_notifications_quantum.TestCoachModesQuantum" name="test_coach_modes_have_quantum_descriptions" time="0.037" /><testcase classname="backend.tests.test_notifications_quantum.TestQuantumPrincipleContent" name="test_superposition_principle_exists" time="0.032" /><testcase classname="backend.tests.test_notifications_quantum.TestQuantumPrincipleContent" name="test_entanglement_principle_exists" time="0.033" /><testcase classname="backend.tests.test_notifications_quantum.TestQuantumPrincipleContent" name="test_observer_effect_principle_exists" time="0.030" /></testsuite></testsuites>