<?xml version="1.0" encoding="utf-8"?><testsuites name="pytest tests"><testsuite name="pytest" errors="0" failures="0" skipped="0" tests="8" time="1.398" timestamp="2026-04-03T12:02:13.397718+00:00" hostname="agent-env-8aaa18cb-eab8-48f7-a800-0b7fca0b348d"><testcase classname="backend.tests.test_iteration241_harmony_score.TestHarmonyScoreEndpoint" name="test_harmony_score_with_empty_data" time="0.588" /><testcase classname="backend.tests.test_iteration241_harmony_score.TestHarmonyScoreEndpoint" name="test_harmony_score_with_active_pairs" time="0.115" /><testcase classname="backend.tests.test_iteration241_harmony_score.TestHarmonyScoreEndpoint" name="test_harmony_score_response_structure" time="0.130" /><testcase classname="backend.tests.test_iteration241_harmony_score.TestCultureLayersRegression" name="test_culture_layers_list_returns_3_layers" time="0.121" /><testcase classname="backend.tests.test_iteration241_harmony_score.TestCultureLayersRegression" name="test_culture_layer_hopi_details" time="0.101" /><testcase classname="backend.tests.test_iteration241_harmony_score.TestHarmonicMemoryRegression" name="test_harmonic_memory_returns_memories" time="0.094" /><testcase classname="backend.tests.test_iteration241_harmony_score.TestMovementAndFlourishRegression" name="test_record_movement" time="0.082" /><testcase classname="backend.tests.test_iteration241_harmony_score.TestMovementAndFlourishRegression" name="test_generate_flourish" time="0.095" /></testsuite></testsuites>