<?xml version="1.0" encoding="utf-8"?><testsuites name="pytest tests"><testsuite name="pytest" errors="0" failures="0" skipped="0" tests="27" time="3.558" timestamp="2026-04-01T18:31:55.149901+00:00" hostname="agent-env-8aaa18cb-eab8-48f7-a800-0b7fca0b348d"><testcase classname="backend.tests.test_iteration173_consciousness_forge.TestConsciousnessLevels" name="test_get_all_levels" time="0.621" /><testcase classname="backend.tests.test_iteration173_consciousness_forge.TestConsciousnessLevels" name="test_get_consciousness_status" time="0.084" /><testcase classname="backend.tests.test_iteration173_consciousness_forge.TestConsciousnessLevels" name="test_add_consciousness_xp" time="0.089" /><testcase classname="backend.tests.test_iteration173_consciousness_forge.TestConsciousnessLevels" name="test_add_consciousness_xp_quest_complete" time="0.092" /><testcase classname="backend.tests.test_iteration173_consciousness_forge.TestConsciousnessLevels" name="test_add_consciousness_xp_invalid_activity" time="0.204" /><testcase classname="backend.tests.test_iteration173_consciousness_forge.TestConsciousnessLevels" name="test_set_display_mode_rank" time="0.080" /><testcase classname="backend.tests.test_iteration173_consciousness_forge.TestConsciousnessLevels" name="test_set_display_mode_aura" time="0.094" /><testcase classname="backend.tests.test_iteration173_consciousness_forge.TestConsciousnessLevels" name="test_set_display_mode_hybrid" time="0.104" /><testcase classname="backend.tests.test_iteration173_consciousness_forge.TestConsciousnessLevels" name="test_set_display_mode_invalid" time="0.080" /><testcase classname="backend.tests.test_iteration173_consciousness_forge.TestConsciousnessLevels" name="test_gate_check_basic_feature" time="0.103" /><testcase classname="backend.tests.test_iteration173_consciousness_forge.TestConsciousnessLevels" name="test_gate_check_tool_forge" time="0.093" /><testcase classname="backend.tests.test_iteration173_consciousness_forge.TestConsciousnessLevels" name="test_gate_check_skill_generator" time="0.108" /><testcase classname="backend.tests.test_iteration173_consciousness_forge.TestConsciousnessLevels" name="test_gate_check_ungated_feature" time="0.101" /><testcase classname="backend.tests.test_iteration173_consciousness_forge.TestToolForge" name="test_get_tool_types" time="0.115" /><testcase classname="backend.tests.test_iteration173_consciousness_forge.TestToolForge" name="test_forge_tool_requires_level_3" time="0.214" /><testcase classname="backend.tests.test_iteration173_consciousness_forge.TestToolForge" name="test_forge_tool_invalid_type" time="0.080" /><testcase classname="backend.tests.test_iteration173_consciousness_forge.TestSkillGenerator" name="test_get_skill_types" time="0.103" /><testcase classname="backend.tests.test_iteration173_consciousness_forge.TestSkillGenerator" name="test_generate_skill_requires_level_4" time="0.268" /><testcase classname="backend.tests.test_iteration173_consciousness_forge.TestSkillGenerator" name="test_generate_skill_invalid_type" time="0.086" /><testcase classname="backend.tests.test_iteration173_consciousness_forge.TestForgeInventory" name="test_get_forge_inventory" time="0.126" /><testcase classname="backend.tests.test_iteration173_consciousness_forge.TestForgeInventory" name="test_get_forge_inventory_by_category" time="0.078" /><testcase classname="backend.tests.test_iteration173_consciousness_forge.TestForgeInventory" name="test_list_forge_item_not_found" time="0.083" /><testcase classname="backend.tests.test_iteration173_consciousness_forge.TestForgeInventory" name="test_use_forge_item_not_found" time="0.073" /><testcase classname="backend.tests.test_iteration173_consciousness_forge.TestConsciousnessXPActivities" name="test_xp_journal_entry" time="0.097" /><testcase classname="backend.tests.test_iteration173_consciousness_forge.TestConsciousnessXPActivities" name="test_xp_meditation_complete" time="0.089" /><testcase classname="backend.tests.test_iteration173_consciousness_forge.TestConsciousnessXPActivities" name="test_xp_daily_ritual" time="0.098" /><testcase classname="backend.tests.test_iteration173_consciousness_forge.TestConsciousnessXPActivities" name="test_xp_boss_defeat" time="0.085" /></testsuite></testsuites>