<?xml version="1.0" encoding="utf-8"?><testsuites name="pytest tests"><testsuite name="pytest" errors="0" failures="0" skipped="0" tests="29" time="6.774" timestamp="2026-04-01T01:30:55.008146+00:00" hostname="agent-env-8aaa18cb-eab8-48f7-a800-0b7fca0b348d"><testcase classname="backend.tests.test_game_core_rock_hounding.TestGameCoreStats" name="test_get_stats_returns_200" time="0.652" /><testcase classname="backend.tests.test_game_core_rock_hounding.TestGameCoreStats" name="test_stats_contains_level_info" time="0.076" /><testcase classname="backend.tests.test_game_core_rock_hounding.TestGameCoreStats" name="test_stats_contains_currencies" time="0.077" /><testcase classname="backend.tests.test_game_core_rock_hounding.TestGameCoreStats" name="test_stats_contains_stats" time="0.084" /><testcase classname="backend.tests.test_game_core_rock_hounding.TestGameCoreStats" name="test_stats_requires_auth" time="0.076" /><testcase classname="backend.tests.test_game_core_rock_hounding.TestGameCoreModules" name="test_get_modules_returns_200" time="0.076" /><testcase classname="backend.tests.test_game_core_rock_hounding.TestGameCoreModules" name="test_modules_contains_rock_hounding" time="0.068" /><testcase classname="backend.tests.test_game_core_rock_hounding.TestGameCoreCommitReward" name="test_commit_reward_xp" time="0.230" /><testcase classname="backend.tests.test_game_core_rock_hounding.TestGameCoreCommitReward" name="test_commit_reward_dust" time="0.249" /><testcase classname="backend.tests.test_game_core_rock_hounding.TestGameCoreCommitReward" name="test_commit_reward_stat" time="0.473" /><testcase classname="backend.tests.test_game_core_rock_hounding.TestGameCoreCommitReward" name="test_commit_reward_nexus_modifier" time="0.114" /><testcase classname="backend.tests.test_game_core_rock_hounding.TestGameCoreCommitReward" name="test_commit_reward_full_payload" time="0.083" /><testcase classname="backend.tests.test_game_core_rock_hounding.TestGameCoreTransactions" name="test_get_transactions_returns_200" time="0.128" /><testcase classname="backend.tests.test_game_core_rock_hounding.TestGameCoreTransactions" name="test_transactions_contains_list" time="0.111" /><testcase classname="backend.tests.test_game_core_rock_hounding.TestRockHoundingMine" name="test_get_mine_returns_200" time="0.081" /><testcase classname="backend.tests.test_game_core_rock_hounding.TestRockHoundingMine" name="test_mine_contains_biome" time="0.077" /><testcase classname="backend.tests.test_game_core_rock_hounding.TestRockHoundingMine" name="test_mine_contains_depths" time="0.106" /><testcase classname="backend.tests.test_game_core_rock_hounding.TestRockHoundingMine" name="test_mine_contains_energy_info" time="0.130" /><testcase classname="backend.tests.test_game_core_rock_hounding.TestRockHoundingMineAction" name="test_mine_action_depth_1" time="0.144" /><testcase classname="backend.tests.test_game_core_rock_hounding.TestRockHoundingMineAction" name="test_mine_action_insufficient_energy" time="2.727" /><testcase classname="backend.tests.test_game_core_rock_hounding.TestRockHoundingMineAction" name="test_mine_action_locked_depth" time="0.177" /><testcase classname="backend.tests.test_game_core_rock_hounding.TestRockHoundingCollection" name="test_get_collection_returns_200" time="0.074" /><testcase classname="backend.tests.test_game_core_rock_hounding.TestRockHoundingCollection" name="test_collection_structure" time="0.086" /><testcase classname="backend.tests.test_game_core_rock_hounding.TestRockHoundingCollection" name="test_collection_grouped_by_element" time="0.078" /><testcase classname="backend.tests.test_game_core_rock_hounding.TestRockHoundingCatalog" name="test_get_catalog_returns_200" time="0.090" /><testcase classname="backend.tests.test_game_core_rock_hounding.TestRockHoundingCatalog" name="test_catalog_structure" time="0.069" /><testcase classname="backend.tests.test_game_core_rock_hounding.TestRockHoundingCatalog" name="test_catalog_discovery_status" time="0.066" /><testcase classname="backend.tests.test_game_core_rock_hounding.TestRockHoundingResetMine" name="test_reset_mine_returns_200" time="0.096" /><testcase classname="backend.tests.test_game_core_rock_hounding.TestRockHoundingResetMine" name="test_reset_mine_creates_new_mine" time="0.171" /></testsuite></testsuites>