<?xml version="1.0" encoding="utf-8"?><testsuites name="pytest tests"><testsuite name="pytest" errors="0" failures="0" skipped="0" tests="39" time="1.070" timestamp="2026-03-29T23:44:33.940131+00:00" hostname="agent-env-8aaa18cb-eab8-48f7-a800-0b7fca0b348d"><testcase classname="backend.tests.test_iteration103_screen_sharing.TestLiveSessionAPIs" name="test_health_check" time="0.104" /><testcase classname="backend.tests.test_iteration103_screen_sharing.TestLiveSessionAPIs" name="test_get_session_types" time="0.404" /><testcase classname="backend.tests.test_iteration103_screen_sharing.TestLiveSessionAPIs" name="test_list_sessions" time="0.114" /><testcase classname="backend.tests.test_iteration103_screen_sharing.TestLiveSessionAPIs" name="test_get_active_session" time="0.082" /><testcase classname="backend.tests.test_iteration103_screen_sharing.TestLiveSessionAPIs" name="test_session_requires_auth" time="0.084" /><testcase classname="backend.tests.test_iteration103_screen_sharing.TestWebSocketScreenShareSignaling" name="test_backend_has_screen_share_handler" time="0.000" /><testcase classname="backend.tests.test_iteration103_screen_sharing.TestWebSocketScreenShareSignaling" name="test_backend_tracks_screen_sharing_state" time="0.000" /><testcase classname="backend.tests.test_iteration103_screen_sharing.TestWebSocketScreenShareSignaling" name="test_backend_broadcasts_screen_share" time="0.000" /><testcase classname="backend.tests.test_iteration103_screen_sharing.TestWebSocketScreenShareSignaling" name="test_backend_includes_screen_sharing_in_participant_data" time="0.000" /><testcase classname="backend.tests.test_iteration103_screen_sharing.TestWebSocketScreenShareSignaling" name="test_backend_has_camera_toggle_handler" time="0.000" /><testcase classname="backend.tests.test_iteration103_screen_sharing.TestWebSocketScreenShareSignaling" name="test_backend_has_video_mode_handler" time="0.000" /><testcase classname="backend.tests.test_iteration103_screen_sharing.TestWebSocketScreenShareSignaling" name="test_backend_has_rtc_signaling_handlers" time="0.000" /><testcase classname="backend.tests.test_iteration103_screen_sharing.TestFrontendScreenShareCode" name="test_frontend_has_screen_share_button" time="0.000" /><testcase classname="backend.tests.test_iteration103_screen_sharing.TestFrontendScreenShareCode" name="test_frontend_has_screen_share_state" time="0.000" /><testcase classname="backend.tests.test_iteration103_screen_sharing.TestFrontendScreenShareCode" name="test_frontend_has_start_screen_share_function" time="0.000" /><testcase classname="backend.tests.test_iteration103_screen_sharing.TestFrontendScreenShareCode" name="test_frontend_has_stop_screen_share_function" time="0.000" /><testcase classname="backend.tests.test_iteration103_screen_sharing.TestFrontendScreenShareCode" name="test_frontend_has_screen_share_tile_component" time="0.000" /><testcase classname="backend.tests.test_iteration103_screen_sharing.TestFrontendScreenShareCode" name="test_frontend_handles_screen_share_websocket_message" time="0.000" /><testcase classname="backend.tests.test_iteration103_screen_sharing.TestFrontendScreenShareCode" name="test_frontend_sends_screen_share_message" time="0.000" /><testcase classname="backend.tests.test_iteration103_screen_sharing.TestFrontendBottomControls" name="test_frontend_has_bottom_controls_bar" time="0.000" /><testcase classname="backend.tests.test_iteration103_screen_sharing.TestFrontendBottomControls" name="test_frontend_has_camera_toggle" time="0.001" /><testcase classname="backend.tests.test_iteration103_screen_sharing.TestFrontendBottomControls" name="test_frontend_has_mic_toggle" time="0.000" /><testcase classname="backend.tests.test_iteration103_screen_sharing.TestFrontendBottomControls" name="test_frontend_has_all_host_commands" time="0.000" /><testcase classname="backend.tests.test_iteration103_screen_sharing.TestFrontendBottomControls" name="test_frontend_has_recording_button" time="0.000" /><testcase classname="backend.tests.test_iteration103_screen_sharing.TestFrontendBottomControls" name="test_frontend_has_end_session_button" time="0.000" /><testcase classname="backend.tests.test_iteration103_screen_sharing.TestFrontendVideoSettings" name="test_frontend_has_video_settings_button" time="0.000" /><testcase classname="backend.tests.test_iteration103_screen_sharing.TestFrontendVideoSettings" name="test_frontend_has_video_settings_dropdown" time="0.000" /><testcase classname="backend.tests.test_iteration103_screen_sharing.TestFrontendVideoSettings" name="test_frontend_has_three_video_modes" time="0.000" /><testcase classname="backend.tests.test_iteration103_screen_sharing.TestFrontendVideoSettings" name="test_frontend_video_modes_have_descriptions" time="0.000" /><testcase classname="backend.tests.test_iteration103_screen_sharing.TestFrontendParticipantsPanel" name="test_frontend_shows_camera_icon_for_participants" time="0.000" /><testcase classname="backend.tests.test_iteration103_screen_sharing.TestFrontendParticipantsPanel" name="test_frontend_shows_screen_share_icon_for_participants" time="0.000" /><testcase classname="backend.tests.test_iteration103_screen_sharing.TestFrontendVideoModeRestrictions" name="test_frontend_respects_video_off_mode" time="0.000" /><testcase classname="backend.tests.test_iteration103_screen_sharing.TestFrontendVideoModeRestrictions" name="test_frontend_respects_host_only_mode" time="0.000" /><testcase classname="backend.tests.test_iteration103_screen_sharing.TestFrontendChatAndReactions" name="test_frontend_has_chat_input" time="0.000" /><testcase classname="backend.tests.test_iteration103_screen_sharing.TestFrontendChatAndReactions" name="test_frontend_has_chat_send_button" time="0.000" /><testcase classname="backend.tests.test_iteration103_screen_sharing.TestFrontendChatAndReactions" name="test_frontend_has_reactions" time="0.000" /><testcase classname="backend.tests.test_iteration103_screen_sharing.TestFrontendVideoModeBadge" name="test_frontend_shows_video_mode_badge" time="0.000" /><testcase classname="backend.tests.test_iteration103_screen_sharing.TestRecordingAndPastSessions" name="test_past_sessions_list" time="0.107" /><testcase classname="backend.tests.test_iteration103_screen_sharing.TestRecordingAndPastSessions" name="test_recurring_sessions_list" time="0.074" /></testsuite></testsuites>