<?xml version="1.0" encoding="utf-8"?><testsuites name="pytest tests"><testsuite name="pytest" errors="0" failures="0" skipped="0" tests="11" time="5.007" timestamp="2026-03-25T11:55:43.979560+00:00" hostname="agent-env-8aaa18cb-eab8-48f7-a800-0b7fca0b348d"><testcase classname="backend.tests.test_journey_api.TestJourneyAPI" name="test_get_progress_unauthenticated" time="0.488" /><testcase classname="backend.tests.test_journey_api.TestJourneyAPI" name="test_get_progress_authenticated" time="0.507" /><testcase classname="backend.tests.test_journey_api.TestJourneyAPI" name="test_complete_lesson_unauthenticated" time="0.386" /><testcase classname="backend.tests.test_journey_api.TestJourneyAPI" name="test_complete_lesson_missing_lesson_id" time="0.418" /><testcase classname="backend.tests.test_journey_api.TestJourneyAPI" name="test_complete_lesson_empty_lesson_id" time="0.383" /><testcase classname="backend.tests.test_journey_api.TestJourneyAPI" name="test_complete_lesson_valid" time="0.417" /><testcase classname="backend.tests.test_journey_api.TestJourneyAPI" name="test_complete_lesson_idempotent" time="0.503" /><testcase classname="backend.tests.test_journey_api.TestJourneyAPI" name="test_complete_lesson_and_verify_persistence" time="0.410" /><testcase classname="backend.tests.test_journey_api.TestStageUnlocking" name="test_stage_unlocking_logic" time="0.690" /><testcase classname="backend.tests.test_journey_api.TestJourneyProgressStructure" name="test_progress_has_valid_timestamp" time="0.369" /><testcase classname="backend.tests.test_journey_api.TestJourneyProgressStructure" name="test_progress_user_id_matches" time="0.373" /></testsuite></testsuites>