<?xml version="1.0" encoding="utf-8"?><testsuites name="pytest tests"><testsuite name="pytest" errors="0" failures="0" skipped="0" tests="12" time="36.012" timestamp="2026-03-27T03:59:34.642322+00:00" hostname="agent-env-8aaa18cb-eab8-48f7-a800-0b7fca0b348d"><testcase classname="backend.tests.test_creation_stories.TestCreationStoriesEndpoints" name="test_get_all_creation_stories" time="0.118" /><testcase classname="backend.tests.test_creation_stories.TestCreationStoriesEndpoints" name="test_get_mayan_creation_story" time="0.080" /><testcase classname="backend.tests.test_creation_stories.TestCreationStoriesEndpoints" name="test_get_egyptian_creation_story" time="0.089" /><testcase classname="backend.tests.test_creation_stories.TestCreationStoriesEndpoints" name="test_get_norse_creation_story" time="0.098" /><testcase classname="backend.tests.test_creation_stories.TestCreationStoriesEndpoints" name="test_get_hindu_creation_story" time="0.089" /><testcase classname="backend.tests.test_creation_stories.TestCreationStoriesEndpoints" name="test_get_yoruba_creation_story" time="0.079" /><testcase classname="backend.tests.test_creation_stories.TestCreationStoriesEndpoints" name="test_get_invalid_story_returns_404" time="0.088" /><testcase classname="backend.tests.test_creation_stories.TestCreationStoriesEndpoints" name="test_narrate_creation_story" time="32.723" /><testcase classname="backend.tests.test_creation_stories.TestCreationStoriesEndpoints" name="test_narrate_invalid_story_returns_404" time="0.222" /><testcase classname="backend.tests.test_creation_stories.TestRegressionEndpoints" name="test_star_chart_cultures_returns_4" time="0.186" /><testcase classname="backend.tests.test_creation_stories.TestRegressionEndpoints" name="test_coach_chat_works" time="1.851" /><testcase classname="backend.tests.test_creation_stories.TestRegressionEndpoints" name="test_login_with_test_credentials" time="0.306" /></testsuite></testsuites>