<?xml version="1.0" encoding="utf-8"?><testsuites name="pytest tests"><testsuite name="pytest" errors="0" failures="0" skipped="0" tests="26" time="12.400" timestamp="2026-04-03T20:47:05.804003+00:00" hostname="agent-env-8aaa18cb-eab8-48f7-a800-0b7fca0b348d"><testcase classname="backend.tests.test_iteration262_sovereign_advisors.TestSovereignAdvisorsAuth" name="test_list_sovereigns_requires_auth" time="0.263" /><testcase classname="backend.tests.test_iteration262_sovereign_advisors.TestSovereignAdvisorsAuth" name="test_chat_requires_auth" time="0.092" /><testcase classname="backend.tests.test_iteration262_sovereign_advisors.TestSovereignList" name="test_list_returns_5_sovereigns" time="0.553" /><testcase classname="backend.tests.test_iteration262_sovereign_advisors.TestSovereignList" name="test_list_contains_all_expected_sovereigns" time="0.112" /><testcase classname="backend.tests.test_iteration262_sovereign_advisors.TestSovereignList" name="test_list_sovereign_structure" time="0.095" /><testcase classname="backend.tests.test_iteration262_sovereign_advisors.TestSovereignList" name="test_list_returns_user_tier" time="0.099" /><testcase classname="backend.tests.test_iteration262_sovereign_advisors.TestSovereignList" name="test_list_returns_dust_balance" time="0.089" /><testcase classname="backend.tests.test_iteration262_sovereign_advisors.TestSovereignList" name="test_list_returns_session_cost" time="0.111" /><testcase classname="backend.tests.test_iteration262_sovereign_advisors.TestSovereignList" name="test_discovery_user_free_access_to_ethicist" time="0.091" /><testcase classname="backend.tests.test_iteration262_sovereign_advisors.TestSovereignList" name="test_locked_sovereigns_have_session_cost" time="0.093" /><testcase classname="backend.tests.test_iteration262_sovereign_advisors.TestSovereignPurchaseSession" name="test_purchase_invalid_sovereign_returns_400" time="0.425" /><testcase classname="backend.tests.test_iteration262_sovereign_advisors.TestSovereignPurchaseSession" name="test_purchase_free_access_sovereign_returns_free_access" time="0.221" /><testcase classname="backend.tests.test_iteration262_sovereign_advisors.TestSovereignPurchaseSession" name="test_purchase_already_active_session" time="0.191" /><testcase classname="backend.tests.test_iteration262_sovereign_advisors.TestSovereignChat" name="test_chat_invalid_sovereign_returns_400" time="0.387" /><testcase classname="backend.tests.test_iteration262_sovereign_advisors.TestSovereignChat" name="test_chat_empty_message_returns_400" time="0.078" /><testcase classname="backend.tests.test_iteration262_sovereign_advisors.TestSovereignChat" name="test_chat_locked_sovereign_without_session_returns_403" time="0.185" /><testcase classname="backend.tests.test_iteration262_sovereign_advisors.TestSovereignChat" name="test_chat_with_accessible_sovereign_returns_response" time="2.936" /><testcase classname="backend.tests.test_iteration262_sovereign_advisors.TestSovereignChat" name="test_chat_response_includes_bridges" time="2.229" /><testcase classname="backend.tests.test_iteration262_sovereign_advisors.TestSovereignHistory" name="test_get_history_invalid_sovereign_returns_400" time="0.386" /><testcase classname="backend.tests.test_iteration262_sovereign_advisors.TestSovereignHistory" name="test_get_history_returns_messages_array" time="0.089" /><testcase classname="backend.tests.test_iteration262_sovereign_advisors.TestSovereignHistory" name="test_delete_history_invalid_sovereign_returns_400" time="0.093" /><testcase classname="backend.tests.test_iteration262_sovereign_advisors.TestSovereignHistory" name="test_delete_history_returns_cleared_count" time="0.085" /><testcase classname="backend.tests.test_iteration262_sovereign_advisors.TestSovereignTierGating" name="test_tier_hierarchy_access" time="0.380" /><testcase classname="backend.tests.test_iteration262_sovereign_advisors.TestSovereignTierGating" name="test_sovereign_linked_tiers_correct" time="0.095" /><testcase classname="backend.tests.test_iteration262_sovereign_advisors.TestSovereignLanguage" name="test_list_returns_language" time="0.428" /><testcase classname="backend.tests.test_iteration262_sovereign_advisors.TestSovereignLanguage" name="test_chat_accepts_language_parameter" time="2.500" /></testsuite></testsuites>