<?xml version="1.0" encoding="utf-8"?><testsuites name="pytest tests"><testsuite name="pytest" errors="0" failures="0" skipped="0" tests="22" time="2.925" timestamp="2026-03-27T10:11:44.521379+00:00" hostname="agent-env-8aaa18cb-eab8-48f7-a800-0b7fca0b348d"><testcase classname="backend.tests.test_iteration62_quantum_coherence.TestQuantumCoherenceEndpoint" name="test_quantum_coherence_requires_auth" time="0.269" /><testcase classname="backend.tests.test_iteration62_quantum_coherence.TestQuantumCoherenceEndpoint" name="test_quantum_coherence_returns_score" time="0.415" /><testcase classname="backend.tests.test_iteration62_quantum_coherence.TestQuantumCoherenceEndpoint" name="test_quantum_coherence_returns_state" time="0.210" /><testcase classname="backend.tests.test_iteration62_quantum_coherence.TestQuantumCoherenceEndpoint" name="test_quantum_coherence_returns_phase" time="0.100" /><testcase classname="backend.tests.test_iteration62_quantum_coherence.TestQuantumCoherenceEndpoint" name="test_quantum_coherence_returns_breakdown" time="0.106" /><testcase classname="backend.tests.test_iteration62_quantum_coherence.TestQuantumCoherenceEndpoint" name="test_quantum_coherence_returns_signals" time="0.095" /><testcase classname="backend.tests.test_iteration62_quantum_coherence.TestQuantumCoherenceEndpoint" name="test_quantum_coherence_returns_description" time="0.074" /><testcase classname="backend.tests.test_iteration62_quantum_coherence.TestExpandedQuantumMeditations" name="test_quantum_principles_returns_5_meditations" time="0.070" /><testcase classname="backend.tests.test_iteration62_quantum_coherence.TestExpandedQuantumMeditations" name="test_quantum_meditations_names" time="0.082" /><testcase classname="backend.tests.test_iteration62_quantum_coherence.TestExpandedQuantumMeditations" name="test_quantum_meditations_structure" time="0.093" /><testcase classname="backend.tests.test_iteration62_quantum_coherence.TestExpandedQuantumMeditations" name="test_quantum_meditations_have_total_duration" time="0.081" /><testcase classname="backend.tests.test_iteration62_quantum_coherence.TestNotificationPreferencesWithTimes" name="test_preferences_accepts_reminder_hour" time="0.097" /><testcase classname="backend.tests.test_iteration62_quantum_coherence.TestNotificationPreferencesWithTimes" name="test_preferences_accepts_evening_hour" time="0.086" /><testcase classname="backend.tests.test_iteration62_quantum_coherence.TestNotificationPreferencesWithTimes" name="test_preferences_returns_both_hours" time="0.238" /><testcase classname="backend.tests.test_iteration62_quantum_coherence.TestNotificationPreferencesWithTimes" name="test_preferences_hour_range_validation" time="0.157" /><testcase classname="backend.tests.test_iteration62_quantum_coherence.TestScheduledReminders" name="test_send_scheduled_endpoint_exists" time="0.100" /><testcase classname="backend.tests.test_iteration62_quantum_coherence.TestScheduledReminders" name="test_send_scheduled_morning_slot" time="0.082" /><testcase classname="backend.tests.test_iteration62_quantum_coherence.TestScheduledReminders" name="test_send_scheduled_evening_slot" time="0.166" /><testcase classname="backend.tests.test_iteration62_quantum_coherence.TestScheduledReminders" name="test_send_scheduled_returns_counts" time="0.075" /><testcase classname="backend.tests.test_iteration62_quantum_coherence.TestScheduledReminders" name="test_send_scheduled_no_auth_required" time="0.077" /><testcase classname="backend.tests.test_iteration62_quantum_coherence.TestQuantumLanguageInPages" name="test_quantum_principles_have_spiritual_descriptions" time="0.084" /><testcase classname="backend.tests.test_iteration62_quantum_coherence.TestQuantumLanguageInPages" name="test_quantum_principles_have_practice_descriptions" time="0.086" /></testsuite></testsuites>