<?xml version="1.0" encoding="utf-8"?><testsuites name="pytest tests"><testsuite name="pytest" errors="0" failures="0" skipped="0" tests="13" time="30.831" timestamp="2026-03-26T06:34:00.199704+00:00" hostname="agent-env-8aaa18cb-eab8-48f7-a800-0b7fca0b348d"><testcase classname="backend.tests.test_cosmic_narrator.TestTTSNarrate" name="test_tts_narrate_with_fable_voice" time="3.692" /><testcase classname="backend.tests.test_cosmic_narrator.TestTTSNarrate" name="test_tts_narrate_default_voice" time="3.146" /><testcase classname="backend.tests.test_cosmic_narrator.TestTTSNarrate" name="test_tts_narrate_text_too_short" time="0.092" /><testcase classname="backend.tests.test_cosmic_narrator.TestTTSNarrate" name="test_tts_narrate_empty_text" time="0.066" /><testcase classname="backend.tests.test_cosmic_narrator.TestTTSNarrate" name="test_tts_narrate_all_valid_voices" time="8.353" /><testcase classname="backend.tests.test_cosmic_narrator.TestStarChartMythology" name="test_star_chart_constellations_returns_16" time="0.390" /><testcase classname="backend.tests.test_cosmic_narrator.TestStarChartMythology" name="test_star_chart_constellations_have_mythology" time="0.087" /><testcase classname="backend.tests.test_cosmic_narrator.TestStarChartMythology" name="test_star_chart_has_mayan_data" time="0.079" /><testcase classname="backend.tests.test_cosmic_narrator.TestRegressionMudras" name="test_mudras_returns_25_items" time="0.086" /><testcase classname="backend.tests.test_cosmic_narrator.TestRegressionMudras" name="test_mudras_have_required_fields" time="0.099" /><testcase classname="backend.tests.test_cosmic_narrator.TestRegressionVideos" name="test_videos_returns_23_items" time="0.090" /><testcase classname="backend.tests.test_cosmic_narrator.TestRegressionExercises" name="test_exercises_returns_6_items" time="0.087" /><testcase classname="backend.tests.test_cosmic_narrator.TestRegressionMeditation" name="test_meditation_generate_guided" time="14.494" /></testsuite></testsuites>