<?xml version="1.0" encoding="utf-8"?><testsuites name="pytest tests"><testsuite name="pytest" errors="0" failures="0" skipped="0" tests="21" time="3.976" timestamp="2026-03-27T06:19:27.132710+00:00" hostname="agent-env-8aaa18cb-eab8-48f7-a800-0b7fca0b348d"><testcase classname="backend.tests.test_batch_generation_pwa.TestBatchVideoGeneration" name="test_generate_batch_requires_auth" time="0.466" /><testcase classname="backend.tests.test_batch_generation_pwa.TestBatchVideoGeneration" name="test_generate_batch_returns_batch_id" time="0.381" /><testcase classname="backend.tests.test_batch_generation_pwa.TestBatchVideoGeneration" name="test_batch_status_requires_auth" time="0.430" /><testcase classname="backend.tests.test_batch_generation_pwa.TestBatchVideoGeneration" name="test_batch_status_invalid_id" time="0.341" /><testcase classname="backend.tests.test_batch_generation_pwa.TestBatchVideoGeneration" name="test_batch_status_returns_correct_fields" time="0.439" /><testcase classname="backend.tests.test_batch_generation_pwa.TestVideoStoriesEndpoint" name="test_video_stories_returns_cached_count" time="0.393" /><testcase classname="backend.tests.test_batch_generation_pwa.TestPWAManifest" name="test_manifest_accessible" time="0.110" /><testcase classname="backend.tests.test_batch_generation_pwa.TestPWAManifest" name="test_manifest_has_required_fields" time="0.080" /><testcase classname="backend.tests.test_batch_generation_pwa.TestPWAManifest" name="test_manifest_display_standalone" time="0.099" /><testcase classname="backend.tests.test_batch_generation_pwa.TestPWAManifest" name="test_manifest_has_icons" time="0.089" /><testcase classname="backend.tests.test_batch_generation_pwa.TestPWAManifest" name="test_manifest_has_shortcuts" time="0.164" /><testcase classname="backend.tests.test_batch_generation_pwa.TestServiceWorker" name="test_service_worker_accessible" time="0.076" /><testcase classname="backend.tests.test_batch_generation_pwa.TestServiceWorker" name="test_service_worker_has_cache_name" time="0.130" /><testcase classname="backend.tests.test_batch_generation_pwa.TestAppleMetaTags" name="test_index_html_accessible" time="0.116" /><testcase classname="backend.tests.test_batch_generation_pwa.TestAppleMetaTags" name="test_apple_mobile_web_app_capable" time="0.085" /><testcase classname="backend.tests.test_batch_generation_pwa.TestAppleMetaTags" name="test_apple_touch_icon" time="0.086" /><testcase classname="backend.tests.test_batch_generation_pwa.TestAppleMetaTags" name="test_viewport_fit_cover" time="0.073" /><testcase classname="backend.tests.test_batch_generation_pwa.TestPWAAssets" name="test_logo192_exists" time="0.073" /><testcase classname="backend.tests.test_batch_generation_pwa.TestPWAAssets" name="test_logo512_exists" time="0.099" /><testcase classname="backend.tests.test_batch_generation_pwa.TestPWAAssets" name="test_apple_touch_icon_exists" time="0.084" /><testcase classname="backend.tests.test_batch_generation_pwa.TestPWAAssets" name="test_favicon_exists" time="0.088" /></testsuite></testsuites>