<?xml version="1.0" encoding="utf-8"?><testsuites name="pytest tests"><testsuite name="pytest" errors="0" failures="1" skipped="0" tests="21" time="17.058" timestamp="2026-03-25T18:49:11.810007+00:00" hostname="agent-env-8aaa18cb-eab8-48f7-a800-0b7fca0b348d"><testcase classname="backend.tests.test_cardology_mayan.TestCardologyBirthCard" name="test_birth_card_valid_date" time="0.255" /><testcase classname="backend.tests.test_cardology_mayan.TestCardologyBirthCard" name="test_birth_card_january_first" time="0.198" /><testcase classname="backend.tests.test_cardology_mayan.TestCardologyBirthCard" name="test_birth_card_december_31" time="0.096" /><testcase classname="backend.tests.test_cardology_mayan.TestCardologyBirthCard" name="test_birth_card_invalid_month" time="0.129" /><testcase classname="backend.tests.test_cardology_mayan.TestCardologyBirthCard" name="test_birth_card_invalid_day" time="0.083" /><testcase classname="backend.tests.test_cardology_mayan.TestCardologyDailyCard" name="test_daily_card_returns_card" time="0.090" /><testcase classname="backend.tests.test_cardology_mayan.TestCardologyDailyCard" name="test_daily_card_consistent_same_day" time="0.204" /><testcase classname="backend.tests.test_cardology_mayan.TestCardologyCompatibility" name="test_compatibility_valid_dates" time="0.083" /><testcase classname="backend.tests.test_cardology_mayan.TestCardologyCompatibility" name="test_compatibility_same_birthday" time="0.126" /><testcase classname="backend.tests.test_cardology_mayan.TestMayanBirthSign" name="test_birth_sign_valid_date" time="0.084" /><testcase classname="backend.tests.test_cardology_mayan.TestMayanBirthSign" name="test_birth_sign_different_years" time="0.226" /><testcase classname="backend.tests.test_cardology_mayan.TestMayanBirthSign" name="test_birth_sign_invalid_date" time="0.082" /><testcase classname="backend.tests.test_cardology_mayan.TestMayanToday" name="test_today_returns_sign" time="0.123" /><testcase classname="backend.tests.test_cardology_mayan.TestMayanToday" name="test_today_consistent" time="0.158" /><testcase classname="backend.tests.test_cardology_mayan.TestMayanCompatibility" name="test_compatibility_valid_dates" time="0.086" /><testcase classname="backend.tests.test_cardology_mayan.TestGuidedExperience" name="test_guided_experience_requires_auth" time="0.141" /><testcase classname="backend.tests.test_cardology_mayan.TestGuidedExperience" name="test_guided_experience_with_auth" time="14.367" /><testcase classname="backend.tests.test_cardology_mayan.TestProfileMessagePrivacy" name="test_profile_includes_message_privacy" time="0.138" /><testcase classname="backend.tests.test_cardology_mayan.TestUsersDiscover" name="test_discover_returns_users" time="0.088"><failure message="AssertionError: assert False&#10; +  where False = isinstance({'page': 1, 'total': 19, 'users': [{'avatar_style': 'purple-teal', 'display_name': 'CosmicTester', 'id': 'e01553e1-4309-4c57-b771-adf04c359ca8', 'is_friend': False, ...}, {'avatar_style': 'purple-teal', 'display_name': 'RitualTester', 'id': '77ef8e4e-604a-49ba-b38e-73aea372eaf7', 'is_friend': False, ...}, {'avatar_style': 'purple-teal', 'display_name': 'Happy ', 'id': 'c03bcc3a-0d91-4307-a164-73eedd1ae6bf', 'is_friend': False, ...}, {'avatar_style': 'purple-teal', 'display_name': 'Test User', 'id': '90fae86f-a177-425a-8144-75a4131d6389', 'is_friend': False, ...}, {'avatar_style': 'purple-teal', 'display_name': 'Zen Test User', 'id': '6666d85e-1b25-4a38-9b77-b44ac65b0de4', 'is_friend': False, ...}, {'avatar_style': 'purple-teal', 'display_name': 'Mood Test User', 'id': 'bf70c29d-be22-429e-bd26-2ad53aaccfb1', 'is_friend': False, ...}, ...]}, list)">backend/tests/test_cardology_mayan.py:373: in test_discover_returns_users
    assert isinstance(data, list)
E   AssertionError: assert False
E    +  where False = isinstance({'page': 1, 'total': 19, 'users': [{'avatar_style': 'purple-teal', 'display_name': 'CosmicTester', 'id': 'e01553e1-4309-4c57-b771-adf04c359ca8', 'is_friend': False, ...}, {'avatar_style': 'purple-teal', 'display_name': 'RitualTester', 'id': '77ef8e4e-604a-49ba-b38e-73aea372eaf7', 'is_friend': False, ...}, {'avatar_style': 'purple-teal', 'display_name': 'Happy ', 'id': 'c03bcc3a-0d91-4307-a164-73eedd1ae6bf', 'is_friend': False, ...}, {'avatar_style': 'purple-teal', 'display_name': 'Test User', 'id': '90fae86f-a177-425a-8144-75a4131d6389', 'is_friend': False, ...}, {'avatar_style': 'purple-teal', 'display_name': 'Zen Test User', 'id': '6666d85e-1b25-4a38-9b77-b44ac65b0de4', 'is_friend': False, ...}, {'avatar_style': 'purple-teal', 'display_name': 'Mood Test User', 'id': 'bf70c29d-be22-429e-bd26-2ad53aaccfb1', 'is_friend': False, ...}, ...]}, list)</failure></testcase><testcase classname="backend.tests.test_cardology_mayan.TestNavigationEndpoints" name="test_tantra_endpoint" time="0.085" /><testcase classname="backend.tests.test_cardology_mayan.TestNavigationEndpoints" name="test_mudras_endpoint" time="0.098" /></testsuite></testsuites>