<?xml version="1.0" encoding="utf-8"?><testsuites name="pytest tests"><testsuite name="pytest" errors="0" failures="0" skipped="0" tests="5" time="0.808" timestamp="2026-03-27T11:36:24.663324+00:00" hostname="agent-env-8aaa18cb-eab8-48f7-a800-0b7fca0b348d"><testcase classname="backend.tests.test_iteration63_revert_verify.TestCoachModes" name="test_coach_modes_original_names" time="0.284" /><testcase classname="backend.tests.test_iteration63_revert_verify.TestQuantumFeaturesStillWork" name="test_quantum_principles_api" time="0.201" /><testcase classname="backend.tests.test_iteration63_revert_verify.TestNotificationsStillWork" name="test_vapid_public_key" time="0.092" /><testcase classname="backend.tests.test_iteration63_revert_verify.TestNotificationsStillWork" name="test_notification_status_unauthenticated" time="0.083" /><testcase classname="backend.tests.test_iteration63_revert_verify.TestHealthCheck" name="test_api_health" time="0.089" /></testsuite></testsuites>