<?xml version="1.0" encoding="utf-8"?><testsuites name="pytest tests"><testsuite name="pytest" errors="0" failures="0" skipped="0" tests="17" time="2.726" timestamp="2026-04-03T14:44:48.557270+00:00" hostname="agent-env-8aaa18cb-eab8-48f7-a800-0b7fca0b348d"><testcase classname="backend.tests.test_iteration246_classes_treasury.TestClassesAPI" name="test_get_archetypes_returns_4_classes" time="0.261" /><testcase classname="backend.tests.test_iteration246_classes_treasury.TestClassesAPI" name="test_select_class_shaman" time="0.421" /><testcase classname="backend.tests.test_iteration246_classes_treasury.TestClassesAPI" name="test_select_class_invalid" time="0.090" /><testcase classname="backend.tests.test_iteration246_classes_treasury.TestClassesAPI" name="test_get_my_class" time="0.248" /><testcase classname="backend.tests.test_iteration246_classes_treasury.TestClassesAPI" name="test_add_xp" time="0.184" /><testcase classname="backend.tests.test_iteration246_classes_treasury.TestClassesAPI" name="test_add_xp_invalid_amount" time="0.079" /><testcase classname="backend.tests.test_iteration246_classes_treasury.TestTreasuryAPI" name="test_get_balance_initial_100_credits" time="0.082" /><testcase classname="backend.tests.test_iteration246_classes_treasury.TestTreasuryAPI" name="test_get_ledger" time="0.095" /><testcase classname="backend.tests.test_iteration246_classes_treasury.TestTreasuryAPI" name="test_sovereign_dashboard" time="0.101" /><testcase classname="backend.tests.test_iteration246_classes_treasury.TestConstellationMirrorHook" name="test_create_constellation_writes_to_mirror" time="0.220" /><testcase classname="backend.tests.test_iteration246_classes_treasury.TestPurchaseFlow" name="test_purchase_requires_for_sale_constellation" time="0.265" /><testcase classname="backend.tests.test_iteration246_classes_treasury.TestPurchaseFlow" name="test_purchase_requires_valid_constellation" time="0.084" /><testcase classname="backend.tests.test_iteration246_classes_treasury.TestPurchaseFlow" name="test_purchase_requires_constellation_id" time="0.092" /><testcase classname="backend.tests.test_iteration246_classes_treasury.TestClassSwitching" name="test_switch_to_nomad" time="0.101" /><testcase classname="backend.tests.test_iteration246_classes_treasury.TestClassSwitching" name="test_switch_to_architect" time="0.087" /><testcase classname="backend.tests.test_iteration246_classes_treasury.TestClassSwitching" name="test_switch_to_merchant" time="0.098" /><testcase classname="backend.tests.test_iteration246_classes_treasury.TestClassSwitching" name="test_switch_back_to_shaman" time="0.130" /></testsuite></testsuites>