<?xml version="1.0" encoding="utf-8"?><testsuites name="pytest tests"><testsuite name="pytest" errors="0" failures="0" skipped="0" tests="13" time="45.227" timestamp="2026-03-26T05:52:31.158648+00:00" hostname="agent-env-8aaa18cb-eab8-48f7-a800-0b7fca0b348d"><testcase classname="backend.tests.test_meditation_tts.TestTTSNarration" name="test_tts_endpoint_basic" time="3.089" /><testcase classname="backend.tests.test_meditation_tts.TestTTSNarration" name="test_tts_different_voices" time="9.880" /><testcase classname="backend.tests.test_meditation_tts.TestTTSNarration" name="test_tts_rejects_short_text" time="0.080" /><testcase classname="backend.tests.test_meditation_tts.TestTTSNarration" name="test_tts_rejects_empty_text" time="0.072" /><testcase classname="backend.tests.test_meditation_tts.TestTTSNarration" name="test_tts_caching_with_hashlib" time="5.444" /><testcase classname="backend.tests.test_meditation_tts.TestGuidedMeditationGeneration" name="test_generate_guided_meditation" time="14.553" /><testcase classname="backend.tests.test_meditation_tts.TestGuidedMeditationGeneration" name="test_generate_meditation_requires_auth" time="0.120" /><testcase classname="backend.tests.test_meditation_tts.TestGuidedMeditationGeneration" name="test_generate_meditation_different_focuses" time="10.589" /><testcase classname="backend.tests.test_meditation_tts.TestCustomMeditationCRUD" name="test_save_custom_meditation" time="0.405" /><testcase classname="backend.tests.test_meditation_tts.TestCustomMeditationCRUD" name="test_get_custom_meditations" time="0.087" /><testcase classname="backend.tests.test_meditation_tts.TestCustomMeditationCRUD" name="test_get_custom_meditations_requires_auth" time="0.111" /><testcase classname="backend.tests.test_meditation_tts.TestCustomMeditationCRUD" name="test_delete_custom_meditation" time="0.257" /><testcase classname="backend.tests.test_meditation_tts.TestCleanup" name="test_cleanup_test_meditations" time="0.468" /></testsuite></testsuites>