<?xml version="1.0" encoding="utf-8"?><testsuites name="pytest tests"><testsuite name="pytest" errors="0" failures="0" skipped="0" tests="14" time="2.209" timestamp="2026-04-19T21:29:17.887930+00:00" hostname="agent-env-62cb525e-fdd8-461b-ba21-e4e416215f38"><testcase classname="backend.tests.test_iteration_359_mobile_audit.TestBackendRegression" name="test_auth_login" time="0.338" /><testcase classname="backend.tests.test_iteration_359_mobile_audit.TestBackendRegression" name="test_auth_me" time="0.636" /><testcase classname="backend.tests.test_iteration_359_mobile_audit.TestBackendRegression" name="test_pillars_list" time="0.100" /><testcase classname="backend.tests.test_iteration_359_mobile_audit.TestBackendRegression" name="test_pillars_resonance" time="0.106" /><testcase classname="backend.tests.test_iteration_359_mobile_audit.TestBackendRegression" name="test_sparks_wallet" time="0.082" /><testcase classname="backend.tests.test_iteration_359_mobile_audit.TestBackendRegression" name="test_treasury_balance" time="0.077" /><testcase classname="backend.tests.test_iteration_359_mobile_audit.TestBackendRegression" name="test_sparks_immersion" time="0.092" /><testcase classname="backend.tests.test_iteration_359_mobile_audit.TestBackendRegression" name="test_subscription_tiers" time="0.096" /><testcase classname="backend.tests.test_iteration_359_mobile_audit.TestBackendRegression" name="test_meditation_history_log" time="0.103" /><testcase classname="backend.tests.test_iteration_359_mobile_audit.TestBackendRegression" name="test_rpg_character" time="0.110" /><testcase classname="backend.tests.test_iteration_359_mobile_audit.TestBackendRegression" name="test_rpg_inventory" time="0.120" /><testcase classname="backend.tests.test_iteration_359_mobile_audit.TestBackendRegression" name="test_rpg_quests_daily" time="0.092" /><testcase classname="backend.tests.test_iteration_359_mobile_audit.TestBackendRegression" name="test_trade_circle_listings" time="0.090" /><testcase classname="backend.tests.test_iteration_359_mobile_audit.TestBackendRegression" name="test_journal_entries" time="0.099" /></testsuite></testsuites>