<?xml version="1.0" encoding="utf-8"?><testsuites name="pytest tests"><testsuite name="pytest" errors="0" failures="0" skipped="0" tests="22" time="2.690" timestamp="2026-03-25T20:35:34.640605+00:00" hostname="agent-env-8aaa18cb-eab8-48f7-a800-0b7fca0b348d"><testcase classname="backend.tests.test_numerology_wisdom_journal.TestNumerologyCalculate" name="test_calculate_john_1990_07_15_returns_life_path_5" time="0.109" /><testcase classname="backend.tests.test_numerology_wisdom_journal.TestNumerologyCalculate" name="test_calculate_returns_all_five_numbers" time="0.099" /><testcase classname="backend.tests.test_numerology_wisdom_journal.TestNumerologyCalculate" name="test_calculate_missing_name_returns_400" time="0.088" /><testcase classname="backend.tests.test_numerology_wisdom_journal.TestNumerologyCalculate" name="test_calculate_missing_date_returns_400" time="0.077" /><testcase classname="backend.tests.test_numerology_wisdom_journal.TestNumerologyCalculate" name="test_calculate_empty_name_returns_400" time="0.078" /><testcase classname="backend.tests.test_numerology_wisdom_journal.TestNumerologyCalculate" name="test_calculate_invalid_date_format_returns_400" time="0.075" /><testcase classname="backend.tests.test_numerology_wisdom_journal.TestNumerologyCalculate" name="test_calculate_master_number_11" time="0.090" /><testcase classname="backend.tests.test_numerology_wisdom_journal.TestNumerologyCompatibility" name="test_compatibility_returns_harmony_score_and_dynamic" time="0.089" /><testcase classname="backend.tests.test_numerology_wisdom_journal.TestNumerologyCompatibility" name="test_compatibility_missing_data_returns_400" time="0.083" /><testcase classname="backend.tests.test_numerology_wisdom_journal.TestNumerologyCompatibility" name="test_compatibility_missing_date_returns_400" time="0.121" /><testcase classname="backend.tests.test_numerology_wisdom_journal.TestNumerologyCompatibility" name="test_compatibility_invalid_date_returns_400" time="0.078" /><testcase classname="backend.tests.test_numerology_wisdom_journal.TestWisdomJournal" name="test_get_wisdom_journal_authenticated" time="0.425" /><testcase classname="backend.tests.test_numerology_wisdom_journal.TestWisdomJournal" name="test_get_wisdom_journal_unauthenticated_returns_401" time="0.079" /><testcase classname="backend.tests.test_numerology_wisdom_journal.TestWisdomJournal" name="test_create_wisdom_journal_entry" time="0.099" /><testcase classname="backend.tests.test_numerology_wisdom_journal.TestWisdomJournal" name="test_create_wisdom_journal_personal_reflection" time="0.082" /><testcase classname="backend.tests.test_numerology_wisdom_journal.TestWisdomJournal" name="test_verify_entry_persisted" time="0.077" /><testcase classname="backend.tests.test_numerology_wisdom_journal.TestWisdomJournal" name="test_delete_wisdom_journal_entry" time="0.268" /><testcase classname="backend.tests.test_numerology_wisdom_journal.TestWisdomJournal" name="test_delete_invalid_id_returns_404" time="0.100" /><testcase classname="backend.tests.test_numerology_wisdom_journal.TestWisdomJournal" name="test_delete_unauthenticated_returns_401" time="0.077" /><testcase classname="backend.tests.test_numerology_wisdom_journal.TestWisdomJournal" name="test_cleanup_test_entries" time="0.242" /><testcase classname="backend.tests.test_numerology_wisdom_journal.TestTeachersEndpoint" name="test_get_teachers_list" time="0.082" /><testcase classname="backend.tests.test_numerology_wisdom_journal.TestTeachersEndpoint" name="test_get_teacher_details" time="0.081" /></testsuite></testsuites>