<?xml version="1.0" encoding="utf-8"?><testsuites name="pytest tests"><testsuite name="pytest" errors="0" failures="0" skipped="0" tests="10" time="38.908" timestamp="2026-03-30T04:25:17.479763+00:00" hostname="agent-env-8aaa18cb-eab8-48f7-a800-0b7fca0b348d"><testcase classname="backend.tests.test_iteration111_astrology_reading.TestAstrologyReading" name="test_astrology_reading_basic" time="3.278" /><testcase classname="backend.tests.test_iteration111_astrology_reading.TestAstrologyReading" name="test_astrology_reading_all_zodiac_signs" time="10.807" /><testcase classname="backend.tests.test_iteration111_astrology_reading.TestAstrologyReading" name="test_astrology_reading_moon_phase_data" time="4.259" /><testcase classname="backend.tests.test_iteration111_astrology_reading.TestAstrologyReading" name="test_astrology_reading_active_transits" time="6.506" /><testcase classname="backend.tests.test_iteration111_astrology_reading.TestAstrologyReading" name="test_astrology_reading_user_zodiac_detection" time="3.017" /><testcase classname="backend.tests.test_iteration111_astrology_reading.TestAstrologyReading" name="test_astrology_reading_timestamp" time="2.996" /><testcase classname="backend.tests.test_iteration111_astrology_reading.TestAstrologyReading" name="test_astrology_reading_without_auth" time="0.426" /><testcase classname="backend.tests.test_iteration111_astrology_reading.TestAstrologyReading" name="test_astrology_reading_empty_constellation" time="3.309" /><testcase classname="backend.tests.test_iteration111_astrology_reading.TestAstrologyReading" name="test_astrology_reading_reading_content_quality" time="3.874" /><testcase classname="backend.tests.test_iteration111_astrology_reading.TestStarChartEndpoints" name="test_star_chart_constellations_endpoint" time="0.358" /></testsuite></testsuites>