<?xml version="1.0" encoding="utf-8"?><testsuites name="pytest tests"><testsuite name="pytest" errors="0" failures="0" skipped="0" tests="20" time="47.741" timestamp="2026-03-26T15:54:59.830255+00:00" hostname="agent-env-8aaa18cb-eab8-48f7-a800-0b7fca0b348d"><testcase classname="backend.tests.test_constellation_meditations.TestConstellationThemes" name="test_constellation_themes_returns_200" time="0.738" /><testcase classname="backend.tests.test_constellation_meditations.TestConstellationThemes" name="test_constellation_themes_returns_12_themes" time="0.118" /><testcase classname="backend.tests.test_constellation_meditations.TestConstellationThemes" name="test_constellation_themes_structure" time="0.109" /><testcase classname="backend.tests.test_constellation_meditations.TestConstellationThemes" name="test_constellation_themes_all_zodiac_signs" time="0.173" /><testcase classname="backend.tests.test_constellation_meditations.TestConstellationThemes" name="test_constellation_themes_elements" time="0.107" /><testcase classname="backend.tests.test_constellation_meditations.TestConstellationThemes" name="test_constellation_themes_has_user_zodiac" time="0.090" /><testcase classname="backend.tests.test_constellation_meditations.TestConstellationThemes" name="test_constellation_themes_requires_auth" time="0.107" /><testcase classname="backend.tests.test_constellation_meditations.TestGenerateConstellationMeditation" name="test_generate_constellation_requires_auth" time="0.084" /><testcase classname="backend.tests.test_constellation_meditations.TestGenerateConstellationMeditation" name="test_generate_constellation_invalid_id" time="0.113" /><testcase classname="backend.tests.test_constellation_meditations.TestGenerateConstellationMeditation" name="test_generate_constellation_accepts_valid_request" time="17.332" /><testcase classname="backend.tests.test_constellation_meditations.TestGenerateConstellationMeditation" name="test_generate_constellation_duration_bounds" time="13.827" /><testcase classname="backend.tests.test_constellation_meditations.TestMyConstellationMeditations" name="test_my_constellation_returns_200" time="0.124" /><testcase classname="backend.tests.test_constellation_meditations.TestMyConstellationMeditations" name="test_my_constellation_returns_list" time="0.092" /><testcase classname="backend.tests.test_constellation_meditations.TestMyConstellationMeditations" name="test_my_constellation_requires_auth" time="0.103" /><testcase classname="backend.tests.test_constellation_meditations.TestDeleteConstellationMeditation" name="test_delete_constellation_requires_auth" time="0.095" /><testcase classname="backend.tests.test_constellation_meditations.TestDeleteConstellationMeditation" name="test_delete_constellation_not_found" time="0.089" /><testcase classname="backend.tests.test_constellation_meditations.TestRegressionExistingMeditationFeatures" name="test_guided_meditation_generate_still_works" time="14.034" /><testcase classname="backend.tests.test_constellation_meditations.TestRegressionExistingMeditationFeatures" name="test_custom_meditations_endpoint_still_works" time="0.151" /><testcase classname="backend.tests.test_constellation_meditations.TestRegressionExistingMeditationFeatures" name="test_breathing_patterns_still_work" time="0.091" /><testcase classname="backend.tests.test_constellation_meditations.TestAvatarEnergyStateRegression" name="test_avatar_energy_state_still_works" time="0.093" /></testsuite></testsuites>