<?xml version="1.0" encoding="utf-8"?><testsuites name="pytest tests"><testsuite name="pytest" errors="0" failures="0" skipped="0" tests="18" time="7.035" timestamp="2026-04-03T06:45:44.861415+00:00" hostname="agent-env-8aaa18cb-eab8-48f7-a800-0b7fca0b348d"><testcase classname="backend.tests.test_iteration236_bipolar_gravity.TestIteration236BipolarGravity" name="test_health_endpoint" time="0.577" /><testcase classname="backend.tests.test_iteration236_bipolar_gravity.TestIteration236BipolarGravity" name="test_sovereign_status_returns_tier" time="0.485" /><testcase classname="backend.tests.test_iteration236_bipolar_gravity.TestIteration236BipolarGravity" name="test_sovereign_status_has_experience_config" time="0.360" /><testcase classname="backend.tests.test_iteration236_bipolar_gravity.TestIteration236BipolarGravity" name="test_mixer_subscription_returns_tier_config" time="0.385" /><testcase classname="backend.tests.test_iteration236_bipolar_gravity.TestIteration236BipolarGravity" name="test_mixer_subscription_has_speed_bonus" time="0.378" /><testcase classname="backend.tests.test_iteration236_bipolar_gravity.TestIteration236BipolarGravity" name="test_mixer_subscription_has_keyframe_automation" time="0.384" /><testcase classname="backend.tests.test_iteration236_bipolar_gravity.TestIteration236BipolarGravity" name="test_mixer_sources_returns_list" time="0.387" /><testcase classname="backend.tests.test_iteration236_bipolar_gravity.TestIteration236BipolarGravity" name="test_mixer_sources_have_required_fields" time="0.357" /><testcase classname="backend.tests.test_iteration236_bipolar_gravity.TestIteration236BipolarGravity" name="test_mixer_sources_include_phonic_tones" time="0.350" /><testcase classname="backend.tests.test_iteration236_bipolar_gravity.TestIteration236BipolarGravity" name="test_mixer_projects_list" time="0.380" /><testcase classname="backend.tests.test_iteration236_bipolar_gravity.TestIteration236BipolarGravity" name="test_mixer_bonus_packs_list" time="0.356" /><testcase classname="backend.tests.test_iteration236_bipolar_gravity.TestIteration236BipolarGravity" name="test_mixer_recommendations" time="0.368" /><testcase classname="backend.tests.test_iteration236_bipolar_gravity.TestIteration236BipolarGravity" name="test_mixer_auto_compose_goals" time="0.354" /><testcase classname="backend.tests.test_iteration236_bipolar_gravity.TestIteration236BipolarGravity" name="test_mixer_templates" time="0.363" /><testcase classname="backend.tests.test_iteration236_bipolar_gravity.TestIteration236BipolarGravity" name="test_mixer_recording_config" time="0.354" /><testcase classname="backend.tests.test_iteration236_bipolar_gravity.TestIteration236BipolarGravity" name="test_mixer_ai_capabilities" time="0.404" /><testcase classname="backend.tests.test_iteration236_bipolar_gravity.TestIteration236BipolarGravity" name="test_sovereign_events_publish" time="0.366" /><testcase classname="backend.tests.test_iteration236_bipolar_gravity.TestIteration236BipolarGravity" name="test_sovereign_events_recent" time="0.334" /></testsuite></testsuites>