<?xml version="1.0" encoding="utf-8"?><testsuites name="pytest tests"><testsuite name="pytest" errors="0" failures="0" skipped="0" tests="15" time="2.026" timestamp="2026-04-01T21:29:16.844520+00:00" hostname="agent-env-8aaa18cb-eab8-48f7-a800-0b7fca0b348d"><testcase classname="backend.tests.test_iteration180_resonance_hotspots.TestResonancePractices" name="test_get_practices_returns_5_types" time="0.731" /><testcase classname="backend.tests.test_iteration180_resonance_hotspots.TestResonancePractices" name="test_practices_have_required_fields" time="0.076" /><testcase classname="backend.tests.test_iteration180_resonance_hotspots.TestResonancePractices" name="test_practice_elements_correct" time="0.105" /><testcase classname="backend.tests.test_iteration180_resonance_hotspots.TestResonancePractices" name="test_practice_min_durations" time="0.074" /><testcase classname="backend.tests.test_iteration180_resonance_hotspots.TestResonancePractices" name="test_practices_include_stats" time="0.082" /><testcase classname="backend.tests.test_iteration180_resonance_hotspots.TestResonanceComplete" name="test_complete_meditation_success" time="0.077" /><testcase classname="backend.tests.test_iteration180_resonance_hotspots.TestResonanceComplete" name="test_complete_invalid_practice_type_returns_400" time="0.108" /><testcase classname="backend.tests.test_iteration180_resonance_hotspots.TestResonanceComplete" name="test_complete_below_min_duration_returns_400" time="0.069" /><testcase classname="backend.tests.test_iteration180_resonance_hotspots.TestResonanceHistory" name="test_get_history" time="0.081" /><testcase classname="backend.tests.test_iteration180_resonance_hotspots.TestRapidCityHotspots" name="test_nearby_hotspots_rapid_city" time="0.087" /><testcase classname="backend.tests.test_iteration180_resonance_hotspots.TestRapidCityHotspots" name="test_collect_radius_is_50m" time="0.075" /><testcase classname="backend.tests.test_iteration180_resonance_hotspots.TestRapidCityHotspots" name="test_static_sites_returns_13_total" time="0.108" /><testcase classname="backend.tests.test_iteration180_resonance_hotspots.TestRapidCityHotspots" name="test_static_sites_include_rapid_city" time="0.097" /><testcase classname="backend.tests.test_iteration180_resonance_hotspots.TestMantraOfTheDay" name="test_mantras_endpoint_returns_mantras" time="0.090" /><testcase classname="backend.tests.test_iteration180_resonance_hotspots.TestMantraOfTheDay" name="test_mantra_has_energy_field" time="0.087" /></testsuite></testsuites>