<?xml version="1.0" encoding="utf-8"?><testsuites name="pytest tests"><testsuite name="pytest" errors="0" failures="0" skipped="0" tests="13" time="4.645" timestamp="2026-04-03T15:06:47.510751+00:00" hostname="agent-env-8aaa18cb-eab8-48f7-a800-0b7fca0b348d"><testcase classname="backend.tests.test_iteration247_sovereign_dashboard.TestSovereignConfig" name="test_get_sovereign_config" time="2.570" /><testcase classname="backend.tests.test_iteration247_sovereign_dashboard.TestSovereignConfig" name="test_patch_sovereign_config_fee_percent" time="0.104" /><testcase classname="backend.tests.test_iteration247_sovereign_dashboard.TestSovereignConfig" name="test_patch_sovereign_config_toggles" time="0.267" /><testcase classname="backend.tests.test_iteration247_sovereign_dashboard.TestSovereignConfig" name="test_patch_sovereign_config_fee_validation_reject_over_50" time="0.087" /><testcase classname="backend.tests.test_iteration247_sovereign_dashboard.TestSovereignConfig" name="test_patch_sovereign_config_fee_validation_reject_negative" time="0.101" /><testcase classname="backend.tests.test_iteration247_sovereign_dashboard.TestSovereignMirror" name="test_get_sovereign_mirror" time="0.088" /><testcase classname="backend.tests.test_iteration247_sovereign_dashboard.TestSovereignEscrow" name="test_get_sovereign_escrow" time="0.117" /><testcase classname="backend.tests.test_iteration247_sovereign_dashboard.TestSovereignEscrow" name="test_freeze_escrow_not_found" time="0.099" /><testcase classname="backend.tests.test_iteration247_sovereign_dashboard.TestSkeletonExport" name="test_get_skeleton_export" time="0.098" /><testcase classname="backend.tests.test_iteration247_sovereign_dashboard.TestFrozenTransactions" name="test_purchase_blocked_when_frozen" time="0.262" /><testcase classname="backend.tests.test_iteration247_sovereign_dashboard.TestMirrorHook" name="test_constellation_creation_respects_mirror_toggle" time="0.563" /><testcase classname="backend.tests.test_iteration247_sovereign_dashboard.TestSovereignDashboard" name="test_get_sovereign_dashboard" time="0.114" /><testcase classname="backend.tests.test_iteration247_sovereign_dashboard.TestCleanup" name="test_reset_config_to_defaults" time="0.087" /></testsuite></testsuites>