<?xml version="1.0" encoding="utf-8"?><testsuites name="pytest tests"><testsuite name="pytest" errors="0" failures="0" skipped="0" tests="12" time="1.052" timestamp="2026-04-01T21:14:37.594682+00:00" hostname="agent-env-8aaa18cb-eab8-48f7-a800-0b7fca0b348d"><testcase classname="backend.tests.test_iteration179_chinese_mantras_intro.TestMantrasExpanded" name="test_get_all_mantras_returns_73_plus" time="0.130" /><testcase classname="backend.tests.test_iteration179_chinese_mantras_intro.TestMantrasExpanded" name="test_categories_include_chinese_gates_explore" time="0.081" /><testcase classname="backend.tests.test_iteration179_chinese_mantras_intro.TestMantrasExpanded" name="test_chinese_mantras_have_lang_zh" time="0.090" /><testcase classname="backend.tests.test_iteration179_chinese_mantras_intro.TestMantrasExpanded" name="test_chinese_mantras_count_at_least_15" time="0.083" /><testcase classname="backend.tests.test_iteration179_chinese_mantras_intro.TestMantrasExpanded" name="test_gates_mantras_returned" time="0.071" /><testcase classname="backend.tests.test_iteration179_chinese_mantras_intro.TestMantrasExpanded" name="test_gates_mantras_count_at_least_4" time="0.078" /><testcase classname="backend.tests.test_iteration179_chinese_mantras_intro.TestMantrasExpanded" name="test_explore_mantras_returned" time="0.083" /><testcase classname="backend.tests.test_iteration179_chinese_mantras_intro.TestMantrasExpanded" name="test_explore_mantras_count_at_least_4" time="0.079" /><testcase classname="backend.tests.test_iteration179_chinese_mantras_intro.TestMantrasExpanded" name="test_mantra_structure_valid" time="0.080" /><testcase classname="backend.tests.test_iteration179_chinese_mantras_intro.TestMantrasExpanded" name="test_default_mantras_endpoint" time="0.076" /><testcase classname="backend.tests.test_iteration179_chinese_mantras_intro.TestExistingRoutes" name="test_health_endpoint" time="0.074" /><testcase classname="backend.tests.test_iteration179_chinese_mantras_intro.TestExistingRoutes" name="test_hotspots_static_sites" time="0.072" /></testsuite></testsuites>