<?xml version="1.0" encoding="utf-8"?><testsuites name="pytest tests"><testsuite name="pytest" errors="0" failures="0" skipped="0" tests="8" time="11.110" timestamp="2026-03-27T02:57:13.919715+00:00" hostname="agent-env-8aaa18cb-eab8-48f7-a800-0b7fca0b348d"><testcase classname="backend.tests.test_coach_voice_chat.TestCoachVoiceChat" name="test_voice_chat_returns_transcription_reply_and_audio" time="6.293" /><testcase classname="backend.tests.test_coach_voice_chat.TestCoachVoiceChat" name="test_voice_chat_invalid_session_returns_404" time="0.421" /><testcase classname="backend.tests.test_coach_voice_chat.TestCoachVoiceChat" name="test_voice_chat_requires_auth" time="0.119" /><testcase classname="backend.tests.test_coach_voice_chat.TestCoachTextChatRegression" name="test_text_chat_still_works" time="2.880" /><testcase classname="backend.tests.test_coach_voice_chat.TestCoachSessionsCRUD" name="test_create_session" time="0.371" /><testcase classname="backend.tests.test_coach_voice_chat.TestCoachSessionsCRUD" name="test_list_sessions" time="0.429" /><testcase classname="backend.tests.test_coach_voice_chat.TestCoachSessionsCRUD" name="test_get_session_by_id" time="0.457" /><testcase classname="backend.tests.test_coach_voice_chat.TestCoachModes" name="test_get_modes_returns_6_modes" time="0.070" /></testsuite></testsuites>