<?xml version="1.0" encoding="utf-8"?><testsuites name="pytest tests"><testsuite name="pytest" errors="0" failures="0" skipped="0" tests="17" time="2.007" timestamp="2026-04-02T21:17:00.826279+00:00" hostname="agent-env-8aaa18cb-eab8-48f7-a800-0b7fca0b348d"><testcase classname="backend.tests.test_iteration221_mantras_orbital.TestSovereignMantrasLibrary" name="test_sovereign_library_returns_200" time="0.427" /><testcase classname="backend.tests.test_iteration221_mantras_orbital.TestSovereignMantrasLibrary" name="test_sovereign_library_has_four_categories" time="0.115" /><testcase classname="backend.tests.test_iteration221_mantras_orbital.TestSovereignMantrasLibrary" name="test_sovereign_library_has_43_total_entries" time="0.087" /><testcase classname="backend.tests.test_iteration221_mantras_orbital.TestSovereignMantrasLibrary" name="test_archivist_tier_has_33_unlocked" time="0.082" /><testcase classname="backend.tests.test_iteration221_mantras_orbital.TestSovereignMantrasLibrary" name="test_locked_entries_have_truncated_text" time="0.085" /><testcase classname="backend.tests.test_iteration221_mantras_orbital.TestWisdomPrescription" name="test_wisdom_prescription_returns_200" time="0.089" /><testcase classname="backend.tests.test_iteration221_mantras_orbital.TestWisdomPrescription" name="test_wisdom_prescription_has_hexagram" time="0.112" /><testcase classname="backend.tests.test_iteration221_mantras_orbital.TestWisdomPrescription" name="test_wisdom_prescription_has_dominant_element" time="0.102" /><testcase classname="backend.tests.test_iteration221_mantras_orbital.TestWisdomPrescription" name="test_wisdom_prescription_has_solfeggio_hz" time="0.101" /><testcase classname="backend.tests.test_iteration221_mantras_orbital.TestWisdomPrescription" name="test_wisdom_prescription_has_prescription" time="0.090" /><testcase classname="backend.tests.test_iteration221_mantras_orbital.TestWisdomPrescription" name="test_wisdom_prescription_has_affirmation" time="0.089" /><testcase classname="backend.tests.test_iteration221_mantras_orbital.TestWisdomPrescription" name="test_wisdom_prescription_has_resonance" time="0.101" /><testcase classname="backend.tests.test_iteration221_mantras_orbital.TestWisdomPrescription" name="test_wisdom_prescription_has_tier" time="0.097" /><testcase classname="backend.tests.test_iteration221_mantras_orbital.TestOrbitalRoutes" name="test_botany_orbital_page_exists" time="0.085" /><testcase classname="backend.tests.test_iteration221_mantras_orbital.TestOrbitalRoutes" name="test_trade_orbital_page_exists" time="0.087" /><testcase classname="backend.tests.test_iteration221_mantras_orbital.TestOrbitalRoutes" name="test_codex_orbital_page_exists" time="0.085" /><testcase classname="backend.tests.test_iteration221_mantras_orbital.TestAudioTierMapping" name="test_mastery_tier_endpoint" time="0.091" /></testsuite></testsuites>