<?xml version="1.0" encoding="utf-8"?><testsuites name="pytest tests"><testsuite name="pytest" errors="0" failures="0" skipped="0" tests="21" time="13.972" timestamp="2026-03-30T10:20:43.544152+00:00" hostname="agent-env-8aaa18cb-eab8-48f7-a800-0b7fca0b348d"><testcase classname="backend.tests.test_starseed_realm.TestWorldEvent" name="test_get_world_event_returns_200" time="0.276" /><testcase classname="backend.tests.test_starseed_realm.TestWorldEvent" name="test_world_event_has_required_fields" time="0.123" /><testcase classname="backend.tests.test_starseed_realm.TestHeartbeat" name="test_heartbeat_requires_auth" time="0.214" /><testcase classname="backend.tests.test_starseed_realm.TestHeartbeat" name="test_heartbeat_success" time="0.414" /><testcase classname="backend.tests.test_starseed_realm.TestActivePlayers" name="test_active_players_requires_auth" time="0.100" /><testcase classname="backend.tests.test_starseed_realm.TestActivePlayers" name="test_active_players_returns_list" time="0.201" /><testcase classname="backend.tests.test_starseed_realm.TestLeaderboard" name="test_leaderboard_requires_auth" time="0.084" /><testcase classname="backend.tests.test_starseed_realm.TestLeaderboard" name="test_leaderboard_returns_ranked_players" time="0.115" /><testcase classname="backend.tests.test_starseed_realm.TestEncounterRequest" name="test_encounter_request_requires_auth" time="0.119" /><testcase classname="backend.tests.test_starseed_realm.TestEncounterRequest" name="test_encounter_request_generates_npc_encounter" time="5.279" /><testcase classname="backend.tests.test_starseed_realm.TestEncounterResolve" name="test_encounter_resolve_requires_auth" time="0.130" /><testcase classname="backend.tests.test_starseed_realm.TestEncounterResolve" name="test_encounter_resolve_applies_changes" time="5.910" /><testcase classname="backend.tests.test_starseed_realm.TestAllianceCreate" name="test_alliance_create_requires_auth" time="0.093" /><testcase classname="backend.tests.test_starseed_realm.TestAllianceCreate" name="test_alliance_create_success" time="0.196" /><testcase classname="backend.tests.test_starseed_realm.TestAllianceJoin" name="test_alliance_join_requires_auth" time="0.100" /><testcase classname="backend.tests.test_starseed_realm.TestAlliancesList" name="test_alliances_list_requires_auth" time="0.085" /><testcase classname="backend.tests.test_starseed_realm.TestAlliancesList" name="test_alliances_list_returns_all" time="0.102" /><testcase classname="backend.tests.test_starseed_realm.TestMyAlliance" name="test_my_alliance_requires_auth" time="0.076" /><testcase classname="backend.tests.test_starseed_realm.TestMyAlliance" name="test_my_alliance_returns_current" time="0.104" /><testcase classname="backend.tests.test_starseed_realm.TestEncounterHistory" name="test_encounter_history_requires_auth" time="0.077" /><testcase classname="backend.tests.test_starseed_realm.TestEncounterHistory" name="test_encounter_history_returns_list" time="0.083" /></testsuite></testsuites>