<?xml version="1.0" encoding="utf-8"?><testsuites name="pytest tests"><testsuite name="pytest" errors="0" failures="0" skipped="0" tests="19" time="1.683" timestamp="2026-03-26T02:29:26.426871+00:00" hostname="agent-env-8aaa18cb-eab8-48f7-a800-0b7fca0b348d"><testcase classname="backend.tests.test_phase31_features.TestCosmicCalendar" name="test_cosmic_calendar_today_default" time="0.090" /><testcase classname="backend.tests.test_phase31_features.TestCosmicCalendar" name="test_cosmic_calendar_with_birth_params" time="0.029" /><testcase classname="backend.tests.test_phase31_features.TestWellnessReports" name="test_weekly_report" time="0.287" /><testcase classname="backend.tests.test_phase31_features.TestWellnessReports" name="test_monthly_report" time="0.030" /><testcase classname="backend.tests.test_phase31_features.TestWellnessReports" name="test_wellness_reports_unauthenticated" time="0.075" /><testcase classname="backend.tests.test_phase31_features.TestMeditationHistory" name="test_get_meditation_history" time="0.071" /><testcase classname="backend.tests.test_phase31_features.TestMeditationHistory" name="test_log_meditation_session" time="0.057" /><testcase classname="backend.tests.test_phase31_features.TestMeditationHistory" name="test_meditation_history_unauthenticated" time="0.068" /><testcase classname="backend.tests.test_phase31_features.TestCertifications" name="test_get_my_certifications" time="0.075" /><testcase classname="backend.tests.test_phase31_features.TestCertifications" name="test_certifications_unauthenticated" time="0.112" /><testcase classname="backend.tests.test_phase31_features.TestUploads" name="test_get_my_uploads" time="0.029" /><testcase classname="backend.tests.test_phase31_features.TestUploads" name="test_upload_media_file" time="0.110" /><testcase classname="backend.tests.test_phase31_features.TestUploads" name="test_upload_invalid_file_type" time="0.105" /><testcase classname="backend.tests.test_phase31_features.TestUploads" name="test_uploads_unauthenticated" time="0.078" /><testcase classname="backend.tests.test_phase31_features.TestRegression" name="test_health_endpoint" time="0.027" /><testcase classname="backend.tests.test_phase31_features.TestRegression" name="test_auth_login" time="0.253" /><testcase classname="backend.tests.test_phase31_features.TestRegression" name="test_acupressure_points" time="0.031" /><testcase classname="backend.tests.test_phase31_features.TestRegression" name="test_reiki_chakras" time="0.029" /><testcase classname="backend.tests.test_phase31_features.TestRegression" name="test_daily_ritual_generate" time="0.036" /></testsuite></testsuites>