<?xml version="1.0" encoding="utf-8"?><testsuites name="pytest tests"><testsuite name="pytest" errors="0" failures="0" skipped="0" tests="13" time="1.495" timestamp="2026-04-16T19:48:22.807439+00:00" hostname="agent-env-62cb525e-fdd8-461b-ba21-e4e416215f38"><testcase classname="backend.tests.test_v55_twa_masonry.TestTWAManifest" name="test_twa_manifest_accessible" time="0.178" /><testcase classname="backend.tests.test_v55_twa_masonry.TestTWAManifest" name="test_twa_manifest_package_id" time="0.088" /><testcase classname="backend.tests.test_v55_twa_masonry.TestTWAManifest" name="test_twa_manifest_shortcuts" time="0.139" /><testcase classname="backend.tests.test_v55_twa_masonry.TestWebManifest" name="test_web_manifest_accessible" time="0.093" /><testcase classname="backend.tests.test_v55_twa_masonry.TestWebManifest" name="test_web_manifest_id" time="0.123" /><testcase classname="backend.tests.test_v55_twa_masonry.TestWebManifest" name="test_web_manifest_shortcuts" time="0.120" /><testcase classname="backend.tests.test_v55_twa_masonry.TestBackendHealth" name="test_health_endpoint" time="0.104" /><testcase classname="backend.tests.test_v55_twa_masonry.TestEconomyTiers" name="test_economy_tiers_no_auth" time="0.097" /><testcase classname="backend.tests.test_v55_twa_masonry.TestEconomyTiers" name="test_economy_tiers_count" time="0.112" /><testcase classname="backend.tests.test_v55_twa_masonry.TestMasonryAPI" name="test_masonry_materials_academy" time="0.089" /><testcase classname="backend.tests.test_v55_twa_masonry.TestResonanceAPI" name="test_resonance_default" time="0.086" /><testcase classname="backend.tests.test_v55_twa_masonry.TestRegressionEndpoints" name="test_crystals_endpoint" time="0.093" /><testcase classname="backend.tests.test_v55_twa_masonry.TestRegressionEndpoints" name="test_breathing_patterns" time="0.093" /></testsuite></testsuites>