<?xml version="1.0" encoding="utf-8"?><testsuites name="pytest tests"><testsuite name="pytest" errors="0" failures="0" skipped="0" tests="18" time="2.953" timestamp="2026-04-02T22:34:18.609045+00:00" hostname="agent-env-8aaa18cb-eab8-48f7-a800-0b7fca0b348d"><testcase classname="backend.tests.test_iteration223_divine_director.TestMixerSubscription" name="test_get_subscription_returns_tier_and_config" time="0.412" /><testcase classname="backend.tests.test_iteration223_divine_director.TestMixerSubscription" name="test_subscription_has_ai_credits" time="0.074" /><testcase classname="backend.tests.test_iteration223_divine_director.TestMixerSubscription" name="test_subscription_comparison_table" time="0.077" /><testcase classname="backend.tests.test_iteration223_divine_director.TestMixerUpgrade" name="test_upgrade_invalid_tier_returns_400" time="0.075" /><testcase classname="backend.tests.test_iteration223_divine_director.TestMixerUpgrade" name="test_upgrade_to_lower_tier_returns_400" time="0.182" /><testcase classname="backend.tests.test_iteration223_divine_director.TestMixerSources" name="test_get_sources_returns_list" time="0.078" /><testcase classname="backend.tests.test_iteration223_divine_director.TestMixerSources" name="test_sources_have_required_fields" time="0.080" /><testcase classname="backend.tests.test_iteration223_divine_director.TestMixerSources" name="test_sources_tier_gating" time="0.079" /><testcase classname="backend.tests.test_iteration223_divine_director.TestMixerProjects" name="test_list_projects" time="0.079" /><testcase classname="backend.tests.test_iteration223_divine_director.TestMixerProjects" name="test_save_project_creates_new" time="0.087" /><testcase classname="backend.tests.test_iteration223_divine_director.TestMixerProjects" name="test_save_project_requires_name" time="0.101" /><testcase classname="backend.tests.test_iteration223_divine_director.TestMixerProjects" name="test_get_project_by_id" time="0.171" /><testcase classname="backend.tests.test_iteration223_divine_director.TestMixerProjects" name="test_get_nonexistent_project_returns_404" time="0.095" /><testcase classname="backend.tests.test_iteration223_divine_director.TestMixerProjects" name="test_delete_project" time="0.247" /><testcase classname="backend.tests.test_iteration223_divine_director.TestMixerProjects" name="test_delete_nonexistent_project_returns_404" time="0.088" /><testcase classname="backend.tests.test_iteration223_divine_director.TestLayerCapEnforcement" name="test_layer_cap_enforced_on_save" time="0.160" /><testcase classname="backend.tests.test_iteration223_divine_director.TestLayerCapEnforcement" name="test_save_at_layer_cap_succeeds" time="0.187" /><testcase classname="backend.tests.test_iteration223_divine_director.TestProjectUpdate" name="test_update_existing_project" time="0.589" /></testsuite></testsuites>