<?xml version="1.0" encoding="utf-8"?><testsuites name="pytest tests"><testsuite name="pytest" errors="0" failures="0" skipped="0" tests="16" time="3.808" timestamp="2026-03-29T20:37:49.446291+00:00" hostname="agent-env-8aaa18cb-eab8-48f7-a800-0b7fca0b348d"><testcase classname="backend.tests.test_iteration95_mood_ring_session_replay.TestCosmicMoodRing" name="test_mood_ring_endpoint_exists" time="0.558" /><testcase classname="backend.tests.test_iteration95_mood_ring_session_replay.TestCosmicMoodRing" name="test_quick_log_mood_happy" time="0.202" /><testcase classname="backend.tests.test_iteration95_mood_ring_session_replay.TestCosmicMoodRing" name="test_quick_log_mood_peaceful" time="0.099" /><testcase classname="backend.tests.test_iteration95_mood_ring_session_replay.TestCosmicMoodRing" name="test_quick_log_mood_energized" time="0.077" /><testcase classname="backend.tests.test_iteration95_mood_ring_session_replay.TestCosmicMoodRing" name="test_quick_log_mood_stressed" time="0.094" /><testcase classname="backend.tests.test_iteration95_mood_ring_session_replay.TestCosmicMoodRing" name="test_mood_ring_updates_after_log" time="0.167" /><testcase classname="backend.tests.test_iteration95_mood_ring_session_replay.TestSessionRecordings" name="test_past_sessions_endpoint" time="0.382" /><testcase classname="backend.tests.test_iteration95_mood_ring_session_replay.TestSessionRecordings" name="test_recording_exists_for_test_session" time="0.113" /><testcase classname="backend.tests.test_iteration95_mood_ring_session_replay.TestSessionRecordings" name="test_get_recording_details" time="0.107" /><testcase classname="backend.tests.test_iteration95_mood_ring_session_replay.TestSessionRecordings" name="test_download_recording" time="0.094" /><testcase classname="backend.tests.test_iteration95_mood_ring_session_replay.TestSessionRecordings" name="test_create_session_and_end_creates_recording" time="0.368" /><testcase classname="backend.tests.test_iteration95_mood_ring_session_replay.TestSessionRecordings" name="test_past_sessions_excludes_full_logs" time="0.081" /><testcase classname="backend.tests.test_iteration95_mood_ring_session_replay.TestLiveSessionsTabs" name="test_live_sessions_endpoint" time="0.438" /><testcase classname="backend.tests.test_iteration95_mood_ring_session_replay.TestLiveSessionsTabs" name="test_recurring_sessions_endpoint" time="0.084" /><testcase classname="backend.tests.test_iteration95_mood_ring_session_replay.TestLiveSessionsTabs" name="test_session_types_endpoint" time="0.092" /><testcase classname="backend.tests.test_iteration95_mood_ring_session_replay.TestDownloadFormat" name="test_download_format_structure" time="0.765" /></testsuite></testsuites>