<?xml version="1.0" encoding="utf-8"?><testsuites name="pytest tests"><testsuite name="pytest" errors="0" failures="0" skipped="0" tests="17" time="2.177" timestamp="2026-03-31T20:45:58.608209+00:00" hostname="agent-env-8aaa18cb-eab8-48f7-a800-0b7fca0b348d"><testcase classname="backend.tests.test_rpg_wellness_mmorpg.TestRPGCharacter" name="test_get_character" time="0.545" /><testcase classname="backend.tests.test_rpg_wellness_mmorpg.TestRPGCharacter" name="test_character_has_title" time="0.043" /><testcase classname="backend.tests.test_rpg_wellness_mmorpg.TestRPGInventory" name="test_get_inventory" time="0.041" /><testcase classname="backend.tests.test_rpg_wellness_mmorpg.TestRPGInventory" name="test_inventory_items_structure" time="0.033" /><testcase classname="backend.tests.test_rpg_wellness_mmorpg.TestRPGWorld" name="test_get_world_map" time="0.036" /><testcase classname="backend.tests.test_rpg_wellness_mmorpg.TestRPGWorld" name="test_sacred_forest_discovered" time="0.036" /><testcase classname="backend.tests.test_rpg_wellness_mmorpg.TestRPGWorld" name="test_explore_region" time="0.109" /><testcase classname="backend.tests.test_rpg_wellness_mmorpg.TestRPGBosses" name="test_get_bosses" time="0.035" /><testcase classname="backend.tests.test_rpg_wellness_mmorpg.TestRPGBosses" name="test_shadow_of_doubt_boss" time="0.035" /><testcase classname="backend.tests.test_rpg_wellness_mmorpg.TestRPGBosses" name="test_join_boss_encounter" time="0.114" /><testcase classname="backend.tests.test_rpg_wellness_mmorpg.TestRPGBosses" name="test_attack_boss" time="0.320" /><testcase classname="backend.tests.test_rpg_wellness_mmorpg.TestRPGParty" name="test_get_party" time="0.038" /><testcase classname="backend.tests.test_rpg_wellness_mmorpg.TestRPGParty" name="test_create_party" time="0.241" /><testcase classname="backend.tests.test_rpg_wellness_mmorpg.TestRPGEquipment" name="test_equip_item" time="0.114" /><testcase classname="backend.tests.test_rpg_wellness_mmorpg.TestRPGEquipment" name="test_unequip_item" time="0.123" /><testcase classname="backend.tests.test_rpg_wellness_mmorpg.TestRPGStatAllocation" name="test_allocate_stat" time="0.157" /><testcase classname="backend.tests.test_rpg_wellness_mmorpg.TestRPGStarterKit" name="test_starter_kit_endpoint_exists" time="0.071" /></testsuite></testsuites>