<?xml version="1.0" encoding="utf-8"?><testsuites name="pytest tests"><testsuite name="pytest" errors="0" failures="0" skipped="0" tests="23" time="7.172" timestamp="2026-04-02T17:53:44.796136+00:00" hostname="agent-env-8aaa18cb-eab8-48f7-a800-0b7fca0b348d"><testcase classname="backend.tests.test_iteration213_resonance_balance_suanpan.TestResonanceCompatibility" name="test_resonance_fire_element" time="0.553" /><testcase classname="backend.tests.test_iteration213_resonance_balance_suanpan.TestResonanceCompatibility" name="test_resonance_wood_element" time="0.220" /><testcase classname="backend.tests.test_iteration213_resonance_balance_suanpan.TestResonanceCompatibility" name="test_resonance_metal_element" time="0.102" /><testcase classname="backend.tests.test_iteration213_resonance_balance_suanpan.TestResonanceCompatibility" name="test_resonance_synergy_types" time="0.083" /><testcase classname="backend.tests.test_iteration213_resonance_balance_suanpan.TestResonanceCompatibility" name="test_resonance_invalid_element" time="0.093" /><testcase classname="backend.tests.test_iteration213_resonance_balance_suanpan.TestResonanceCompatibility" name="test_resonance_all_elements" time="0.454" /><testcase classname="backend.tests.test_iteration213_resonance_balance_suanpan.TestMasteryBalanceScore" name="test_balance_score_endpoint" time="0.106" /><testcase classname="backend.tests.test_iteration213_resonance_balance_suanpan.TestMasteryBalanceScore" name="test_balance_score_breakdown" time="0.103" /><testcase classname="backend.tests.test_iteration213_resonance_balance_suanpan.TestMasteryBalanceScore" name="test_balance_score_tier_derivation" time="0.088" /><testcase classname="backend.tests.test_iteration213_resonance_balance_suanpan.TestMasteryBalanceScore" name="test_balance_score_all_tiers_list" time="0.109" /><testcase classname="backend.tests.test_iteration213_resonance_balance_suanpan.TestWheelInteraction" name="test_wheel_interaction_record" time="0.079" /><testcase classname="backend.tests.test_iteration213_resonance_balance_suanpan.TestWheelInteraction" name="test_wheel_interaction_all_elements" time="0.513" /><testcase classname="backend.tests.test_iteration213_resonance_balance_suanpan.TestWheelInteraction" name="test_wheel_interaction_invalid_element" time="2.198" /><testcase classname="backend.tests.test_iteration213_resonance_balance_suanpan.TestSuanpanExport" name="test_suanpan_export_528hz_fire" time="0.229" /><testcase classname="backend.tests.test_iteration213_resonance_balance_suanpan.TestSuanpanExport" name="test_suanpan_export_396hz_wood" time="0.203" /><testcase classname="backend.tests.test_iteration213_resonance_balance_suanpan.TestSuanpanExport" name="test_suanpan_export_741hz_metal" time="0.175" /><testcase classname="backend.tests.test_iteration213_resonance_balance_suanpan.TestSuanpanExport" name="test_suanpan_export_auto_derives_metadata" time="0.162" /><testcase classname="backend.tests.test_iteration213_resonance_balance_suanpan.TestSuanpanExport" name="test_suanpan_export_source_tag" time="0.184" /><testcase classname="backend.tests.test_iteration213_resonance_balance_suanpan.TestSuanpanExport" name="test_suanpan_export_default_recipe_name" time="0.215" /><testcase classname="backend.tests.test_iteration213_resonance_balance_suanpan.TestSuanpanExport" name="test_suanpan_export_invalid_frequency" time="0.174" /><testcase classname="backend.tests.test_iteration213_resonance_balance_suanpan.TestSuanpanExport" name="test_suanpan_export_creates_listing" time="0.231" /><testcase classname="backend.tests.test_iteration213_resonance_balance_suanpan.TestIntegration" name="test_wheel_click_updates_diversity" time="0.623" /><testcase classname="backend.tests.test_iteration213_resonance_balance_suanpan.TestIntegration" name="test_resonance_reflects_garden_state" time="0.165" /></testsuite></testsuites>