<?xml version="1.0" encoding="utf-8"?><testsuites name="pytest tests"><testsuite name="pytest" errors="0" failures="0" skipped="0" tests="16" time="7.243" timestamp="2026-04-13T00:00:38.029462+00:00" hostname="agent-env-62cb525e-fdd8-461b-ba21-e4e416215f38"><testcase classname="backend.tests.test_p1_gaming.TestP1GamingModules" name="test_alchemy_state_returns_inventory_and_recipes" time="0.364" /><testcase classname="backend.tests.test_p1_gaming.TestP1GamingModules" name="test_alchemy_mine_returns_resources_and_dust" time="0.385" /><testcase classname="backend.tests.test_p1_gaming.TestP1GamingModules" name="test_alchemy_forge_combines_resources" time="0.689" /><testcase classname="backend.tests.test_p1_gaming.TestP1GamingModules" name="test_alchemy_forge_invalid_recipe" time="0.372" /><testcase classname="backend.tests.test_p1_gaming.TestP1GamingModules" name="test_gravity_well_market_returns_prices" time="0.385" /><testcase classname="backend.tests.test_p1_gaming.TestP1GamingModules" name="test_gravity_well_trade_buy" time="0.440" /><testcase classname="backend.tests.test_p1_gaming.TestP1GamingModules" name="test_gravity_well_trade_sell" time="0.477" /><testcase classname="backend.tests.test_p1_gaming.TestP1GamingModules" name="test_gravity_well_trade_invalid_params" time="0.470" /><testcase classname="backend.tests.test_p1_gaming.TestP1GamingModules" name="test_quest_nodes_returns_5_nodes" time="0.330" /><testcase classname="backend.tests.test_p1_gaming.TestP1GamingModules" name="test_quest_solve_correct_answer" time="0.422" /><testcase classname="backend.tests.test_p1_gaming.TestP1GamingModules" name="test_quest_solve_wrong_answer" time="0.480" /><testcase classname="backend.tests.test_p1_gaming.TestP1GamingModules" name="test_quest_solve_invalid_node" time="0.374" /><testcase classname="backend.tests.test_p1_gaming.TestP1GamingModules" name="test_quest_solve_locked_node" time="0.486" /><testcase classname="backend.tests.test_p1_gaming.TestP1GamingModules" name="test_transmuter_work_submit" time="0.382" /><testcase classname="backend.tests.test_p1_gaming.TestP1GamingIntegration" name="test_full_alchemy_flow" time="0.620" /><testcase classname="backend.tests.test_p1_gaming.TestP1GamingIntegration" name="test_market_price_consistency" time="0.465" /></testsuite></testsuites>