<?xml version="1.0" encoding="utf-8"?><testsuites name="pytest tests"><testsuite name="pytest" errors="0" failures="0" skipped="0" tests="5" time="1.918" timestamp="2026-04-03T12:49:53.498386+00:00" hostname="agent-env-8aaa18cb-eab8-48f7-a800-0b7fca0b348d"><testcase classname="backend.tests.test_iteration243_smartdock_consolidation.TestBackendRegression" name="test_harmony_score_endpoint" time="0.410" /><testcase classname="backend.tests.test_iteration243_smartdock_consolidation.TestBackendRegression" name="test_harmony_score_empty_data" time="0.337" /><testcase classname="backend.tests.test_iteration243_smartdock_consolidation.TestBackendRegression" name="test_streak_check_endpoint" time="0.389" /><testcase classname="backend.tests.test_iteration243_smartdock_consolidation.TestBackendRegression" name="test_culture_layers_endpoint" time="0.378" /><testcase classname="backend.tests.test_iteration243_smartdock_consolidation.TestBackendRegression" name="test_streak_status_endpoint" time="0.339" /></testsuite></testsuites>