<?xml version="1.0" encoding="utf-8"?><testsuites name="pytest tests"><testsuite name="pytest" errors="0" failures="0" skipped="0" tests="15" time="9.588" timestamp="2026-04-03T21:40:55.738724+00:00" hostname="agent-env-8aaa18cb-eab8-48f7-a800-0b7fca0b348d"><testcase classname="tests.test_iteration264_consult_overlay.TestSovereignsList" name="test_list_returns_10_members" time="0.707" /><testcase classname="tests.test_iteration264_consult_overlay.TestSovereignsList" name="test_list_contains_5_advisors_5_faculty" time="0.114" /><testcase classname="tests.test_iteration264_consult_overlay.TestSovereignsList" name="test_list_member_structure" time="0.097" /><testcase classname="tests.test_iteration264_consult_overlay.TestSovereignsList" name="test_faculty_have_utility_objects" time="0.099" /><testcase classname="tests.test_iteration264_consult_overlay.TestSovereignsList" name="test_advisors_have_no_utility" time="0.106" /><testcase classname="tests.test_iteration264_consult_overlay.TestSovereignsChat" name="test_chat_with_sovereign_ethicist" time="2.280" /><testcase classname="tests.test_iteration264_consult_overlay.TestSovereignsChat" name="test_chat_with_principal_economist" time="2.852" /><testcase classname="tests.test_iteration264_consult_overlay.TestSovereignsChat" name="test_chat_returns_knowledge_tier" time="2.602" /><testcase classname="tests.test_iteration264_consult_overlay.TestSovereignsChat" name="test_chat_invalid_sovereign_returns_400" time="0.089" /><testcase classname="tests.test_iteration264_consult_overlay.TestSovereignsChat" name="test_chat_empty_message_returns_400" time="0.089" /><testcase classname="tests.test_iteration264_consult_overlay.TestSovereignsHistory" name="test_get_history" time="0.083" /><testcase classname="tests.test_iteration264_consult_overlay.TestSovereignsHistory" name="test_get_history_invalid_sovereign" time="0.083" /><testcase classname="tests.test_iteration264_consult_overlay.TestSovereignsUtilities" name="test_get_utilities" time="0.104" /><testcase classname="tests.test_iteration264_consult_overlay.TestSovereignsUtilities" name="test_purchase_utility_insufficient_dust" time="0.103" /><testcase classname="tests.test_iteration264_consult_overlay.TestContextAwareSovereigns" name="test_page_sovereign_mapping" time="0.108" /></testsuite></testsuites>