<?xml version="1.0" encoding="utf-8"?><testsuites name="pytest tests"><testsuite name="pytest" errors="0" failures="0" skipped="0" tests="29" time="6.794" timestamp="2026-03-30T04:58:46.698347+00:00" hostname="agent-env-8aaa18cb-eab8-48f7-a800-0b7fca0b348d"><testcase classname="backend.tests.test_iteration112_bible_sacred_scriptures.TestBibleCategories" name="test_get_categories_returns_7_categories" time="0.127" /><testcase classname="backend.tests.test_iteration112_bible_sacred_scriptures.TestBibleCategories" name="test_get_categories_total_books_136" time="0.077" /><testcase classname="backend.tests.test_iteration112_bible_sacred_scriptures.TestBibleCategories" name="test_categories_have_correct_book_counts" time="0.076" /><testcase classname="backend.tests.test_iteration112_bible_sacred_scriptures.TestBibleCategories" name="test_categories_have_required_fields" time="0.083" /><testcase classname="backend.tests.test_iteration112_bible_sacred_scriptures.TestBibleBooks" name="test_get_all_books_returns_136" time="0.102" /><testcase classname="backend.tests.test_iteration112_bible_sacred_scriptures.TestBibleBooks" name="test_filter_old_testament_39_books" time="0.080" /><testcase classname="backend.tests.test_iteration112_bible_sacred_scriptures.TestBibleBooks" name="test_filter_new_testament_27_books" time="0.075" /><testcase classname="backend.tests.test_iteration112_bible_sacred_scriptures.TestBibleBooks" name="test_filter_deuterocanonical_7_books" time="0.081" /><testcase classname="backend.tests.test_iteration112_bible_sacred_scriptures.TestBibleBooks" name="test_filter_lost_apocryphal_17_books" time="0.065" /><testcase classname="backend.tests.test_iteration112_bible_sacred_scriptures.TestBibleBooks" name="test_filter_torah_talmud_12_books" time="0.088" /><testcase classname="backend.tests.test_iteration112_bible_sacred_scriptures.TestBibleBooks" name="test_filter_kabbalah_10_books" time="0.079" /><testcase classname="backend.tests.test_iteration112_bible_sacred_scriptures.TestBibleBooks" name="test_filter_quran_24_books" time="0.092" /><testcase classname="backend.tests.test_iteration112_bible_sacred_scriptures.TestBibleBooks" name="test_books_have_required_fields" time="0.078" /><testcase classname="backend.tests.test_iteration112_bible_sacred_scriptures.TestBibleBookDetail" name="test_get_zohar_25_chapters" time="0.078" /><testcase classname="backend.tests.test_iteration112_bible_sacred_scriptures.TestBibleBookDetail" name="test_get_al_kahf_12_chapters" time="0.078" /><testcase classname="backend.tests.test_iteration112_bible_sacred_scriptures.TestBibleBookDetail" name="test_get_genesis_50_chapters" time="0.102" /><testcase classname="backend.tests.test_iteration112_bible_sacred_scriptures.TestBibleBookDetail" name="test_get_pirke_avot_6_chapters" time="0.066" /><testcase classname="backend.tests.test_iteration112_bible_sacred_scriptures.TestBibleBookDetail" name="test_book_not_found_404" time="0.094" /><testcase classname="backend.tests.test_iteration112_bible_sacred_scriptures.TestBibleBookDetail" name="test_chapter_list_structure" time="0.106" /><testcase classname="backend.tests.test_iteration112_bible_sacred_scriptures.TestBibleChapterGeneration" name="test_generate_chapter_requires_auth" time="0.094" /><testcase classname="backend.tests.test_iteration112_bible_sacred_scriptures.TestBibleChapterGeneration" name="test_generate_chapter_returns_content" time="0.382" /><testcase classname="backend.tests.test_iteration112_bible_sacred_scriptures.TestBibleChapterGeneration" name="test_generate_invalid_chapter_400" time="0.087" /><testcase classname="backend.tests.test_iteration112_bible_sacred_scriptures.TestBibleChapterGeneration" name="test_generate_nonexistent_book_404" time="0.080" /><testcase classname="backend.tests.test_iteration112_bible_sacred_scriptures.TestBibleAIQuestion" name="test_ask_requires_auth" time="0.076" /><testcase classname="backend.tests.test_iteration112_bible_sacred_scriptures.TestBibleAIQuestion" name="test_ask_returns_answer" time="3.806" /><testcase classname="backend.tests.test_iteration112_bible_sacred_scriptures.TestBibleAIQuestion" name="test_ask_requires_question" time="0.102" /><testcase classname="backend.tests.test_iteration112_bible_sacred_scriptures.TestBibleBookmarks" name="test_bookmarks_require_auth" time="0.085" /><testcase classname="backend.tests.test_iteration112_bible_sacred_scriptures.TestBibleBookmarks" name="test_add_and_get_bookmark" time="0.154" /><testcase classname="backend.tests.test_iteration112_bible_sacred_scriptures.TestBibleBookmarks" name="test_delete_bookmark" time="0.237" /></testsuite></testsuites>