<?xml version="1.0" encoding="utf-8"?><testsuites name="pytest tests"><testsuite name="pytest" errors="0" failures="0" skipped="0" tests="19" time="6.610" timestamp="2026-04-03T08:31:33.879893+00:00" hostname="agent-env-8aaa18cb-eab8-48f7-a800-0b7fca0b348d"><testcase classname="backend.tests.test_iteration237_sovereign_mastery.TestSovereignMasteryAPI" name="test_mastery_status_returns_tier_info" time="0.490" /><testcase classname="backend.tests.test_iteration237_sovereign_mastery.TestSovereignMasteryAPI" name="test_mastery_status_returns_multipliers" time="0.469" /><testcase classname="backend.tests.test_iteration237_sovereign_mastery.TestSovereignMasteryAPI" name="test_mastery_status_returns_avenue_data" time="0.350" /><testcase classname="backend.tests.test_iteration237_sovereign_mastery.TestSovereignMasteryAPI" name="test_mastery_status_returns_tier_scale" time="0.344" /><testcase classname="backend.tests.test_iteration237_sovereign_mastery.TestSovereignMasteryAPI" name="test_mastery_status_returns_next_requirement" time="0.392" /><testcase classname="backend.tests.test_iteration237_sovereign_mastery.TestSovereignMasteryAPI" name="test_record_core_orientation_advances_tier" time="0.465" /><testcase classname="backend.tests.test_iteration237_sovereign_mastery.TestSovereignMasteryAPI" name="test_record_lesson_complete_records_xp" time="0.381" /><testcase classname="backend.tests.test_iteration237_sovereign_mastery.TestSovereignMasteryAPI" name="test_record_mixer_collision_increments_count" time="0.572" /><testcase classname="backend.tests.test_iteration237_sovereign_mastery.TestSovereignMasteryAPI" name="test_record_invalid_action_returns_400" time="0.398" /><testcase classname="backend.tests.test_iteration237_sovereign_mastery.TestSovereignMasteryAPI" name="test_record_lesson_without_avenue_returns_400" time="0.370" /><testcase classname="backend.tests.test_iteration237_sovereign_mastery.TestSovereignMasteryAPI" name="test_avenues_returns_all_three" time="0.400" /><testcase classname="backend.tests.test_iteration237_sovereign_mastery.TestSovereignMasteryAPI" name="test_avenues_curriculum_has_xp_values" time="0.372" /><testcase classname="backend.tests.test_iteration237_sovereign_mastery.TestSovereignMasteryAPI" name="test_certificates_returns_list" time="0.425" /><testcase classname="backend.tests.test_iteration237_sovereign_mastery.TestSovereignMasteryAPI" name="test_tier_multipliers_increase_with_tier" time="0.328" /><testcase classname="backend.tests.test_iteration237_sovereign_mastery.TestSovereignMasteryAPI" name="test_current_multipliers_match_tier" time="0.342" /><testcase classname="backend.tests.test_iteration237_sovereign_mastery.TestSovereignMasteryUnauthenticated" name="test_mastery_status_requires_auth" time="0.132" /><testcase classname="backend.tests.test_iteration237_sovereign_mastery.TestSovereignMasteryUnauthenticated" name="test_mastery_record_requires_auth" time="0.102" /><testcase classname="backend.tests.test_iteration237_sovereign_mastery.TestSovereignMasteryUnauthenticated" name="test_avenues_requires_auth" time="0.100" /><testcase classname="backend.tests.test_iteration237_sovereign_mastery.TestSovereignMasteryUnauthenticated" name="test_certificates_requires_auth" time="0.083" /></testsuite></testsuites>