<?xml version="1.0" encoding="utf-8"?><testsuites name="pytest tests"><testsuite name="pytest" errors="0" failures="0" skipped="0" tests="20" time="5.083" timestamp="2026-04-04T20:38:18.945858+00:00" hostname="agent-env-62cb525e-fdd8-461b-ba21-e4e416215f38"><testcase classname="backend.tests.test_iteration278_seeds_rdive.TestSeedsAPI" name="test_health_check" time="0.237" /><testcase classname="backend.tests.test_iteration278_seeds_rdive.TestSeedsAPI" name="test_mint_seed_common" time="0.412" /><testcase classname="backend.tests.test_iteration278_seeds_rdive.TestSeedsAPI" name="test_mint_seed_rare_sanskrit" time="0.096" /><testcase classname="backend.tests.test_iteration278_seeds_rdive.TestSeedsAPI" name="test_mint_seed_lakota_ancient" time="0.478" /><testcase classname="backend.tests.test_iteration278_seeds_rdive.TestSeedsAPI" name="test_gallery_returns_seeds" time="1.590" /><testcase classname="backend.tests.test_iteration278_seeds_rdive.TestSeedsAPI" name="test_gallery_filter_by_rarity" time="0.227" /><testcase classname="backend.tests.test_iteration278_seeds_rdive.TestSeedsAPI" name="test_gallery_filter_by_language" time="0.090" /><testcase classname="backend.tests.test_iteration278_seeds_rdive.TestSeedsAPI" name="test_gallery_filter_by_min_depth" time="0.095" /><testcase classname="backend.tests.test_iteration278_seeds_rdive.TestSeedsAPI" name="test_gallery_sort_by_rarity" time="0.089" /><testcase classname="backend.tests.test_iteration278_seeds_rdive.TestSeedsAPI" name="test_gallery_pagination" time="0.086" /><testcase classname="backend.tests.test_iteration278_seeds_rdive.TestSeedsAPI" name="test_stats_overview" time="0.092" /><testcase classname="backend.tests.test_iteration278_seeds_rdive.TestSeedsAPI" name="test_get_specific_seed" time="0.224" /><testcase classname="backend.tests.test_iteration278_seeds_rdive.TestSeedsAPI" name="test_get_nonexistent_seed" time="0.087" /><testcase classname="backend.tests.test_iteration278_seeds_rdive.TestSeedsAPI" name="test_user_seeds" time="0.186" /><testcase classname="backend.tests.test_iteration278_seeds_rdive.TestSeedsAPI" name="test_toggle_visibility" time="0.355" /><testcase classname="backend.tests.test_iteration278_seeds_rdive.TestSeedsAPI" name="test_rarity_calculation_depth_bonus" time="0.192" /><testcase classname="backend.tests.test_iteration278_seeds_rdive.TestSeedsAPI" name="test_rarity_calculation_language_bonus" time="0.187" /><testcase classname="backend.tests.test_iteration278_seeds_rdive.TestSeedsValidation" name="test_mint_missing_address" time="0.092" /><testcase classname="backend.tests.test_iteration278_seeds_rdive.TestSeedsValidation" name="test_mint_missing_path" time="0.093" /><testcase classname="backend.tests.test_iteration278_seeds_rdive.TestSeedsValidation" name="test_mint_invalid_depth_in_path" time="0.081" /></testsuite></testsuites>