<?xml version="1.0" encoding="utf-8"?><testsuites name="pytest tests"><testsuite name="pytest" errors="0" failures="0" skipped="0" tests="31" time="12.745" timestamp="2026-03-28T13:04:49.961109+00:00" hostname="agent-env-8aaa18cb-eab8-48f7-a800-0b7fca0b348d"><testcase classname="backend.tests.test_iteration76_dynamic_experience.TestActivityTracking" name="test_track_activity_page_visit" time="0.587" /><testcase classname="backend.tests.test_iteration76_dynamic_experience.TestActivityTracking" name="test_track_activity_interaction" time="0.201" /><testcase classname="backend.tests.test_iteration76_dynamic_experience.TestActivityTracking" name="test_track_activity_complete" time="0.081" /><testcase classname="backend.tests.test_iteration76_dynamic_experience.TestActivityTracking" name="test_track_activity_empty_page" time="0.099" /><testcase classname="backend.tests.test_iteration76_dynamic_experience.TestActivityTracking" name="test_track_activity_requires_auth" time="0.073" /><testcase classname="backend.tests.test_iteration76_dynamic_experience.TestPersonalizedDashboard" name="test_dashboard_returns_greeting" time="0.141" /><testcase classname="backend.tests.test_iteration76_dynamic_experience.TestPersonalizedDashboard" name="test_dashboard_returns_time_of_day" time="0.121" /><testcase classname="backend.tests.test_iteration76_dynamic_experience.TestPersonalizedDashboard" name="test_dashboard_returns_wisdom" time="0.076" /><testcase classname="backend.tests.test_iteration76_dynamic_experience.TestPersonalizedDashboard" name="test_dashboard_returns_continue_items" time="0.088" /><testcase classname="backend.tests.test_iteration76_dynamic_experience.TestPersonalizedDashboard" name="test_dashboard_returns_new_for_you" time="0.085" /><testcase classname="backend.tests.test_iteration76_dynamic_experience.TestPersonalizedDashboard" name="test_dashboard_returns_progress_stats" time="0.094" /><testcase classname="backend.tests.test_iteration76_dynamic_experience.TestPersonalizedDashboard" name="test_dashboard_returns_featured_tradition" time="0.102" /><testcase classname="backend.tests.test_iteration76_dynamic_experience.TestPersonalizedDashboard" name="test_dashboard_requires_auth" time="0.099" /><testcase classname="backend.tests.test_iteration76_dynamic_experience.TestReadingList" name="test_reading_list_returns_all_books" time="0.116" /><testcase classname="backend.tests.test_iteration76_dynamic_experience.TestReadingList" name="test_reading_list_book_structure" time="0.100" /><testcase classname="backend.tests.test_iteration76_dynamic_experience.TestReadingList" name="test_reading_list_returns_personalized" time="0.075" /><testcase classname="backend.tests.test_iteration76_dynamic_experience.TestReadingList" name="test_reading_list_returns_explored_traditions" time="0.094" /><testcase classname="backend.tests.test_iteration76_dynamic_experience.TestReadingList" name="test_reading_list_returns_counts" time="0.081" /><testcase classname="backend.tests.test_iteration76_dynamic_experience.TestReadingList" name="test_reading_list_requires_auth" time="0.095" /><testcase classname="backend.tests.test_iteration76_dynamic_experience.TestReadingListSave" name="test_save_book" time="0.127" /><testcase classname="backend.tests.test_iteration76_dynamic_experience.TestReadingListSave" name="test_unsave_book" time="0.161" /><testcase classname="backend.tests.test_iteration76_dynamic_experience.TestReadingListSave" name="test_complete_book" time="0.109" /><testcase classname="backend.tests.test_iteration76_dynamic_experience.TestReadingListSave" name="test_uncomplete_book" time="0.156" /><testcase classname="backend.tests.test_iteration76_dynamic_experience.TestReadingListSave" name="test_save_persists" time="0.161" /><testcase classname="backend.tests.test_iteration76_dynamic_experience.TestReadingListSave" name="test_save_requires_auth" time="0.102" /><testcase classname="backend.tests.test_iteration76_dynamic_experience.TestAIReadingRecommendation" name="test_ai_recommendation_returns_response" time="5.318" /><testcase classname="backend.tests.test_iteration76_dynamic_experience.TestAIReadingRecommendation" name="test_ai_recommendation_with_empty_interests" time="3.628" /><testcase classname="backend.tests.test_iteration76_dynamic_experience.TestAIReadingRecommendation" name="test_ai_recommendation_requires_auth" time="0.082" /><testcase classname="backend.tests.test_iteration76_dynamic_experience.TestDailyWisdomConsistency" name="test_wisdom_same_within_day" time="0.215" /><testcase classname="backend.tests.test_iteration76_dynamic_experience.TestGreetingTimeOfDay" name="test_greeting_contains_name" time="0.097" /><testcase classname="backend.tests.test_iteration76_dynamic_experience.TestGreetingTimeOfDay" name="test_time_of_day_valid" time="0.079" /></testsuite></testsuites>