<?xml version="1.0" encoding="utf-8"?><testsuites name="pytest tests"><testsuite name="pytest" errors="0" failures="0" skipped="0" tests="12" time="1.567" timestamp="2026-04-10T14:12:34.401608+00:00" hostname="agent-env-62cb525e-fdd8-461b-ba21-e4e416215f38"><testcase classname="backend.tests.test_v9999_gps_lock.TestGPSPhygitalLock" name="test_gps_phygital_lock_manifest" time="0.291" /><testcase classname="backend.tests.test_v9999_gps_lock.TestGPSPhygitalLock" name="test_gps_phygital_lock_demo" time="0.087" /><testcase classname="backend.tests.test_v9999_gps_lock.TestGPSPhygitalLock" name="test_gps_phygital_lock_verify_at_anchor" time="0.231" /><testcase classname="backend.tests.test_v9999_gps_lock.TestGPSPhygitalLock" name="test_gps_phygital_lock_verify_outside_radius" time="0.113" /><testcase classname="backend.tests.test_v9999_gps_lock.TestGPSPhygitalLock" name="test_gps_phygital_lock_verify_near_boundary" time="0.095" /><testcase classname="backend.tests.test_v9999_gps_lock.TestSovereignHubAPIs" name="test_the_one_print" time="0.104" /><testcase classname="backend.tests.test_v9999_gps_lock.TestSovereignHubAPIs" name="test_spectral_singularity_bands" time="0.084" /><testcase classname="backend.tests.test_v9999_gps_lock.TestSovereignHubAPIs" name="test_trust_endpoint" time="0.087" /><testcase classname="backend.tests.test_v9999_gps_lock.TestSovereignHubAPIs" name="test_trust_purpose_statement" time="0.079" /><testcase classname="backend.tests.test_v9999_gps_lock.TestSovereignHubAPIs" name="test_crystal_indent_gaia_anchors" time="0.095" /><testcase classname="backend.tests.test_v9999_gps_lock.TestMixerPresets" name="test_mixer_presets" time="0.100" /><testcase classname="backend.tests.test_v9999_gps_lock.TestMixerPresets" name="test_mixer_blend_sovereign_alignment" time="0.106" /></testsuite></testsuites>