<?xml version="1.0" encoding="utf-8"?><testsuites name="pytest tests"><testsuite name="pytest" errors="0" failures="6" skipped="0" tests="16" time="186.740" timestamp="2026-04-17T01:48:08.764288+00:00" hostname="agent-env-62cb525e-fdd8-461b-ba21-e4e416215f38"><testcase classname="backend.tests.test_v56_2_immersive_sage.TestCrystalsAPI" name="test_crystals_returns_12_items" time="0.138" /><testcase classname="backend.tests.test_v56_2_immersive_sage.TestCrystalsAPI" name="test_crystals_item_structure" time="0.085" /><testcase classname="backend.tests.test_v56_2_immersive_sage.TestHerbologyAPI" name="test_herbology_returns_12_items" time="0.077" /><testcase classname="backend.tests.test_v56_2_immersive_sage.TestHerbologyAPI" name="test_herbology_item_structure" time="0.084" /><testcase classname="backend.tests.test_v56_2_immersive_sage.TestAromatherapyAPI" name="test_aromatherapy_returns_items" time="0.092" /><testcase classname="backend.tests.test_v56_2_immersive_sage.TestDeepDiveAPI" name="test_deep_dive_returns_content" time="60.101"><failure message="assert 502 == 200&#10; +  where 502 = &lt;Response [502]&gt;.status_code">backend/tests/test_v56_2_immersive_sage.py:87: in test_deep_dive_returns_content
    assert response.status_code == 200
E   assert 502 == 200
E    +  where 502 = &lt;Response [502]&gt;.status_code</failure></testcase><testcase classname="backend.tests.test_v56_2_immersive_sage.TestDeepDiveAPI" name="test_deep_dive_visit_tracking" time="60.167"><failure message="assert 502 == 200&#10; +  where 502 = &lt;Response [502]&gt;.status_code">backend/tests/test_v56_2_immersive_sage.py:105: in test_deep_dive_visit_tracking
    assert response.status_code == 200
E   assert 502 == 200
E    +  where 502 = &lt;Response [502]&gt;.status_code</failure></testcase><testcase classname="backend.tests.test_v56_2_immersive_sage.TestTeachingsAPI" name="test_teachers_list" time="0.324" /><testcase classname="backend.tests.test_v56_2_immersive_sage.TestTeachingsAPI" name="test_buddha_teacher_detail" time="60.081"><failure message="assert 502 == 200&#10; +  where 502 = &lt;Response [502]&gt;.status_code">backend/tests/test_v56_2_immersive_sage.py:126: in test_buddha_teacher_detail
    assert response.status_code == 200
E   assert 502 == 200
E    +  where 502 = &lt;Response [502]&gt;.status_code</failure></testcase><testcase classname="backend.tests.test_v56_2_immersive_sage.TestTeachingsAPI" name="test_muhammad_teacher_detail" time="2.688" /><testcase classname="backend.tests.test_v56_2_immersive_sage.TestTeachingsAPI" name="test_themes_endpoint" time="0.207" /><testcase classname="backend.tests.test_v56_2_immersive_sage.TestOtherInteractiveModules" name="test_mudras_endpoint" time="0.077"><failure message="assert 'mudras' in [{'benefits': ['Enhances concentration and memory', 'Sharpens mental clarity', 'Calms the mind and reduces anxiety', 'Relieves insomnia and headaches', 'Stimulates the pituitary gland'], 'category': 'meditation', 'chakra': 'Crown', 'color': '#D8B4FE', ...}, {'benefits': ['Centers and calms the mind', 'Reduces stress and anxiety', 'Promotes humility and gratitude', 'Balances left and right brain hemispheres', 'Opens the heart chakra'], 'category': 'devotional', 'chakra': 'Heart', 'color': '#FDA4AF', ...}, {'benefits': ['Deepens meditation practice', 'Tranquilizes the mind completely', 'Promotes inner peace and equanimity', 'Enhances spiritual connection', 'Activates the energy of concentration'], 'category': 'meditation', 'chakra': 'Sacral', 'color': '#FCD34D', ...}, {'benefits': ['Activates dormant prana (life force)', 'Boosts immune system function', 'Improves eyesight and eye health', 'Reduces chronic fatigue', 'Energizes the entire body', 'Helps overcome vitamin deficiency'], 'category': 'healing', 'chakra': 'Root', 'color': '#22C55E', ...}, {'benefits': ['Detoxifies and purifies the body', 'Regulates digestive system', 'Promotes patience and inner stability', 'Balances the earth element', 'Relieves constipation', 'Helps regulate menstrual cycles'], 'category': 'healing', 'chakra': 'Solar Plexus', 'color': '#FB923C', ...}, {'benefits': ['Reduces gas, bloating, and flatulence', 'Calms an overactive nervous system', 'Relieves joint pain and arthritis', &quot;Reduces trembling and Parkinson's symptoms&quot;, 'Balances vata dosha', 'Alleviates neck and back pain'], 'category': 'healing', 'chakra': 'Heart', 'color': '#3B82F6', ...}, ...]">backend/tests/test_v56_2_immersive_sage.py:158: in test_mudras_endpoint
    assert "mudras" in data
E   assert 'mudras' in [{'benefits': ['Enhances concentration and memory', 'Sharpens mental clarity', 'Calms the mind and reduces anxiety', 'Relieves insomnia and headaches', 'Stimulates the pituitary gland'], 'category': 'meditation', 'chakra': 'Crown', 'color': '#D8B4FE', ...}, {'benefits': ['Centers and calms the mind', 'Reduces stress and anxiety', 'Promotes humility and gratitude', 'Balances left and right brain hemispheres', 'Opens the heart chakra'], 'category': 'devotional', 'chakra': 'Heart', 'color': '#FDA4AF', ...}, {'benefits': ['Deepens meditation practice', 'Tranquilizes the mind completely', 'Promotes inner peace and equanimity', 'Enhances spiritual connection', 'Activates the energy of concentration'], 'category': 'meditation', 'chakra': 'Sacral', 'color': '#FCD34D', ...}, {'benefits': ['Activates dormant prana (life force)', 'Boosts immune system function', 'Improves eyesight and eye health', 'Reduces chronic fatigue', 'Energizes the entire body', 'Helps overcome vitamin deficiency'], 'category': 'healing', 'chakra': 'Root', 'color': '#22C55E', ...}, {'benefits': ['Detoxifies and purifies the body', 'Regulates digestive system', 'Promotes patience and inner stability', 'Balances the earth element', 'Relieves constipation', 'Helps regulate menstrual cycles'], 'category': 'healing', 'chakra': 'Solar Plexus', 'color': '#FB923C', ...}, {'benefits': ['Reduces gas, bloating, and flatulence', 'Calms an overactive nervous system', 'Relieves joint pain and arthritis', "Reduces trembling and Parkinson's symptoms", 'Balances vata dosha', 'Alleviates neck and back pain'], 'category': 'healing', 'chakra': 'Heart', 'color': '#3B82F6', ...}, ...]</failure></testcase><testcase classname="backend.tests.test_v56_2_immersive_sage.TestOtherInteractiveModules" name="test_elixirs_endpoint" time="0.500"><failure message="assert 404 == 200&#10; +  where 404 = &lt;Response [404]&gt;.status_code">backend/tests/test_v56_2_immersive_sage.py:164: in test_elixirs_endpoint
    assert response.status_code == 200
E   assert 404 == 200
E    +  where 404 = &lt;Response [404]&gt;.status_code</failure></testcase><testcase classname="backend.tests.test_v56_2_immersive_sage.TestOtherInteractiveModules" name="test_nourishment_endpoint" time="0.911"><failure message="assert 404 == 200&#10; +  where 404 = &lt;Response [404]&gt;.status_code">backend/tests/test_v56_2_immersive_sage.py:172: in test_nourishment_endpoint
    assert response.status_code == 200
E   assert 404 == 200
E    +  where 404 = &lt;Response [404]&gt;.status_code</failure></testcase><testcase classname="backend.tests.test_v56_2_immersive_sage.TestOtherInteractiveModules" name="test_reiki_endpoint" time="0.130" /><testcase classname="backend.tests.test_v56_2_immersive_sage.TestOtherInteractiveModules" name="test_acupressure_endpoint" time="0.961" /></testsuite></testsuites>