<?xml version="1.0" encoding="utf-8"?><testsuites name="pytest tests"><testsuite name="pytest" errors="0" failures="0" skipped="0" tests="14" time="5.720" timestamp="2026-03-26T15:21:21.557613+00:00" hostname="agent-env-8aaa18cb-eab8-48f7-a800-0b7fca0b348d"><testcase classname="backend.tests.test_celestial_badges.TestCelestialBadges" name="test_get_celestial_badges_returns_12_badges" time="0.548" /><testcase classname="backend.tests.test_celestial_badges.TestCelestialBadges" name="test_badges_have_required_fields" time="0.469" /><testcase classname="backend.tests.test_celestial_badges.TestCelestialBadges" name="test_badges_response_has_stats" time="0.360" /><testcase classname="backend.tests.test_celestial_badges.TestCelestialBadges" name="test_badges_response_has_totals" time="0.369" /><testcase classname="backend.tests.test_celestial_badges.TestCelestialBadges" name="test_first_light_badge_progress" time="0.403" /><testcase classname="backend.tests.test_celestial_badges.TestCelestialBadges" name="test_stargazer_badge_progress" time="0.380" /><testcase classname="backend.tests.test_celestial_badges.TestCelestialBadges" name="test_cosmic_voyager_badge_progress" time="0.334" /><testcase classname="backend.tests.test_celestial_badges.TestCelestialBadges" name="test_element_badges_have_correct_targets" time="0.360" /><testcase classname="backend.tests.test_celestial_badges.TestCelestialBadges" name="test_badges_require_authentication" time="0.381" /><testcase classname="backend.tests.test_celestial_badges.TestCelestialBadges" name="test_newly_earned_array_in_response" time="0.397" /><testcase classname="backend.tests.test_celestial_badges.TestRegressionEndpoints" name="test_award_xp_endpoint_works" time="0.385" /><testcase classname="backend.tests.test_celestial_badges.TestRegressionEndpoints" name="test_mudras_returns_25_items" time="0.381" /><testcase classname="backend.tests.test_celestial_badges.TestBadgeAutoAward" name="test_first_light_earned_if_explored" time="0.426" /><testcase classname="backend.tests.test_celestial_badges.TestBadgeAutoAward" name="test_cosmic_voyager_earned_if_journey_completed" time="0.444" /></testsuite></testsuites>