<?xml version="1.0" encoding="utf-8"?><testsuites name="pytest tests"><testsuite name="pytest" errors="0" failures="0" skipped="0" tests="19" time="3.062" timestamp="2026-04-01T20:32:38.053450+00:00" hostname="agent-env-8aaa18cb-eab8-48f7-a800-0b7fca0b348d"><testcase classname="backend.tests.test_iteration177_gate_notifications.TestTravelEndpoint" name="test_travel_records_valid_realm_starseed_journey" time="0.904" /><testcase classname="backend.tests.test_iteration177_gate_notifications.TestTravelEndpoint" name="test_travel_records_valid_realm_refinement_lab" time="0.128" /><testcase classname="backend.tests.test_iteration177_gate_notifications.TestTravelEndpoint" name="test_travel_records_valid_realm_cosmic_mixer" time="0.113" /><testcase classname="backend.tests.test_iteration177_gate_notifications.TestTravelEndpoint" name="test_travel_records_valid_realm_dream_realms" time="0.088" /><testcase classname="backend.tests.test_iteration177_gate_notifications.TestTravelEndpoint" name="test_travel_records_valid_realm_trade_circle" time="0.214" /><testcase classname="backend.tests.test_iteration177_gate_notifications.TestTravelEndpoint" name="test_travel_rejects_invalid_realm" time="0.091" /><testcase classname="backend.tests.test_iteration177_gate_notifications.TestTravelEndpoint" name="test_travel_rejects_empty_realm" time="0.095" /><testcase classname="backend.tests.test_iteration177_gate_notifications.TestTravelEndpoint" name="test_travel_requires_authentication" time="0.093" /><testcase classname="backend.tests.test_iteration177_gate_notifications.TestTravelLogEndpoint" name="test_travel_log_returns_visited_realms" time="0.073" /><testcase classname="backend.tests.test_iteration177_gate_notifications.TestTravelLogEndpoint" name="test_travel_log_returns_all_realms_list" time="0.111" /><testcase classname="backend.tests.test_iteration177_gate_notifications.TestTravelLogEndpoint" name="test_travel_log_returns_counts" time="0.084" /><testcase classname="backend.tests.test_iteration177_gate_notifications.TestTravelLogEndpoint" name="test_travel_log_reflects_recorded_visits" time="0.200" /><testcase classname="backend.tests.test_iteration177_gate_notifications.TestTravelLogEndpoint" name="test_travel_log_requires_authentication" time="0.092" /><testcase classname="backend.tests.test_iteration177_gate_notifications.TestGateStatusWithTravel" name="test_status_includes_realms_visited_in_user_stats" time="0.078" /><testcase classname="backend.tests.test_iteration177_gate_notifications.TestGateStatusWithTravel" name="test_status_gate_progress_includes_travel" time="0.097" /><testcase classname="backend.tests.test_iteration177_gate_notifications.TestGateStatusWithTravel" name="test_gate_earth_has_no_travel_requirements" time="0.077" /><testcase classname="backend.tests.test_iteration177_gate_notifications.TestGateStatusWithTravel" name="test_gate_water_requires_starseed_and_refinement" time="0.098" /><testcase classname="backend.tests.test_iteration177_gate_notifications.TestGateStatusWithTravel" name="test_gate_ether_requires_all_five_realms" time="0.091" /><testcase classname="backend.tests.test_iteration177_gate_notifications.TestTravelIdempotency" name="test_travel_is_idempotent" time="0.252" /></testsuite></testsuites>