<?xml version="1.0" encoding="utf-8"?><testsuites name="pytest tests"><testsuite name="pytest" errors="0" failures="0" skipped="0" tests="10" time="2.339" timestamp="2026-04-03T13:34:24.571099+00:00" hostname="agent-env-8aaa18cb-eab8-48f7-a800-0b7fca0b348d"><testcase classname="backend.tests.test_iteration244_orbital_mixer.TestBackendAPIs" name="test_health_check" time="0.433" /><testcase classname="backend.tests.test_iteration244_orbital_mixer.TestBackendAPIs" name="test_harmony_score_endpoint" time="0.403" /><testcase classname="backend.tests.test_iteration244_orbital_mixer.TestBackendAPIs" name="test_streak_status_endpoint" time="0.465" /><testcase classname="backend.tests.test_iteration244_orbital_mixer.TestBackendAPIs" name="test_login_returns_valid_token" time="0.623" /><testcase classname="backend.tests.test_iteration244_orbital_mixer.TestBackendAPIs" name="test_culture_layers_endpoint" time="0.346" /><testcase classname="backend.tests.test_iteration244_orbital_mixer.TestModuleRegistryConfiguration" name="test_frequency_modules_count" time="0.000" /><testcase classname="backend.tests.test_iteration244_orbital_mixer.TestModuleRegistryConfiguration" name="test_sound_modules_count" time="0.000" /><testcase classname="backend.tests.test_iteration244_orbital_mixer.TestModuleRegistryConfiguration" name="test_instrument_modules_count" time="0.000" /><testcase classname="backend.tests.test_iteration244_orbital_mixer.TestModuleRegistryConfiguration" name="test_locked_modules_count" time="0.000" /><testcase classname="backend.tests.test_iteration244_orbital_mixer.TestModuleRegistryConfiguration" name="test_module_groups_count" time="0.000" /></testsuite></testsuites>