<?xml version="1.0" encoding="utf-8"?><testsuites name="pytest tests"><testsuite name="pytest" errors="0" failures="1" skipped="0" tests="36" time="8.445" timestamp="2026-04-20T14:24:50.975997+00:00" hostname="agent-env-62cb525e-fdd8-461b-ba21-e4e416215f38"><testcase classname="backend.tests.test_v68_27_comprehensive.TestAuth" name="test_login_returns_token" time="0.521" /><testcase classname="backend.tests.test_v68_27_comprehensive.TestAuth" name="test_user_tier_is_creator" time="0.448"><failure message="AssertionError: Expected creator role, got user&#10;assert 'user' in ('admin', 'creator', 'council', 'owner')">backend/tests/test_v68_27_comprehensive.py:54: in test_user_tier_is_creator
    assert role in ("admin", "creator", "council", "owner"), f"Expected creator role, got {role}"
E   AssertionError: Expected creator role, got user
E   assert 'user' in ('admin', 'creator', 'council', 'owner')</failure></testcase><testcase classname="backend.tests.test_v68_27_comprehensive.TestChamberBackdrops" name="test_chamber_backdrop_no_auth" time="0.257" /><testcase classname="backend.tests.test_v68_27_comprehensive.TestChamberBackdrops" name="test_all_chamber_backdrops[geology]" time="0.265" /><testcase classname="backend.tests.test_v68_27_comprehensive.TestChamberBackdrops" name="test_all_chamber_backdrops[masonry]" time="0.296" /><testcase classname="backend.tests.test_v68_27_comprehensive.TestChamberBackdrops" name="test_all_chamber_backdrops[carpentry]" time="0.271" /><testcase classname="backend.tests.test_v68_27_comprehensive.TestChamberBackdrops" name="test_all_chamber_backdrops[culinary]" time="0.273" /><testcase classname="backend.tests.test_v68_27_comprehensive.TestChamberBackdrops" name="test_all_chamber_backdrops[herbology]" time="0.287" /><testcase classname="backend.tests.test_v68_27_comprehensive.TestChamberBackdrops" name="test_all_chamber_backdrops[aromatherapy]" time="0.234" /><testcase classname="backend.tests.test_v68_27_comprehensive.TestChamberBackdrops" name="test_all_chamber_backdrops[physics]" time="0.265" /><testcase classname="backend.tests.test_v68_27_comprehensive.TestChamberBackdrops" name="test_all_chamber_backdrops[academy]" time="0.273" /><testcase classname="backend.tests.test_v68_27_comprehensive.TestChamberBackdrops" name="test_all_chamber_backdrops[meditation]" time="0.254" /><testcase classname="backend.tests.test_v68_27_comprehensive.TestChamberBackdrops" name="test_all_chamber_backdrops[default]" time="0.257" /><testcase classname="backend.tests.test_v68_27_comprehensive.TestSparksEngine" name="test_sparks_wallet" time="0.427" /><testcase classname="backend.tests.test_v68_27_comprehensive.TestSparksEngine" name="test_sparks_immersion" time="0.389" /><testcase classname="backend.tests.test_v68_27_comprehensive.TestSparksEngine" name="test_sparks_cards" time="0.080" /><testcase classname="backend.tests.test_v68_27_comprehensive.TestQuestsEngine" name="test_quests_available" time="0.492" /><testcase classname="backend.tests.test_v68_27_comprehensive.TestQuestsEngine" name="test_quests_auto_detect" time="0.282" /><testcase classname="backend.tests.test_v68_27_comprehensive.TestMixerUnlocks" name="test_mixer_unlocks" time="0.438" /><testcase classname="backend.tests.test_v68_27_comprehensive.TestWorkshopData" name="test_workshop_materials[masonry]" time="0.397" /><testcase classname="backend.tests.test_v68_27_comprehensive.TestWorkshopData" name="test_workshop_materials[carpentry]" time="0.110" /><testcase classname="backend.tests.test_v68_27_comprehensive.TestWorkshopData" name="test_workshop_materials[culinary]" time="0.109" /><testcase classname="backend.tests.test_v68_27_comprehensive.TestWorkshopData" name="test_workshop_materials[electrical]" time="0.109" /><testcase classname="backend.tests.test_v68_27_comprehensive.TestWorkshopData" name="test_workshop_materials[plumbing]" time="0.146" /><testcase classname="backend.tests.test_v68_27_comprehensive.TestWorkshopData" name="test_workshop_materials[nursing]" time="0.088" /><testcase classname="backend.tests.test_v68_27_comprehensive.TestWorkshopData" name="test_workshop_materials[landscaping]" time="0.101" /><testcase classname="backend.tests.test_v68_27_comprehensive.TestWorkshopData" name="test_workshop_materials[bible]" time="0.140" /><testcase classname="backend.tests.test_v68_27_comprehensive.TestWorkshopData" name="test_workshop_tools[masonry]" time="0.095" /><testcase classname="backend.tests.test_v68_27_comprehensive.TestWorkshopData" name="test_workshop_tools[carpentry]" time="0.093" /><testcase classname="backend.tests.test_v68_27_comprehensive.TestWorkshopData" name="test_workshop_tools[culinary]" time="0.106" /><testcase classname="backend.tests.test_v68_27_comprehensive.TestWorkshopData" name="test_workshop_tools[electrical]" time="0.105" /><testcase classname="backend.tests.test_v68_27_comprehensive.TestWorkshopData" name="test_workshop_tools[plumbing]" time="0.077" /><testcase classname="backend.tests.test_v68_27_comprehensive.TestWorkshopData" name="test_workshop_tools[nursing]" time="0.086" /><testcase classname="backend.tests.test_v68_27_comprehensive.TestWorkshopData" name="test_workshop_tools[landscaping]" time="0.086" /><testcase classname="backend.tests.test_v68_27_comprehensive.TestWorkshopData" name="test_workshop_tools[bible]" time="0.086" /><testcase classname="backend.tests.test_v68_27_comprehensive.TestResonancePresets" name="test_resonance_presets_list" time="0.402" /></testsuite></testsuites>