<?xml version="1.0" encoding="utf-8"?><testsuites name="pytest tests"><testsuite name="pytest" errors="0" failures="0" skipped="0" tests="15" time="1.617" timestamp="2026-04-10T12:29:27.561116+00:00" hostname="agent-env-62cb525e-fdd8-461b-ba21-e4e416215f38"><testcase classname="backend.tests.test_v60_omnis.TestV60DeepSync" name="test_deep_sync_default_lakota" time="0.125" /><testcase classname="backend.tests.test_v60_omnis.TestV60DeepSync" name="test_deep_sync_with_xfinity_params" time="0.099" /><testcase classname="backend.tests.test_v60_omnis.TestV57XfinityState" name="test_xfinity_state_basic" time="0.100" /><testcase classname="backend.tests.test_v60_omnis.TestV57XfinityState" name="test_xfinity_state_high_depth" time="0.109" /><testcase classname="backend.tests.test_v60_omnis.TestV57XfinityState" name="test_xfinity_state_growing_status" time="0.094" /><testcase classname="backend.tests.test_v60_omnis.TestV55CulturalIntelligence" name="test_cultural_intelligence_lakota" time="0.096" /><testcase classname="backend.tests.test_v60_omnis.TestV55CulturalIntelligence" name="test_cultural_intelligence_masonry" time="0.101" /><testcase classname="backend.tests.test_v60_omnis.TestV55CulturalIntelligence" name="test_cultural_intelligence_not_found" time="0.123" /><testcase classname="backend.tests.test_v60_omnis.TestLinguisticBridge" name="test_linguistic_bridge_lakota_masonry" time="0.091" /><testcase classname="backend.tests.test_v60_omnis.TestLinguisticBridge" name="test_linguistic_bridge_lakota_horticulture" time="0.121" /><testcase classname="backend.tests.test_v60_omnis.TestV60SovereignPrint" name="test_sovereign_print_default" time="0.088" /><testcase classname="backend.tests.test_v60_omnis.TestV60SovereignPrint" name="test_sovereign_print_with_culture" time="0.094" /><testcase classname="backend.tests.test_v60_omnis.TestOmnisCultures" name="test_cultures_count" time="0.088" /><testcase classname="backend.tests.test_v60_omnis.TestOmnisCultures" name="test_foundational_culture" time="0.078" /><testcase classname="backend.tests.test_v60_omnis.TestUIOptimizer" name="test_ui_optimizer" time="0.102" /></testsuite></testsuites>