<?xml version="1.0" encoding="utf-8"?><testsuites name="pytest tests"><testsuite name="pytest" errors="0" failures="0" skipped="0" tests="13" time="11.882" timestamp="2026-04-15T06:12:20.205304+00:00" hostname="agent-env-62cb525e-fdd8-461b-ba21-e4e416215f38"><testcase classname="backend.tests.test_atmosphere_journal.TestAtmosphereJournalAuth" name="test_save_requires_auth" time="0.340" /><testcase classname="backend.tests.test_atmosphere_journal.TestAtmosphereJournalAuth" name="test_gallery_requires_auth" time="0.083" /><testcase classname="backend.tests.test_atmosphere_journal.TestAtmosphereJournalAuth" name="test_delete_requires_auth" time="0.088" /><testcase classname="backend.tests.test_atmosphere_journal.TestAtmosphereJournalAuth" name="test_patch_requires_auth" time="0.109" /><testcase classname="backend.tests.test_atmosphere_journal.TestAtmosphereJournalCRUD" name="test_save_atmosphere_creates_entry" time="0.458" /><testcase classname="backend.tests.test_atmosphere_journal.TestAtmosphereJournalCRUD" name="test_get_gallery_returns_user_atmospheres" time="0.208" /><testcase classname="backend.tests.test_atmosphere_journal.TestAtmosphereJournalCRUD" name="test_gallery_max_50_items" time="0.114" /><testcase classname="backend.tests.test_atmosphere_journal.TestAtmosphereJournalCRUD" name="test_patch_renames_atmosphere" time="0.275" /><testcase classname="backend.tests.test_atmosphere_journal.TestAtmosphereJournalCRUD" name="test_delete_removes_atmosphere" time="0.224" /><testcase classname="backend.tests.test_atmosphere_journal.TestAtmosphereJournalCRUD" name="test_delete_nonexistent_returns_not_found" time="0.128" /><testcase classname="backend.tests.test_atmosphere_journal.TestAtmosphereJournalCleanup" name="test_cleanup_test_atmospheres" time="0.141" /><testcase classname="backend.tests.test_atmosphere_journal.TestSageFXRegression" name="test_sage_fx_preset_sunset" time="2.408" /><testcase classname="backend.tests.test_atmosphere_journal.TestSageFXRegression" name="test_sage_fx_creative_prompt" time="7.215" /></testsuite></testsuites>