<?xml version="1.0" encoding="utf-8"?><testsuites name="pytest tests"><testsuite name="pytest" errors="0" failures="0" skipped="0" tests="19" time="4.583" timestamp="2026-04-02T06:51:06.620464+00:00" hostname="agent-env-8aaa18cb-eab8-48f7-a800-0b7fca0b348d"><testcase classname="backend.tests.test_iteration196_multi_state_emotion.TestSingleMoodBackwardCompat" name="test_single_mood_submission" time="0.716" /><testcase classname="backend.tests.test_iteration196_multi_state_emotion.TestSingleMoodBackwardCompat" name="test_single_mood_frequency_mapping" time="0.087" /><testcase classname="backend.tests.test_iteration196_multi_state_emotion.TestMultiMoodSubmission" name="test_multi_mood_submission" time="0.109" /><testcase classname="backend.tests.test_iteration196_multi_state_emotion.TestMultiMoodSubmission" name="test_multi_mood_frequency_stack" time="0.077" /><testcase classname="backend.tests.test_iteration196_multi_state_emotion.TestMultiMoodSubmission" name="test_multi_mood_geometry_stack" time="0.077" /><testcase classname="backend.tests.test_iteration196_multi_state_emotion.TestFrequencyMappings" name="test_mood_frequency_mapping[inspired-963]" time="0.098" /><testcase classname="backend.tests.test_iteration196_multi_state_emotion.TestFrequencyMappings" name="test_mood_frequency_mapping[peaceful-432]" time="0.076" /><testcase classname="backend.tests.test_iteration196_multi_state_emotion.TestFrequencyMappings" name="test_mood_frequency_mapping[stressed-396]" time="0.097" /><testcase classname="backend.tests.test_iteration196_multi_state_emotion.TestFrequencyMappings" name="test_mood_frequency_mapping[happy-528]" time="0.109" /><testcase classname="backend.tests.test_iteration196_multi_state_emotion.TestFrequencyMappings" name="test_mood_frequency_mapping[curious-852]" time="0.074" /><testcase classname="backend.tests.test_iteration196_multi_state_emotion.TestFrequencyMappings" name="test_mood_frequency_mapping[tired-174]" time="0.100" /><testcase classname="backend.tests.test_iteration196_multi_state_emotion.TestFrequencyMappings" name="test_mood_frequency_mapping[anxious-417]" time="0.094" /><testcase classname="backend.tests.test_iteration196_multi_state_emotion.TestGeometryMappings" name="test_geometry_for_963hz" time="0.086" /><testcase classname="backend.tests.test_iteration196_multi_state_emotion.TestGeometryMappings" name="test_geometry_for_432hz" time="0.067" /><testcase classname="backend.tests.test_iteration196_multi_state_emotion.TestGeometryMappings" name="test_geometry_for_396hz" time="0.121" /><testcase classname="backend.tests.test_iteration196_multi_state_emotion.TestRegressionEndpoints" name="test_get_moods_history" time="0.107" /><testcase classname="backend.tests.test_iteration196_multi_state_emotion.TestRegressionEndpoints" name="test_get_mood_insights" time="2.211" /><testcase classname="backend.tests.test_iteration196_multi_state_emotion.TestRegressionEndpoints" name="test_get_power_spots" time="0.088" /><testcase classname="backend.tests.test_iteration196_multi_state_emotion.TestRegressionEndpoints" name="test_get_leaderboard" time="0.115" /></testsuite></testsuites>