<?xml version="1.0" encoding="utf-8"?><testsuites name="pytest tests"><testsuite name="pytest" errors="0" failures="0" skipped="0" tests="26" time="2.838" timestamp="2026-03-25T20:23:04.088950+00:00" hostname="agent-env-8aaa18cb-eab8-48f7-a800-0b7fca0b348d"><testcase classname="backend.tests.test_daily_wisdom_thoth.TestDailyWisdom" name="test_daily_wisdom_returns_200" time="0.271" /><testcase classname="backend.tests.test_daily_wisdom_thoth.TestDailyWisdom" name="test_daily_wisdom_has_required_fields" time="0.085" /><testcase classname="backend.tests.test_daily_wisdom_thoth.TestDailyWisdom" name="test_daily_wisdom_teacher_id_valid" time="0.156" /><testcase classname="backend.tests.test_daily_wisdom_thoth.TestDailyWisdom" name="test_daily_wisdom_deterministic_per_day" time="0.194" /><testcase classname="backend.tests.test_daily_wisdom_thoth.TestThothTeacher" name="test_teachers_count_is_11" time="0.098" /><testcase classname="backend.tests.test_daily_wisdom_thoth.TestThothTeacher" name="test_thoth_in_teachers_list" time="0.087" /><testcase classname="backend.tests.test_daily_wisdom_thoth.TestThothTeacher" name="test_thoth_teacher_detail_returns_200" time="0.108" /><testcase classname="backend.tests.test_daily_wisdom_thoth.TestThothTeacher" name="test_thoth_has_correct_name" time="0.079" /><testcase classname="backend.tests.test_daily_wisdom_thoth.TestThothTeacher" name="test_thoth_has_correct_tradition" time="0.089" /><testcase classname="backend.tests.test_daily_wisdom_thoth.TestThothTeacher" name="test_thoth_has_5_teachings" time="0.093" /><testcase classname="backend.tests.test_daily_wisdom_thoth.TestThothTeacher" name="test_thoth_teachings_titles" time="0.120" /><testcase classname="backend.tests.test_daily_wisdom_thoth.TestThothTeacher" name="test_thoth_has_8_quotes" time="0.075" /><testcase classname="backend.tests.test_daily_wisdom_thoth.TestThothTeacher" name="test_thoth_has_correct_themes" time="0.100" /><testcase classname="backend.tests.test_daily_wisdom_thoth.TestThothTeacher" name="test_thoth_core_principle" time="0.082" /><testcase classname="backend.tests.test_daily_wisdom_thoth.TestNewThemes" name="test_themes_count_is_11" time="0.084" /><testcase classname="backend.tests.test_daily_wisdom_thoth.TestNewThemes" name="test_mysticism_theme_exists" time="0.101" /><testcase classname="backend.tests.test_daily_wisdom_thoth.TestNewThemes" name="test_alchemy_theme_exists" time="0.106" /><testcase classname="backend.tests.test_daily_wisdom_thoth.TestNewThemes" name="test_mysticism_theme_includes_thoth" time="0.080" /><testcase classname="backend.tests.test_daily_wisdom_thoth.TestNewThemes" name="test_alchemy_theme_includes_thoth" time="0.088" /><testcase classname="backend.tests.test_daily_wisdom_thoth.TestNewThemes" name="test_mysticism_theme_endpoint" time="0.091" /><testcase classname="backend.tests.test_daily_wisdom_thoth.TestNewThemes" name="test_alchemy_theme_endpoint" time="0.109" /><testcase classname="backend.tests.test_daily_wisdom_thoth.TestNewThemes" name="test_thoth_in_consciousness_theme" time="0.080" /><testcase classname="backend.tests.test_daily_wisdom_thoth.TestNewThemes" name="test_thoth_in_nature_theme" time="0.100" /><testcase classname="backend.tests.test_daily_wisdom_thoth.TestThothTeachingContent" name="test_emerald_tablet_content" time="0.091" /><testcase classname="backend.tests.test_daily_wisdom_thoth.TestThothTeachingContent" name="test_seven_principles_content" time="0.104" /><testcase classname="backend.tests.test_daily_wisdom_thoth.TestThothTeachingContent" name="test_alchemy_teaching_content" time="0.093" /></testsuite></testsuites>