<?xml version="1.0" encoding="utf-8"?><testsuites name="pytest tests"><testsuite name="pytest" errors="0" failures="0" skipped="1" tests="12" time="4.478" timestamp="2026-03-31T04:48:59.238497+00:00" hostname="agent-env-8aaa18cb-eab8-48f7-a800-0b7fca0b348d"><testcase classname="backend.tests.test_trade_circle_marketplace.TestTradeCircleMarketplace" name="test_01_login_returns_token" time="0.353" /><testcase classname="backend.tests.test_trade_circle_marketplace.TestTradeCircleMarketplace" name="test_02_categories_returns_wellness_categories" time="0.075" /><testcase classname="backend.tests.test_trade_circle_marketplace.TestTradeCircleMarketplace" name="test_03_get_listings_with_auth" time="0.411" /><testcase classname="backend.tests.test_trade_circle_marketplace.TestTradeCircleMarketplace" name="test_04_create_listing_with_auth" time="0.393" /><testcase classname="backend.tests.test_trade_circle_marketplace.TestTradeCircleMarketplace" name="test_05_get_trade_stats_with_auth" time="0.367" /><testcase classname="backend.tests.test_trade_circle_marketplace.TestTradeCircleMarketplace" name="test_06_get_trust_score_with_auth" time="0.372" /><testcase classname="backend.tests.test_trade_circle_marketplace.TestTradeCircleMarketplace" name="test_07_get_karma_leaderboard" time="0.378" /><testcase classname="backend.tests.test_trade_circle_marketplace.TestTradeCircleMarketplace" name="test_08_create_offer_on_listing" time="0.452" /><testcase classname="backend.tests.test_trade_circle_marketplace.TestTradeCircleMarketplace" name="test_09_get_my_offers" time="0.332" /><testcase classname="backend.tests.test_trade_circle_marketplace.TestTradeCircleMarketplace" name="test_10_respond_to_offer" time="0.379"><skipped type="pytest.skip" message="No pending offers available">/app/backend/tests/test_trade_circle_marketplace.py:292: No pending offers available</skipped></testcase><testcase classname="backend.tests.test_trade_circle_marketplace.TestTradeCircleMarketplace" name="test_11_cosmic_handshake_endpoint" time="0.461" /><testcase classname="backend.tests.test_trade_circle_marketplace.TestTradeCircleMarketplace" name="test_99_cleanup_test_listings" time="0.449" /></testsuite></testsuites>