<?xml version="1.0" encoding="utf-8"?><testsuites name="pytest tests"><testsuite name="pytest" errors="0" failures="0" skipped="0" tests="12" time="2.319" timestamp="2026-03-29T01:56:09.010131+00:00" hostname="agent-env-8aaa18cb-eab8-48f7-a800-0b7fca0b348d"><testcase classname="backend.tests.test_iteration79_mood_ring_starchart.TestHealthEndpoint" name="test_health_returns_ok" time="0.150" /><testcase classname="backend.tests.test_iteration79_mood_ring_starchart.TestAuthentication" name="test_login_success" time="0.311" /><testcase classname="backend.tests.test_iteration79_mood_ring_starchart.TestAuthentication" name="test_login_invalid_credentials" time="0.187" /><testcase classname="backend.tests.test_iteration79_mood_ring_starchart.TestMoodRingAPI" name="test_mood_ring_without_auth_returns_401" time="0.080" /><testcase classname="backend.tests.test_iteration79_mood_ring_starchart.TestMoodRingAPI" name="test_mood_ring_with_auth_returns_data" time="0.383" /><testcase classname="backend.tests.test_iteration79_mood_ring_starchart.TestDashboardAPI" name="test_dashboard_without_auth_returns_401" time="0.080" /><testcase classname="backend.tests.test_iteration79_mood_ring_starchart.TestDashboardAPI" name="test_dashboard_with_auth_returns_data" time="0.401" /><testcase classname="backend.tests.test_iteration79_mood_ring_starchart.TestStarChartAPI" name="test_star_chart_constellations" time="0.370" /><testcase classname="backend.tests.test_iteration79_mood_ring_starchart.TestStarChartAPI" name="test_star_chart_cultures" time="0.072" /><testcase classname="backend.tests.test_iteration79_mood_ring_starchart.TestQuickResetAPI" name="test_quick_reset_happy" time="0.081" /><testcase classname="backend.tests.test_iteration79_mood_ring_starchart.TestQuickResetAPI" name="test_quick_reset_stressed" time="0.065" /><testcase classname="backend.tests.test_iteration79_mood_ring_starchart.TestWaitlistAPI" name="test_waitlist_count" time="0.086" /></testsuite></testsuites>