<?xml version="1.0" encoding="utf-8"?><testsuites name="pytest tests"><testsuite name="pytest" errors="0" failures="0" skipped="0" tests="13" time="3.472" timestamp="2026-04-11T04:24:59.144045+00:00" hostname="agent-env-62cb525e-fdd8-461b-ba21-e4e416215f38"><testcase classname="backend.tests.test_v29_autonomous_treasury.TestTreasuryPublicEndpoints" name="test_treasury_status_returns_public_telemetry" time="0.231" /><testcase classname="backend.tests.test_v29_autonomous_treasury.TestTreasuryPublicEndpoints" name="test_treasury_haptic_status_returns_tier4_and_milestones" time="0.194" /><testcase classname="backend.tests.test_v29_autonomous_treasury.TestTreasuryPublicEndpoints" name="test_treasury_cashflow_returns_waveform_data" time="0.080" /><testcase classname="backend.tests.test_v29_autonomous_treasury.TestTreasuryAuthenticatedEndpoints" name="test_treasury_audit_returns_403_for_non_master" time="0.400" /><testcase classname="backend.tests.test_v29_autonomous_treasury.TestTreasuryAuthenticatedEndpoints" name="test_treasury_audit_stream_returns_403_for_non_master" time="0.376" /><testcase classname="backend.tests.test_v29_autonomous_treasury.TestTreasuryAuthenticatedEndpoints" name="test_treasury_voice_command_returns_403_for_non_master" time="0.442" /><testcase classname="backend.tests.test_v29_autonomous_treasury.TestTreasuryAuthenticatedEndpoints" name="test_treasury_pending_returns_403_for_non_master" time="0.435" /><testcase classname="backend.tests.test_v29_autonomous_treasury.TestTreasuryAuthenticatedEndpoints" name="test_treasury_emergency_stop_returns_403_for_non_master" time="0.401" /><testcase classname="backend.tests.test_v29_autonomous_treasury.TestTreasuryAuthenticatedEndpoints" name="test_treasury_resume_returns_403_for_non_master" time="0.379" /><testcase classname="backend.tests.test_v29_autonomous_treasury.TestTreasuryFourTierStructure" name="test_haptic_status_tier4_formula" time="0.081" /><testcase classname="backend.tests.test_v29_autonomous_treasury.TestTreasuryFourTierStructure" name="test_haptic_threshold_is_1000" time="0.116" /><testcase classname="backend.tests.test_v29_autonomous_treasury.TestTreasuryRevenueEndpoint" name="test_treasury_revenue_requires_amount_and_source" time="0.168" /><testcase classname="backend.tests.test_v29_autonomous_treasury.TestTreasuryRevenueEndpoint" name="test_treasury_revenue_rejects_negative_amount" time="0.089" /></testsuite></testsuites>