<?xml version="1.0" encoding="utf-8"?><testsuites name="pytest tests"><testsuite name="pytest" errors="0" failures="0" skipped="0" tests="10" time="4.252" timestamp="2026-04-03T09:29:17.414814+00:00" hostname="agent-env-8aaa18cb-eab8-48f7-a800-0b7fca0b348d"><testcase classname="backend.tests.test_iteration238_sentient_streamline.TestSovereignMasteryBackend" name="test_mastery_status_returns_multipliers" time="0.578" /><testcase classname="backend.tests.test_iteration238_sentient_streamline.TestSovereignMasteryBackend" name="test_mastery_status_returns_all_tiers" time="0.397" /><testcase classname="backend.tests.test_iteration238_sentient_streamline.TestSovereignMasteryBackend" name="test_record_core_orientation" time="0.406" /><testcase classname="backend.tests.test_iteration238_sentient_streamline.TestSovereignMasteryBackend" name="test_record_mixer_collision" time="0.483" /><testcase classname="backend.tests.test_iteration238_sentient_streamline.TestSovereignMasteryBackend" name="test_record_invalid_action" time="0.484" /><testcase classname="backend.tests.test_iteration238_sentient_streamline.TestSovereignMasteryBackend" name="test_mastery_status_returns_avenues" time="0.340" /><testcase classname="backend.tests.test_iteration238_sentient_streamline.TestSovereignMasteryBackend" name="test_mastery_status_returns_certificates" time="0.377" /><testcase classname="backend.tests.test_iteration238_sentient_streamline.TestSovereignMasteryBackend" name="test_mastery_status_returns_next_requirement" time="0.340" /><testcase classname="backend.tests.test_iteration238_sentient_streamline.TestSovereignMasteryAvenues" name="test_get_avenues" time="0.389" /><testcase classname="backend.tests.test_iteration238_sentient_streamline.TestSovereignMasteryAvenues" name="test_get_certificates" time="0.368" /></testsuite></testsuites>