<?xml version="1.0" encoding="utf-8"?><testsuites name="pytest tests"><testsuite name="pytest" errors="0" failures="0" skipped="0" tests="12" time="3.832" timestamp="2026-05-06T20:52:24.544961+00:00" hostname="agent-env-62cb525e-fdd8-461b-ba21-e4e416215f38"><testcase classname="tests.test_iteration_v1_1_1_tesseract_vault.TestTesseractVaultCatalogue" name="test_catalogue_returns_8_relics" time="0.132" /><testcase classname="tests.test_iteration_v1_1_1_tesseract_vault.TestTesseractVaultState" name="test_state_requires_auth" time="0.082" /><testcase classname="tests.test_iteration_v1_1_1_tesseract_vault.TestTesseractVaultState" name="test_state_returns_full_payload" time="0.438" /><testcase classname="tests.test_iteration_v1_1_1_tesseract_vault.TestTesseractVaultClaim" name="test_claim_free_tier_relic" time="0.228" /><testcase classname="tests.test_iteration_v1_1_1_tesseract_vault.TestTesseractVaultClaim" name="test_claim_tier_locked_relic" time="0.196" /><testcase classname="tests.test_iteration_v1_1_1_tesseract_vault.TestTesseractVaultClaim" name="test_claim_idempotent" time="0.206" /><testcase classname="tests.test_iteration_v1_1_1_tesseract_vault.TestTesseractVaultClaim" name="test_vault_full_error" time="0.651" /><testcase classname="tests.test_iteration_v1_1_1_tesseract_vault.TestTesseractVaultRelease" name="test_release_owned_relic" time="0.386" /><testcase classname="tests.test_iteration_v1_1_1_tesseract_vault.TestTesseractVaultRelease" name="test_release_not_owned_relic" time="0.191" /><testcase classname="tests.test_iteration_v1_1_1_tesseract_vault.TestMeshTextureRegression" name="test_mesh_texture_geology_cache" time="0.481" /><testcase classname="tests.test_iteration_v1_1_1_tesseract_vault.TestVolunteerRegression" name="test_volunteer_check_410" time="0.118" /><testcase classname="tests.test_iteration_v1_1_1_tesseract_vault.TestCleanup" name="test_cleanup_claims" time="0.630" /></testsuite></testsuites>